[  0%] Built target _CentralNode_generate_messages_check_deps_ScrewList
[  0%] Built target std_msgs_generate_messages_py
[  0%] Built target _CentralNode_generate_messages_check_deps_node_response
[  0%] Built target _CentralNode_generate_messages_check_deps_Schedular
[  0%] Built target std_msgs_generate_messages_cpp
[  0%] Built target std_msgs_generate_messages_eus
[  0%] Built target std_msgs_generate_messages_lisp
[  0%] Built target std_msgs_generate_messages_nodejs
[  5%] [34m[1mGenerating Python from MSG CentralNode/node_response[0m
[ 11%] [34m[1mGenerating Python code from SRV CentralNode/Schedular[0m
[ 16%] [34m[1mGenerating Python code from SRV CentralNode/ScrewList[0m
[ 22%] [34m[1mGenerating Python msg __init__.py for CentralNode[0m
[ 27%] [34m[1mGenerating Python srv __init__.py for CentralNode[0m
[ 27%] Built target CentralNode_generate_messages_py
[ 33%] [34m[1mGenerating C++ code from CentralNode/node_response.msg[0m
[ 38%] [34m[1mGenerating EusLisp code from CentralNode/node_response.msg[0m
[ 44%] [34m[1mGenerating C++ code from CentralNode/Schedular.srv[0m
[ 50%] [34m[1mGenerating EusLisp code from CentralNode/Schedular.srv[0m
[ 55%] [34m[1mGenerating EusLisp code from CentralNode/ScrewList.srv[0m
[ 61%] [34m[1mGenerating C++ code from CentralNode/ScrewList.srv[0m
[ 66%] [34m[1mGenerating EusLisp manifest code for CentralNode[0m
WARNING: Package name "CentralNode" does not follow the naming conventions. It should start with a lower case letter and only contain lower case letters, digits, underscores, and dashes.
WARNING: Package name "CentralNode" does not follow the naming conventions. It should start with a lower case letter and only contain lower case letters, digits, underscores, and dashes.
WARNING: Package name "HardwareLevel" does not follow the naming conventions. It should start with a lower case letter and only contain lower case letters, digits, underscores, and dashes.
WARNING: Package name "checkMotors" does not follow the naming conventions. It should start with a lower case letter and only contain lower case letters, digits, underscores, and dashes.
[ 66%] Built target CentralNode_generate_messages_cpp
WARNING: Package name "CentralNode" does not follow the naming conventions. It should start with a lower case letter and only contain lower case letters, digits, underscores, and dashes.
WARNING: Package name "CentralNode" does not follow the naming conventions. It should start with a lower case letter and only contain lower case letters, digits, underscores, and dashes.
WARNING: Package name "HardwareLevel" does not follow the naming conventions. It should start with a lower case letter and only contain lower case letters, digits, underscores, and dashes.
WARNING: Package name "checkMotors" does not follow the naming conventions. It should start with a lower case letter and only contain lower case letters, digits, underscores, and dashes.
WARNING: Package name "CentralNode" does not follow the naming conventions. It should start with a lower case letter and only contain lower case letters, digits, underscores, and dashes.
[ 66%] Built target CentralNode_generate_messages_eus
[ 72%] [34m[1mGenerating Lisp code from CentralNode/node_response.msg[0m
[ 77%] [34m[1mGenerating Lisp code from CentralNode/Schedular.srv[0m
[ 83%] [34m[1mGenerating Lisp code from CentralNode/ScrewList.srv[0m
[ 83%] Built target CentralNode_generate_messages_lisp
[ 88%] [34m[1mGenerating Javascript code from CentralNode/node_response.msg[0m
[ 94%] [34m[1mGenerating Javascript code from CentralNode/Schedular.srv[0m
[100%] [34m[1mGenerating Javascript code from CentralNode/ScrewList.srv[0m
[100%] Built target CentralNode_generate_messages_nodejs
[100%] Built target CentralNode_generate_messages
