[  0%] Built target _CentralNode_generate_messages_check_deps_Schedular
[  0%] Built target std_msgs_generate_messages_py
[  0%] Built target _CentralNode_generate_messages_check_deps_node_response
[  0%] Built target std_msgs_generate_messages_cpp
[  0%] Built target std_msgs_generate_messages_eus
[  0%] Built target std_msgs_generate_messages_lisp
[  0%] Built target std_msgs_generate_messages_nodejs
[  7%] [34m[1mGenerating Python from MSG CentralNode/node_response[0m
[ 15%] [34m[1mGenerating Python code from SRV CentralNode/Schedular[0m
[ 23%] [34m[1mGenerating Python msg __init__.py for CentralNode[0m
[ 30%] [34m[1mGenerating Python srv __init__.py for CentralNode[0m
[ 30%] Built target CentralNode_generate_messages_py
[ 38%] [34m[1mGenerating C++ code from CentralNode/node_response.msg[0m
[ 46%] [34m[1mGenerating EusLisp code from CentralNode/node_response.msg[0m
[ 53%] [34m[1mGenerating C++ code from CentralNode/Schedular.srv[0m
[ 61%] [34m[1mGenerating EusLisp code from CentralNode/Schedular.srv[0m
[ 69%] [34m[1mGenerating EusLisp manifest code for CentralNode[0m
[ 69%] Built target CentralNode_generate_messages_cpp
WARNING: Package name "CentralNode" does not follow the naming conventions. It should start with a lower case letter and only contain lower case letters, digits, underscores, and dashes.
WARNING: Package name "CentralNode" does not follow the naming conventions. It should start with a lower case letter and only contain lower case letters, digits, underscores, and dashes.
WARNING: Package name "checkMotors" does not follow the naming conventions. It should start with a lower case letter and only contain lower case letters, digits, underscores, and dashes.
[ 76%] [34m[1mGenerating Lisp code from CentralNode/node_response.msg[0m
[ 84%] [34m[1mGenerating Lisp code from CentralNode/Schedular.srv[0m
[ 84%] Built target CentralNode_generate_messages_lisp
[ 92%] [34m[1mGenerating Javascript code from CentralNode/node_response.msg[0m
[100%] [34m[1mGenerating Javascript code from CentralNode/Schedular.srv[0m
[100%] Built target CentralNode_generate_messages_nodejs
WARNING: Package name "CentralNode" does not follow the naming conventions. It should start with a lower case letter and only contain lower case letters, digits, underscores, and dashes.
WARNING: Package name "CentralNode" does not follow the naming conventions. It should start with a lower case letter and only contain lower case letters, digits, underscores, and dashes.
WARNING: Package name "checkMotors" does not follow the naming conventions. It should start with a lower case letter and only contain lower case letters, digits, underscores, and dashes.
WARNING: Package name "CentralNode" does not follow the naming conventions. It should start with a lower case letter and only contain lower case letters, digits, underscores, and dashes.
[100%] Built target CentralNode_generate_messages_eus
[100%] Built target CentralNode_generate_messages
