Symlinking /home/omar/Desktop/GP/EwasteNonDestructiveDisassembly/devel/share/roseus/ros/CentralNode/manifest.l
Symlinking /home/omar/Desktop/GP/EwasteNonDestructiveDisassembly/devel/share/roseus/ros/CentralNode/srv/Schedular.l
Symlinking /home/omar/Desktop/GP/EwasteNonDestructiveDisassembly/devel/share/roseus/ros/CentralNode/srv/ScrewList.l
Symlinking /home/omar/Desktop/GP/EwasteNonDestructiveDisassembly/devel/share/roseus/ros/CentralNode/msg/node_response.l
Symlinking /home/omar/Desktop/GP/EwasteNonDestructiveDisassembly/devel/share/common-lisp/ros/CentralNode/srv/_package.lisp
Symlinking /home/omar/Desktop/GP/EwasteNonDestructiveDisassembly/devel/share/common-lisp/ros/CentralNode/srv/_package_ScrewList.lisp
Symlinking /home/omar/Desktop/GP/EwasteNonDestructiveDisassembly/devel/share/common-lisp/ros/CentralNode/srv/Schedular.lisp
Symlinking /home/omar/Desktop/GP/EwasteNonDestructiveDisassembly/devel/share/common-lisp/ros/CentralNode/srv/_package_Schedular.lisp
Symlinking /home/omar/Desktop/GP/EwasteNonDestructiveDisassembly/devel/share/common-lisp/ros/CentralNode/srv/CentralNode-srv.asd
Symlinking /home/omar/Desktop/GP/EwasteNonDestructiveDisassembly/devel/share/common-lisp/ros/CentralNode/srv/ScrewList.lisp
Symlinking /home/omar/Desktop/GP/EwasteNonDestructiveDisassembly/devel/share/common-lisp/ros/CentralNode/msg/_package.lisp
Symlinking /home/omar/Desktop/GP/EwasteNonDestructiveDisassembly/devel/share/common-lisp/ros/CentralNode/msg/_package_node_response.lisp
Symlinking /home/omar/Desktop/GP/EwasteNonDestructiveDisassembly/devel/share/common-lisp/ros/CentralNode/msg/node_response.lisp
Symlinking /home/omar/Desktop/GP/EwasteNonDestructiveDisassembly/devel/share/common-lisp/ros/CentralNode/msg/CentralNode-msg.asd
Symlinking /home/omar/Desktop/GP/EwasteNonDestructiveDisassembly/devel/share/CentralNode/cmake/CentralNode-msg-paths.cmake
Symlinking /home/omar/Desktop/GP/EwasteNonDestructiveDisassembly/devel/share/CentralNode/cmake/CentralNodeConfig-version.cmake
Symlinking /home/omar/Desktop/GP/EwasteNonDestructiveDisassembly/devel/share/CentralNode/cmake/CentralNode-msg-extras.cmake
Symlinking /home/omar/Desktop/GP/EwasteNonDestructiveDisassembly/devel/share/CentralNode/cmake/CentralNodeConfig.cmake
Symlinking /home/omar/Desktop/GP/EwasteNonDestructiveDisassembly/devel/share/gennodejs/ros/CentralNode/_index.js
Symlinking /home/omar/Desktop/GP/EwasteNonDestructiveDisassembly/devel/share/gennodejs/ros/CentralNode/srv/_index.js
Symlinking /home/omar/Desktop/GP/EwasteNonDestructiveDisassembly/devel/share/gennodejs/ros/CentralNode/srv/ScrewList.js
Symlinking /home/omar/Desktop/GP/EwasteNonDestructiveDisassembly/devel/share/gennodejs/ros/CentralNode/srv/Schedular.js
Symlinking /home/omar/Desktop/GP/EwasteNonDestructiveDisassembly/devel/share/gennodejs/ros/CentralNode/msg/_index.js
Symlinking /home/omar/Desktop/GP/EwasteNonDestructiveDisassembly/devel/share/gennodejs/ros/CentralNode/msg/node_response.js
Symlinking /home/omar/Desktop/GP/EwasteNonDestructiveDisassembly/devel/include/CentralNode/ScrewList.h
Symlinking /home/omar/Desktop/GP/EwasteNonDestructiveDisassembly/devel/include/CentralNode/SchedularRequest.h
Symlinking /home/omar/Desktop/GP/EwasteNonDestructiveDisassembly/devel/include/CentralNode/ScrewListRequest.h
Symlinking /home/omar/Desktop/GP/EwasteNonDestructiveDisassembly/devel/include/CentralNode/Schedular.h
Symlinking /home/omar/Desktop/GP/EwasteNonDestructiveDisassembly/devel/include/CentralNode/node_response.h
Symlinking /home/omar/Desktop/GP/EwasteNonDestructiveDisassembly/devel/include/CentralNode/SchedularResponse.h
Symlinking /home/omar/Desktop/GP/EwasteNonDestructiveDisassembly/devel/include/CentralNode/ScrewListResponse.h
Symlinking /home/omar/Desktop/GP/EwasteNonDestructiveDisassembly/devel/lib/pkgconfig/CentralNode.pc
Symlinking /home/omar/Desktop/GP/EwasteNonDestructiveDisassembly/devel/lib/python3/dist-packages/CentralNode/__init__.py
Symlinking /home/omar/Desktop/GP/EwasteNonDestructiveDisassembly/devel/lib/python3/dist-packages/CentralNode/srv/_ScrewList.py
Symlinking /home/omar/Desktop/GP/EwasteNonDestructiveDisassembly/devel/lib/python3/dist-packages/CentralNode/srv/_Schedular.py
Symlinking /home/omar/Desktop/GP/EwasteNonDestructiveDisassembly/devel/lib/python3/dist-packages/CentralNode/srv/__init__.py
Symlinking /home/omar/Desktop/GP/EwasteNonDestructiveDisassembly/devel/lib/python3/dist-packages/CentralNode/msg/_node_response.py
Symlinking /home/omar/Desktop/GP/EwasteNonDestructiveDisassembly/devel/lib/python3/dist-packages/CentralNode/msg/__init__.py
