Linked: (/home/omar/Desktop/GP/EwasteNonDestructiveDisassembly/devel/.private/CentralNode/share/roseus/ros/CentralNode/manifest.l, /home/omar/Desktop/GP/EwasteNonDestructiveDisassembly/devel/share/roseus/ros/CentralNode/manifest.l)
Linked: (/home/omar/Desktop/GP/EwasteNonDestructiveDisassembly/devel/.private/CentralNode/share/roseus/ros/CentralNode/srv/Schedular.l, /home/omar/Desktop/GP/EwasteNonDestructiveDisassembly/devel/share/roseus/ros/CentralNode/srv/Schedular.l)
Linked: (/home/omar/Desktop/GP/EwasteNonDestructiveDisassembly/devel/.private/CentralNode/share/roseus/ros/CentralNode/msg/node_response.l, /home/omar/Desktop/GP/EwasteNonDestructiveDisassembly/devel/share/roseus/ros/CentralNode/msg/node_response.l)
Linked: (/home/omar/Desktop/GP/EwasteNonDestructiveDisassembly/devel/.private/CentralNode/share/common-lisp/ros/CentralNode/srv/_package.lisp, /home/omar/Desktop/GP/EwasteNonDestructiveDisassembly/devel/share/common-lisp/ros/CentralNode/srv/_package.lisp)
Linked: (/home/omar/Desktop/GP/EwasteNonDestructiveDisassembly/devel/.private/CentralNode/share/common-lisp/ros/CentralNode/srv/Schedular.lisp, /home/omar/Desktop/GP/EwasteNonDestructiveDisassembly/devel/share/common-lisp/ros/CentralNode/srv/Schedular.lisp)
Linked: (/home/omar/Desktop/GP/EwasteNonDestructiveDisassembly/devel/.private/CentralNode/share/common-lisp/ros/CentralNode/srv/_package_Schedular.lisp, /home/omar/Desktop/GP/EwasteNonDestructiveDisassembly/devel/share/common-lisp/ros/CentralNode/srv/_package_Schedular.lisp)
Linked: (/home/omar/Desktop/GP/EwasteNonDestructiveDisassembly/devel/.private/CentralNode/share/common-lisp/ros/CentralNode/srv/CentralNode-srv.asd, /home/omar/Desktop/GP/EwasteNonDestructiveDisassembly/devel/share/common-lisp/ros/CentralNode/srv/CentralNode-srv.asd)
Linked: (/home/omar/Desktop/GP/EwasteNonDestructiveDisassembly/devel/.private/CentralNode/share/common-lisp/ros/CentralNode/msg/_package.lisp, /home/omar/Desktop/GP/EwasteNonDestructiveDisassembly/devel/share/common-lisp/ros/CentralNode/msg/_package.lisp)
Linked: (/home/omar/Desktop/GP/EwasteNonDestructiveDisassembly/devel/.private/CentralNode/share/common-lisp/ros/CentralNode/msg/_package_node_response.lisp, /home/omar/Desktop/GP/EwasteNonDestructiveDisassembly/devel/share/common-lisp/ros/CentralNode/msg/_package_node_response.lisp)
Linked: (/home/omar/Desktop/GP/EwasteNonDestructiveDisassembly/devel/.private/CentralNode/share/common-lisp/ros/CentralNode/msg/node_response.lisp, /home/omar/Desktop/GP/EwasteNonDestructiveDisassembly/devel/share/common-lisp/ros/CentralNode/msg/node_response.lisp)
Linked: (/home/omar/Desktop/GP/EwasteNonDestructiveDisassembly/devel/.private/CentralNode/share/common-lisp/ros/CentralNode/msg/CentralNode-msg.asd, /home/omar/Desktop/GP/EwasteNonDestructiveDisassembly/devel/share/common-lisp/ros/CentralNode/msg/CentralNode-msg.asd)
Linked: (/home/omar/Desktop/GP/EwasteNonDestructiveDisassembly/devel/.private/CentralNode/share/CentralNode/cmake/CentralNode-msg-paths.cmake, /home/omar/Desktop/GP/EwasteNonDestructiveDisassembly/devel/share/CentralNode/cmake/CentralNode-msg-paths.cmake)
Linked: (/home/omar/Desktop/GP/EwasteNonDestructiveDisassembly/devel/.private/CentralNode/share/CentralNode/cmake/CentralNodeConfig-version.cmake, /home/omar/Desktop/GP/EwasteNonDestructiveDisassembly/devel/share/CentralNode/cmake/CentralNodeConfig-version.cmake)
Linked: (/home/omar/Desktop/GP/EwasteNonDestructiveDisassembly/devel/.private/CentralNode/share/CentralNode/cmake/CentralNode-msg-extras.cmake, /home/omar/Desktop/GP/EwasteNonDestructiveDisassembly/devel/share/CentralNode/cmake/CentralNode-msg-extras.cmake)
Linked: (/home/omar/Desktop/GP/EwasteNonDestructiveDisassembly/devel/.private/CentralNode/share/CentralNode/cmake/CentralNodeConfig.cmake, /home/omar/Desktop/GP/EwasteNonDestructiveDisassembly/devel/share/CentralNode/cmake/CentralNodeConfig.cmake)
Linked: (/home/omar/Desktop/GP/EwasteNonDestructiveDisassembly/devel/.private/CentralNode/share/gennodejs/ros/CentralNode/_index.js, /home/omar/Desktop/GP/EwasteNonDestructiveDisassembly/devel/share/gennodejs/ros/CentralNode/_index.js)
Linked: (/home/omar/Desktop/GP/EwasteNonDestructiveDisassembly/devel/.private/CentralNode/share/gennodejs/ros/CentralNode/srv/_index.js, /home/omar/Desktop/GP/EwasteNonDestructiveDisassembly/devel/share/gennodejs/ros/CentralNode/srv/_index.js)
Linked: (/home/omar/Desktop/GP/EwasteNonDestructiveDisassembly/devel/.private/CentralNode/share/gennodejs/ros/CentralNode/srv/Schedular.js, /home/omar/Desktop/GP/EwasteNonDestructiveDisassembly/devel/share/gennodejs/ros/CentralNode/srv/Schedular.js)
Linked: (/home/omar/Desktop/GP/EwasteNonDestructiveDisassembly/devel/.private/CentralNode/share/gennodejs/ros/CentralNode/msg/_index.js, /home/omar/Desktop/GP/EwasteNonDestructiveDisassembly/devel/share/gennodejs/ros/CentralNode/msg/_index.js)
Linked: (/home/omar/Desktop/GP/EwasteNonDestructiveDisassembly/devel/.private/CentralNode/share/gennodejs/ros/CentralNode/msg/node_response.js, /home/omar/Desktop/GP/EwasteNonDestructiveDisassembly/devel/share/gennodejs/ros/CentralNode/msg/node_response.js)
Linked: (/home/omar/Desktop/GP/EwasteNonDestructiveDisassembly/devel/.private/CentralNode/include/CentralNode/SchedularRequest.h, /home/omar/Desktop/GP/EwasteNonDestructiveDisassembly/devel/include/CentralNode/SchedularRequest.h)
Linked: (/home/omar/Desktop/GP/EwasteNonDestructiveDisassembly/devel/.private/CentralNode/include/CentralNode/Schedular.h, /home/omar/Desktop/GP/EwasteNonDestructiveDisassembly/devel/include/CentralNode/Schedular.h)
Linked: (/home/omar/Desktop/GP/EwasteNonDestructiveDisassembly/devel/.private/CentralNode/include/CentralNode/node_response.h, /home/omar/Desktop/GP/EwasteNonDestructiveDisassembly/devel/include/CentralNode/node_response.h)
Linked: (/home/omar/Desktop/GP/EwasteNonDestructiveDisassembly/devel/.private/CentralNode/include/CentralNode/SchedularResponse.h, /home/omar/Desktop/GP/EwasteNonDestructiveDisassembly/devel/include/CentralNode/SchedularResponse.h)
Linked: (/home/omar/Desktop/GP/EwasteNonDestructiveDisassembly/devel/.private/CentralNode/lib/pkgconfig/CentralNode.pc, /home/omar/Desktop/GP/EwasteNonDestructiveDisassembly/devel/lib/pkgconfig/CentralNode.pc)
Linked: (/home/omar/Desktop/GP/EwasteNonDestructiveDisassembly/devel/.private/CentralNode/lib/python3/dist-packages/CentralNode/__init__.py, /home/omar/Desktop/GP/EwasteNonDestructiveDisassembly/devel/lib/python3/dist-packages/CentralNode/__init__.py)
Linked: (/home/omar/Desktop/GP/EwasteNonDestructiveDisassembly/devel/.private/CentralNode/lib/python3/dist-packages/CentralNode/srv/_Schedular.py, /home/omar/Desktop/GP/EwasteNonDestructiveDisassembly/devel/lib/python3/dist-packages/CentralNode/srv/_Schedular.py)
Linked: (/home/omar/Desktop/GP/EwasteNonDestructiveDisassembly/devel/.private/CentralNode/lib/python3/dist-packages/CentralNode/srv/__init__.py, /home/omar/Desktop/GP/EwasteNonDestructiveDisassembly/devel/lib/python3/dist-packages/CentralNode/srv/__init__.py)
Linked: (/home/omar/Desktop/GP/EwasteNonDestructiveDisassembly/devel/.private/CentralNode/lib/python3/dist-packages/CentralNode/msg/_node_response.py, /home/omar/Desktop/GP/EwasteNonDestructiveDisassembly/devel/lib/python3/dist-packages/CentralNode/msg/_node_response.py)
Linked: (/home/omar/Desktop/GP/EwasteNonDestructiveDisassembly/devel/.private/CentralNode/lib/python3/dist-packages/CentralNode/msg/__init__.py, /home/omar/Desktop/GP/EwasteNonDestructiveDisassembly/devel/lib/python3/dist-packages/CentralNode/msg/__init__.py)
