[  0%] Built target abb_rapid_msgs_generate_messages_py
[  0%] Built target std_msgs_generate_messages_py
[  0%] Built target _abb_rapid_sm_addin_msgs_generate_messages_check_deps_SetSGCommand
[  0%] Built target _abb_rapid_sm_addin_msgs_generate_messages_check_deps_EGMActivateSettings
[  0%] Built target _abb_rapid_sm_addin_msgs_generate_messages_check_deps_EGMRunSettings
[  0%] Built target _abb_rapid_sm_addin_msgs_generate_messages_check_deps_EGMSettings
[  0%] Built target _abb_rapid_sm_addin_msgs_generate_messages_check_deps_EGMStopSettings
[  0%] Built target _abb_rapid_sm_addin_msgs_generate_messages_check_deps_EGMSetupSettings
[  0%] Built target _abb_rapid_sm_addin_msgs_generate_messages_check_deps_RuntimeState
[  0%] Built target _abb_rapid_sm_addin_msgs_generate_messages_check_deps_StateMachineState
[  0%] Built target _abb_rapid_sm_addin_msgs_generate_messages_check_deps_GetEGMSettings
[  0%] Built target _abb_rapid_sm_addin_msgs_generate_messages_check_deps_SetEGMSettings
[  0%] Built target abb_rapid_msgs_generate_messages_cpp
[  0%] Built target std_msgs_generate_messages_cpp
[  0%] Built target _abb_rapid_sm_addin_msgs_generate_messages_check_deps_SetRAPIDRoutine
[  0%] Built target abb_rapid_msgs_generate_messages_eus
[  0%] Built target std_msgs_generate_messages_eus
[  0%] Built target abb_rapid_msgs_generate_messages_lisp
[  0%] Built target std_msgs_generate_messages_nodejs
[  0%] Built target std_msgs_generate_messages_lisp
[  0%] Built target abb_rapid_msgs_generate_messages_nodejs
[ 18%] Built target abb_rapid_sm_addin_msgs_generate_messages_cpp
[ 39%] Built target abb_rapid_sm_addin_msgs_generate_messages_eus
[ 62%] Built target abb_rapid_sm_addin_msgs_generate_messages_py
[ 84%] Built target abb_rapid_sm_addin_msgs_generate_messages_lisp
[100%] Built target abb_rapid_sm_addin_msgs_generate_messages_nodejs
[100%] Built target abb_rapid_sm_addin_msgs_generate_messages
