[  0%] Built target _abb_rapid_sm_addin_msgs_generate_messages_check_deps_SetSGCommand
[  0%] Built target abb_rapid_msgs_generate_messages_py
[  0%] Built target std_msgs_generate_messages_py
[  0%] Built target _abb_rapid_sm_addin_msgs_generate_messages_check_deps_EGMActivateSettings
[  0%] Built target _abb_rapid_sm_addin_msgs_generate_messages_check_deps_EGMRunSettings
[  0%] Built target _abb_rapid_sm_addin_msgs_generate_messages_check_deps_EGMSettings
[  0%] Built target _abb_rapid_sm_addin_msgs_generate_messages_check_deps_EGMSetupSettings
[  0%] Built target _abb_rapid_sm_addin_msgs_generate_messages_check_deps_EGMStopSettings
[  0%] Built target _abb_rapid_sm_addin_msgs_generate_messages_check_deps_RuntimeState
[  0%] Built target _abb_rapid_sm_addin_msgs_generate_messages_check_deps_StateMachineState
[  0%] Built target _abb_rapid_sm_addin_msgs_generate_messages_check_deps_GetEGMSettings
[  0%] Built target _abb_rapid_sm_addin_msgs_generate_messages_check_deps_SetEGMSettings
[  0%] Built target abb_rapid_msgs_generate_messages_cpp
[  0%] Built target std_msgs_generate_messages_cpp
[  0%] Built target abb_rapid_msgs_generate_messages_eus
[  0%] Built target std_msgs_generate_messages_eus
[  0%] Built target _abb_rapid_sm_addin_msgs_generate_messages_check_deps_SetRAPIDRoutine
[  0%] Built target abb_rapid_msgs_generate_messages_lisp
[  0%] Built target abb_rapid_msgs_generate_messages_nodejs
[  0%] Built target std_msgs_generate_messages_nodejs
[  0%] Built target std_msgs_generate_messages_lisp
[  1%] [34m[1mGenerating C++ code from abb_rapid_sm_addin_msgs/EGMActivateSettings.msg[0m
[  3%] [34m[1mGenerating Python from MSG abb_rapid_sm_addin_msgs/EGMActivateSettings[0m
[  5%] [34m[1mGenerating C++ code from abb_rapid_sm_addin_msgs/EGMRunSettings.msg[0m
[  6%] [34m[1mGenerating Python from MSG abb_rapid_sm_addin_msgs/EGMRunSettings[0m
[  8%] [34m[1mGenerating C++ code from abb_rapid_sm_addin_msgs/EGMSettings.msg[0m
[ 10%] [34m[1mGenerating Python from MSG abb_rapid_sm_addin_msgs/EGMSettings[0m
[ 12%] [34m[1mGenerating C++ code from abb_rapid_sm_addin_msgs/EGMSetupSettings.msg[0m
[ 13%] [34m[1mGenerating Python from MSG abb_rapid_sm_addin_msgs/EGMSetupSettings[0m
[ 15%] [34m[1mGenerating Python from MSG abb_rapid_sm_addin_msgs/EGMStopSettings[0m
[ 17%] [34m[1mGenerating Python from MSG abb_rapid_sm_addin_msgs/RuntimeState[0m
[ 18%] [34m[1mGenerating C++ code from abb_rapid_sm_addin_msgs/EGMStopSettings.msg[0m
[ 20%] [34m[1mGenerating EusLisp code from abb_rapid_sm_addin_msgs/EGMActivateSettings.msg[0m
[ 22%] [34m[1mGenerating C++ code from abb_rapid_sm_addin_msgs/RuntimeState.msg[0m
[ 24%] [34m[1mGenerating Python from MSG abb_rapid_sm_addin_msgs/StateMachineState[0m
[ 25%] [34m[1mGenerating EusLisp code from abb_rapid_sm_addin_msgs/EGMRunSettings.msg[0m
[ 27%] [34m[1mGenerating C++ code from abb_rapid_sm_addin_msgs/StateMachineState.msg[0m
[ 29%] [34m[1mGenerating EusLisp code from abb_rapid_sm_addin_msgs/EGMSettings.msg[0m
[ 31%] [34m[1mGenerating Python code from SRV abb_rapid_sm_addin_msgs/GetEGMSettings[0m
[ 32%] [34m[1mGenerating EusLisp code from abb_rapid_sm_addin_msgs/EGMSetupSettings.msg[0m
[ 34%] [34m[1mGenerating C++ code from abb_rapid_sm_addin_msgs/GetEGMSettings.srv[0m
[ 36%] [34m[1mGenerating Python code from SRV abb_rapid_sm_addin_msgs/SetEGMSettings[0m
[ 37%] [34m[1mGenerating EusLisp code from abb_rapid_sm_addin_msgs/EGMStopSettings.msg[0m
[ 39%] [34m[1mGenerating C++ code from abb_rapid_sm_addin_msgs/SetEGMSettings.srv[0m
[ 41%] [34m[1mGenerating C++ code from abb_rapid_sm_addin_msgs/SetRAPIDRoutine.srv[0m
[ 44%] [34m[1mGenerating EusLisp code from abb_rapid_sm_addin_msgs/RuntimeState.msg[0m
[ 44%] [34m[1mGenerating Python code from SRV abb_rapid_sm_addin_msgs/SetRAPIDRoutine[0m
[ 46%] [34m[1mGenerating EusLisp code from abb_rapid_sm_addin_msgs/StateMachineState.msg[0m
[ 48%] [34m[1mGenerating C++ code from abb_rapid_sm_addin_msgs/SetSGCommand.srv[0m
[ 50%] [34m[1mGenerating Python code from SRV abb_rapid_sm_addin_msgs/SetSGCommand[0m
[ 51%] [34m[1mGenerating EusLisp code from abb_rapid_sm_addin_msgs/GetEGMSettings.srv[0m
[ 53%] [34m[1mGenerating EusLisp code from abb_rapid_sm_addin_msgs/SetEGMSettings.srv[0m
[ 55%] [34m[1mGenerating Python msg __init__.py for abb_rapid_sm_addin_msgs[0m
[ 55%] Built target abb_rapid_sm_addin_msgs_generate_messages_cpp
[ 56%] [34m[1mGenerating Lisp code from abb_rapid_sm_addin_msgs/EGMActivateSettings.msg[0m
[ 58%] [34m[1mGenerating EusLisp code from abb_rapid_sm_addin_msgs/SetRAPIDRoutine.srv[0m
[ 60%] [34m[1mGenerating Lisp code from abb_rapid_sm_addin_msgs/EGMRunSettings.msg[0m
[ 62%] [34m[1mGenerating Python srv __init__.py for abb_rapid_sm_addin_msgs[0m
[ 63%] [34m[1mGenerating EusLisp code from abb_rapid_sm_addin_msgs/SetSGCommand.srv[0m
[ 65%] [34m[1mGenerating Lisp code from abb_rapid_sm_addin_msgs/EGMSettings.msg[0m
[ 67%] [34m[1mGenerating Lisp code from abb_rapid_sm_addin_msgs/EGMSetupSettings.msg[0m
[ 68%] [34m[1mGenerating EusLisp manifest code for abb_rapid_sm_addin_msgs[0m
[ 70%] [34m[1mGenerating Lisp code from abb_rapid_sm_addin_msgs/EGMStopSettings.msg[0m
[ 70%] Built target abb_rapid_sm_addin_msgs_generate_messages_py
WARNING: Package name "CentralNode" does not follow the naming conventions. It should start with a lower case letter and only contain lower case letters, digits, underscores, and dashes.
WARNING: Package name "HardwareLevel" does not follow the naming conventions. It should start with a lower case letter and only contain lower case letters, digits, underscores, and dashes.
[ 72%] [34m[1mGenerating Lisp code from abb_rapid_sm_addin_msgs/RuntimeState.msg[0m
WARNING: Package name "checkMotors" does not follow the naming conventions. It should start with a lower case letter and only contain lower case letters, digits, underscores, and dashes.
[ 74%] [34m[1mGenerating Lisp code from abb_rapid_sm_addin_msgs/StateMachineState.msg[0m
[ 75%] [34m[1mGenerating Lisp code from abb_rapid_sm_addin_msgs/GetEGMSettings.srv[0m
[ 77%] [34m[1mGenerating Lisp code from abb_rapid_sm_addin_msgs/SetEGMSettings.srv[0m
WARNING: Package name "CentralNode" does not follow the naming conventions. It should start with a lower case letter and only contain lower case letters, digits, underscores, and dashes.
WARNING: Package name "HardwareLevel" does not follow the naming conventions. It should start with a lower case letter and only contain lower case letters, digits, underscores, and dashes.
[ 79%] [34m[1mGenerating Lisp code from abb_rapid_sm_addin_msgs/SetRAPIDRoutine.srv[0m
WARNING: Package name "checkMotors" does not follow the naming conventions. It should start with a lower case letter and only contain lower case letters, digits, underscores, and dashes.
[ 81%] [34m[1mGenerating Lisp code from abb_rapid_sm_addin_msgs/SetSGCommand.srv[0m
[ 81%] Built target abb_rapid_sm_addin_msgs_generate_messages_lisp
[ 82%] [34m[1mGenerating Javascript code from abb_rapid_sm_addin_msgs/EGMActivateSettings.msg[0m
[ 84%] [34m[1mGenerating Javascript code from abb_rapid_sm_addin_msgs/EGMRunSettings.msg[0m
[ 84%] Built target abb_rapid_sm_addin_msgs_generate_messages_eus
[ 86%] [34m[1mGenerating Javascript code from abb_rapid_sm_addin_msgs/EGMSetupSettings.msg[0m
[ 87%] [34m[1mGenerating Javascript code from abb_rapid_sm_addin_msgs/EGMSettings.msg[0m
[ 89%] [34m[1mGenerating Javascript code from abb_rapid_sm_addin_msgs/EGMStopSettings.msg[0m
[ 91%] [34m[1mGenerating Javascript code from abb_rapid_sm_addin_msgs/RuntimeState.msg[0m
[ 93%] [34m[1mGenerating Javascript code from abb_rapid_sm_addin_msgs/StateMachineState.msg[0m
[ 94%] [34m[1mGenerating Javascript code from abb_rapid_sm_addin_msgs/GetEGMSettings.srv[0m
[ 96%] [34m[1mGenerating Javascript code from abb_rapid_sm_addin_msgs/SetEGMSettings.srv[0m
[ 98%] [34m[1mGenerating Javascript code from abb_rapid_sm_addin_msgs/SetRAPIDRoutine.srv[0m
[100%] [34m[1mGenerating Javascript code from abb_rapid_sm_addin_msgs/SetSGCommand.srv[0m
[100%] Built target abb_rapid_sm_addin_msgs_generate_messages_nodejs
[100%] Built target abb_rapid_sm_addin_msgs_generate_messages
