[35m[1mScanning dependencies of target _abb_rapid_sm_addin_msgs_generate_messages_check_deps_SetRAPIDRoutine[0m
[35m[1mScanning dependencies of target _abb_rapid_sm_addin_msgs_generate_messages_check_deps_EGMRunSettings[0m
[35m[1mScanning dependencies of target _abb_rapid_sm_addin_msgs_generate_messages_check_deps_EGMStopSettings[0m
[  0%] Built target _abb_rapid_sm_addin_msgs_generate_messages_check_deps_SetRAPIDRoutine
[35m[1mScanning dependencies of target abb_rapid_msgs_generate_messages_lisp[0m
[  0%] Built target abb_rapid_msgs_generate_messages_lisp
[  0%] Built target _abb_rapid_sm_addin_msgs_generate_messages_check_deps_EGMRunSettings
[35m[1mScanning dependencies of target std_msgs_generate_messages_lisp[0m
[35m[1mScanning dependencies of target _abb_rapid_sm_addin_msgs_generate_messages_check_deps_SetSGCommand[0m
[  0%] Built target _abb_rapid_sm_addin_msgs_generate_messages_check_deps_EGMStopSettings
[  0%] Built target std_msgs_generate_messages_lisp
[35m[1mScanning dependencies of target _abb_rapid_sm_addin_msgs_generate_messages_check_deps_StateMachineState[0m
[35m[1mScanning dependencies of target _abb_rapid_sm_addin_msgs_generate_messages_check_deps_EGMSetupSettings[0m
[  0%] Built target _abb_rapid_sm_addin_msgs_generate_messages_check_deps_SetSGCommand
[35m[1mScanning dependencies of target _abb_rapid_sm_addin_msgs_generate_messages_check_deps_EGMActivateSettings[0m
[  0%] Built target _abb_rapid_sm_addin_msgs_generate_messages_check_deps_EGMSetupSettings
[35m[1mScanning dependencies of target _abb_rapid_sm_addin_msgs_generate_messages_check_deps_RuntimeState[0m
[  0%] Built target _abb_rapid_sm_addin_msgs_generate_messages_check_deps_StateMachineState
[  0%] Built target _abb_rapid_sm_addin_msgs_generate_messages_check_deps_EGMActivateSettings
[  0%] Built target _abb_rapid_sm_addin_msgs_generate_messages_check_deps_RuntimeState
[35m[1mScanning dependencies of target _abb_rapid_sm_addin_msgs_generate_messages_check_deps_GetEGMSettings[0m
[35m[1mScanning dependencies of target _abb_rapid_sm_addin_msgs_generate_messages_check_deps_SetEGMSettings[0m
[35m[1mScanning dependencies of target _abb_rapid_sm_addin_msgs_generate_messages_check_deps_EGMSettings[0m
[  0%] Built target _abb_rapid_sm_addin_msgs_generate_messages_check_deps_GetEGMSettings
[35m[1mScanning dependencies of target abb_rapid_msgs_generate_messages_py[0m
[  0%] Built target abb_rapid_msgs_generate_messages_py
[  0%] Built target _abb_rapid_sm_addin_msgs_generate_messages_check_deps_SetEGMSettings
[35m[1mScanning dependencies of target abb_rapid_msgs_generate_messages_nodejs[0m
[35m[1mScanning dependencies of target std_msgs_generate_messages_py[0m
[  0%] Built target _abb_rapid_sm_addin_msgs_generate_messages_check_deps_EGMSettings
[35m[1mScanning dependencies of target std_msgs_generate_messages_nodejs[0m
[  0%] Built target std_msgs_generate_messages_py
[  0%] Built target std_msgs_generate_messages_nodejs
[  0%] Built target abb_rapid_msgs_generate_messages_nodejs
[35m[1mScanning dependencies of target std_msgs_generate_messages_eus[0m
[35m[1mScanning dependencies of target abb_rapid_msgs_generate_messages_eus[0m
[35m[1mScanning dependencies of target abb_rapid_msgs_generate_messages_mypy[0m
[  0%] Built target std_msgs_generate_messages_eus
[  0%] Built target abb_rapid_msgs_generate_messages_eus
[35m[1mScanning dependencies of target std_msgs_generate_messages_cpp[0m
[  0%] Built target std_msgs_generate_messages_cpp
[35m[1mScanning dependencies of target abb_rapid_msgs_generate_messages_cpp[0m
[  0%] Built target abb_rapid_msgs_generate_messages_mypy
[35m[1mScanning dependencies of target abb_rapid_sm_addin_msgs_generate_messages_lisp[0m
[  0%] Built target abb_rapid_msgs_generate_messages_cpp
[35m[1mScanning dependencies of target abb_rapid_sm_addin_msgs_generate_messages_py[0m
[  1%] [34m[1mGenerating Lisp code from abb_rapid_sm_addin_msgs/EGMActivateSettings.msg[0m
[35m[1mScanning dependencies of target abb_rapid_sm_addin_msgs_generate_messages_nodejs[0m
[  2%] [34m[1mGenerating Javascript code from abb_rapid_sm_addin_msgs/EGMActivateSettings.msg[0m
[  4%] [34m[1mGenerating Python from MSG abb_rapid_sm_addin_msgs/EGMActivateSettings[0m
[  5%] [34m[1mGenerating Lisp code from abb_rapid_sm_addin_msgs/EGMRunSettings.msg[0m
[  7%] [34m[1mGenerating Javascript code from abb_rapid_sm_addin_msgs/EGMRunSettings.msg[0m
[  8%] [34m[1mGenerating Lisp code from abb_rapid_sm_addin_msgs/EGMSettings.msg[0m
[  9%] [34m[1mGenerating Javascript code from abb_rapid_sm_addin_msgs/EGMSettings.msg[0m
[ 11%] [34m[1mGenerating Lisp code from abb_rapid_sm_addin_msgs/EGMSetupSettings.msg[0m
[ 12%] [34m[1mGenerating Javascript code from abb_rapid_sm_addin_msgs/EGMSetupSettings.msg[0m
[ 14%] [34m[1mGenerating Python from MSG abb_rapid_sm_addin_msgs/EGMRunSettings[0m
[ 15%] [34m[1mGenerating Javascript code from abb_rapid_sm_addin_msgs/EGMStopSettings.msg[0m
[ 16%] [34m[1mGenerating Lisp code from abb_rapid_sm_addin_msgs/EGMStopSettings.msg[0m
[ 18%] [34m[1mGenerating Javascript code from abb_rapid_sm_addin_msgs/RuntimeState.msg[0m
[ 19%] [34m[1mGenerating Lisp code from abb_rapid_sm_addin_msgs/RuntimeState.msg[0m
[ 21%] [34m[1mGenerating Javascript code from abb_rapid_sm_addin_msgs/StateMachineState.msg[0m
[ 22%] [34m[1mGenerating Javascript code from abb_rapid_sm_addin_msgs/GetEGMSettings.srv[0m
[ 23%] [34m[1mGenerating Lisp code from abb_rapid_sm_addin_msgs/StateMachineState.msg[0m
[ 25%] [34m[1mGenerating Python from MSG abb_rapid_sm_addin_msgs/EGMSettings[0m
[ 26%] [34m[1mGenerating Javascript code from abb_rapid_sm_addin_msgs/SetEGMSettings.srv[0m
[ 28%] [34m[1mGenerating Javascript code from abb_rapid_sm_addin_msgs/SetRAPIDRoutine.srv[0m
[ 29%] [34m[1mGenerating Lisp code from abb_rapid_sm_addin_msgs/GetEGMSettings.srv[0m
[ 30%] [34m[1mGenerating Javascript code from abb_rapid_sm_addin_msgs/SetSGCommand.srv[0m
[ 32%] [34m[1mGenerating Lisp code from abb_rapid_sm_addin_msgs/SetEGMSettings.srv[0m
[ 33%] [34m[1mGenerating Lisp code from abb_rapid_sm_addin_msgs/SetRAPIDRoutine.srv[0m
[ 35%] [34m[1mGenerating Python from MSG abb_rapid_sm_addin_msgs/EGMSetupSettings[0m
[ 35%] Built target abb_rapid_sm_addin_msgs_generate_messages_nodejs
[ 36%] [34m[1mGenerating Lisp code from abb_rapid_sm_addin_msgs/SetSGCommand.srv[0m
[35m[1mScanning dependencies of target abb_rapid_sm_addin_msgs_generate_messages_eus[0m
[ 38%] [34m[1mGenerating Python from MSG abb_rapid_sm_addin_msgs/EGMStopSettings[0m
[ 38%] Built target abb_rapid_sm_addin_msgs_generate_messages_lisp
[ 39%] [34m[1mGenerating EusLisp code from abb_rapid_sm_addin_msgs/EGMActivateSettings.msg[0m
[35m[1mScanning dependencies of target abb_rapid_sm_addin_msgs_generate_messages_cpp[0m
[ 40%] [34m[1mGenerating EusLisp code from abb_rapid_sm_addin_msgs/EGMRunSettings.msg[0m
[ 42%] [34m[1mGenerating C++ code from abb_rapid_sm_addin_msgs/EGMActivateSettings.msg[0m
[ 43%] [34m[1mGenerating Python from MSG abb_rapid_sm_addin_msgs/RuntimeState[0m
[ 45%] [34m[1mGenerating EusLisp code from abb_rapid_sm_addin_msgs/EGMSettings.msg[0m
[ 46%] [34m[1mGenerating EusLisp code from abb_rapid_sm_addin_msgs/EGMSetupSettings.msg[0m
[ 47%] [34m[1mGenerating Python from MSG abb_rapid_sm_addin_msgs/StateMachineState[0m
[ 49%] [34m[1mGenerating EusLisp code from abb_rapid_sm_addin_msgs/EGMStopSettings.msg[0m
[ 50%] [34m[1mGenerating C++ code from abb_rapid_sm_addin_msgs/EGMRunSettings.msg[0m
[ 52%] [34m[1mGenerating Python code from SRV abb_rapid_sm_addin_msgs/GetEGMSettings[0m
[ 53%] [34m[1mGenerating EusLisp code from abb_rapid_sm_addin_msgs/RuntimeState.msg[0m
[ 54%] [34m[1mGenerating Python code from SRV abb_rapid_sm_addin_msgs/SetEGMSettings[0m
[ 56%] [34m[1mGenerating Python code from SRV abb_rapid_sm_addin_msgs/SetRAPIDRoutine[0m
[ 57%] [34m[1mGenerating C++ code from abb_rapid_sm_addin_msgs/EGMSettings.msg[0m
[ 59%] [34m[1mGenerating EusLisp code from abb_rapid_sm_addin_msgs/StateMachineState.msg[0m
[ 60%] [34m[1mGenerating Python code from SRV abb_rapid_sm_addin_msgs/SetSGCommand[0m
[ 61%] [34m[1mGenerating EusLisp code from abb_rapid_sm_addin_msgs/GetEGMSettings.srv[0m
[ 63%] [34m[1mGenerating C++ code from abb_rapid_sm_addin_msgs/EGMSetupSettings.msg[0m
[ 64%] [34m[1mGenerating C++ code from abb_rapid_sm_addin_msgs/EGMStopSettings.msg[0m
[ 66%] [34m[1mGenerating EusLisp code from abb_rapid_sm_addin_msgs/SetEGMSettings.srv[0m
[ 67%] [34m[1mGenerating EusLisp code from abb_rapid_sm_addin_msgs/SetRAPIDRoutine.srv[0m
[ 69%] [34m[1mGenerating Python msg __init__.py for abb_rapid_sm_addin_msgs[0m
[ 70%] [34m[1mGenerating EusLisp code from abb_rapid_sm_addin_msgs/SetSGCommand.srv[0m
[ 71%] [34m[1mGenerating C++ code from abb_rapid_sm_addin_msgs/RuntimeState.msg[0m
[ 73%] [34m[1mGenerating EusLisp manifest code for abb_rapid_sm_addin_msgs[0m
WARNING: Package name "CentralNode" does not follow the naming conventions. It should start with a lower case letter and only contain lower case letters, digits, underscores, and dashes.
WARNING: Package name "HardwareLevel" does not follow the naming conventions. It should start with a lower case letter and only contain lower case letters, digits, underscores, and dashes.
[ 74%] [34m[1mGenerating C++ code from abb_rapid_sm_addin_msgs/StateMachineState.msg[0m
WARNING: Package name "checkMotors" does not follow the naming conventions. It should start with a lower case letter and only contain lower case letters, digits, underscores, and dashes.
[ 76%] [34m[1mGenerating C++ code from abb_rapid_sm_addin_msgs/GetEGMSettings.srv[0m
[ 77%] [34m[1mGenerating C++ code from abb_rapid_sm_addin_msgs/SetEGMSettings.srv[0m
[ 78%] [34m[1mGenerating Python srv __init__.py for abb_rapid_sm_addin_msgs[0m
[ 80%] [34m[1mGenerating C++ code from abb_rapid_sm_addin_msgs/SetRAPIDRoutine.srv[0m
[ 80%] Built target abb_rapid_sm_addin_msgs_generate_messages_py
[ 81%] [34m[1mGenerating C++ code from abb_rapid_sm_addin_msgs/SetSGCommand.srv[0m
WARNING: Package name "CentralNode" does not follow the naming conventions. It should start with a lower case letter and only contain lower case letters, digits, underscores, and dashes.
WARNING: Package name "HardwareLevel" does not follow the naming conventions. It should start with a lower case letter and only contain lower case letters, digits, underscores, and dashes.
[35m[1mScanning dependencies of target abb_rapid_sm_addin_msgs_generate_messages_mypy[0m
WARNING: Package name "checkMotors" does not follow the naming conventions. It should start with a lower case letter and only contain lower case letters, digits, underscores, and dashes.
[ 83%] [34m[1mGenerating Python Stub from abb_rapid_sm_addin_msgs/EGMActivateSettings[0m
[ 84%] [34m[1mGenerating Python Stub from abb_rapid_sm_addin_msgs/EGMRunSettings[0m
[ 84%] Built target abb_rapid_sm_addin_msgs_generate_messages_cpp
[ 85%] [34m[1mGenerating Python Stub from abb_rapid_sm_addin_msgs/EGMSettings[0m
[ 85%] Built target abb_rapid_sm_addin_msgs_generate_messages_eus
[ 87%] [34m[1mGenerating Python Stub from abb_rapid_sm_addin_msgs/EGMSetupSettings[0m
[ 88%] [34m[1mGenerating Python Stub from abb_rapid_sm_addin_msgs/EGMStopSettings[0m
[ 90%] [34m[1mGenerating Python Stub from abb_rapid_sm_addin_msgs/RuntimeState[0m
[ 91%] [34m[1mGenerating Python Stub from abb_rapid_sm_addin_msgs/StateMachineState[0m
[ 92%] [34m[1mGenerating Python Stub from abb_rapid_sm_addin_msgs/GetEGMSettings[0m
[ 94%] [34m[1mGenerating Python Stub from abb_rapid_sm_addin_msgs/SetEGMSettings[0m
[ 95%] [34m[1mGenerating Python Stub from abb_rapid_sm_addin_msgs/SetRAPIDRoutine[0m
[ 97%] [34m[1mGenerating Python Stub from abb_rapid_sm_addin_msgs/SetSGCommand[0m
[100%] [34m[1mGenerating Python Stub srv __init__.pyi for abb_rapid_sm_addin_msgs[0m
[100%] [34m[1mGenerating Python Stub msg __init__.pyi for abb_rapid_sm_addin_msgs[0m
[100%] Built target abb_rapid_sm_addin_msgs_generate_messages_mypy
[35m[1mScanning dependencies of target abb_rapid_sm_addin_msgs_generate_messages[0m
[100%] Built target abb_rapid_sm_addin_msgs_generate_messages
