Linked: (/home/himaet23/EwasteNonDestructiveDisassembly/devel/.private/abb_rapid_sm_addin_msgs/include/abb_rapid_sm_addin_msgs/SetRAPIDRoutineResponse.h, /home/himaet23/EwasteNonDestructiveDisassembly/devel/include/abb_rapid_sm_addin_msgs/SetRAPIDRoutineResponse.h)
Linked: (/home/himaet23/EwasteNonDestructiveDisassembly/devel/.private/abb_rapid_sm_addin_msgs/include/abb_rapid_sm_addin_msgs/EGMRunSettings.h, /home/himaet23/EwasteNonDestructiveDisassembly/devel/include/abb_rapid_sm_addin_msgs/EGMRunSettings.h)
Linked: (/home/himaet23/EwasteNonDestructiveDisassembly/devel/.private/abb_rapid_sm_addin_msgs/include/abb_rapid_sm_addin_msgs/GetEGMSettingsResponse.h, /home/himaet23/EwasteNonDestructiveDisassembly/devel/include/abb_rapid_sm_addin_msgs/GetEGMSettingsResponse.h)
Linked: (/home/himaet23/EwasteNonDestructiveDisassembly/devel/.private/abb_rapid_sm_addin_msgs/include/abb_rapid_sm_addin_msgs/EGMSettings.h, /home/himaet23/EwasteNonDestructiveDisassembly/devel/include/abb_rapid_sm_addin_msgs/EGMSettings.h)
Linked: (/home/himaet23/EwasteNonDestructiveDisassembly/devel/.private/abb_rapid_sm_addin_msgs/include/abb_rapid_sm_addin_msgs/EGMSetupSettings.h, /home/himaet23/EwasteNonDestructiveDisassembly/devel/include/abb_rapid_sm_addin_msgs/EGMSetupSettings.h)
Linked: (/home/himaet23/EwasteNonDestructiveDisassembly/devel/.private/abb_rapid_sm_addin_msgs/include/abb_rapid_sm_addin_msgs/SetEGMSettingsResponse.h, /home/himaet23/EwasteNonDestructiveDisassembly/devel/include/abb_rapid_sm_addin_msgs/SetEGMSettingsResponse.h)
Linked: (/home/himaet23/EwasteNonDestructiveDisassembly/devel/.private/abb_rapid_sm_addin_msgs/include/abb_rapid_sm_addin_msgs/SetSGCommandRequest.h, /home/himaet23/EwasteNonDestructiveDisassembly/devel/include/abb_rapid_sm_addin_msgs/SetSGCommandRequest.h)
Linked: (/home/himaet23/EwasteNonDestructiveDisassembly/devel/.private/abb_rapid_sm_addin_msgs/include/abb_rapid_sm_addin_msgs/SetSGCommand.h, /home/himaet23/EwasteNonDestructiveDisassembly/devel/include/abb_rapid_sm_addin_msgs/SetSGCommand.h)
Linked: (/home/himaet23/EwasteNonDestructiveDisassembly/devel/.private/abb_rapid_sm_addin_msgs/include/abb_rapid_sm_addin_msgs/RuntimeState.h, /home/himaet23/EwasteNonDestructiveDisassembly/devel/include/abb_rapid_sm_addin_msgs/RuntimeState.h)
Linked: (/home/himaet23/EwasteNonDestructiveDisassembly/devel/.private/abb_rapid_sm_addin_msgs/include/abb_rapid_sm_addin_msgs/SetSGCommandResponse.h, /home/himaet23/EwasteNonDestructiveDisassembly/devel/include/abb_rapid_sm_addin_msgs/SetSGCommandResponse.h)
Linked: (/home/himaet23/EwasteNonDestructiveDisassembly/devel/.private/abb_rapid_sm_addin_msgs/include/abb_rapid_sm_addin_msgs/EGMStopSettings.h, /home/himaet23/EwasteNonDestructiveDisassembly/devel/include/abb_rapid_sm_addin_msgs/EGMStopSettings.h)
Linked: (/home/himaet23/EwasteNonDestructiveDisassembly/devel/.private/abb_rapid_sm_addin_msgs/include/abb_rapid_sm_addin_msgs/GetEGMSettingsRequest.h, /home/himaet23/EwasteNonDestructiveDisassembly/devel/include/abb_rapid_sm_addin_msgs/GetEGMSettingsRequest.h)
Linked: (/home/himaet23/EwasteNonDestructiveDisassembly/devel/.private/abb_rapid_sm_addin_msgs/include/abb_rapid_sm_addin_msgs/SetRAPIDRoutine.h, /home/himaet23/EwasteNonDestructiveDisassembly/devel/include/abb_rapid_sm_addin_msgs/SetRAPIDRoutine.h)
Linked: (/home/himaet23/EwasteNonDestructiveDisassembly/devel/.private/abb_rapid_sm_addin_msgs/include/abb_rapid_sm_addin_msgs/SetEGMSettingsRequest.h, /home/himaet23/EwasteNonDestructiveDisassembly/devel/include/abb_rapid_sm_addin_msgs/SetEGMSettingsRequest.h)
Linked: (/home/himaet23/EwasteNonDestructiveDisassembly/devel/.private/abb_rapid_sm_addin_msgs/include/abb_rapid_sm_addin_msgs/GetEGMSettings.h, /home/himaet23/EwasteNonDestructiveDisassembly/devel/include/abb_rapid_sm_addin_msgs/GetEGMSettings.h)
Linked: (/home/himaet23/EwasteNonDestructiveDisassembly/devel/.private/abb_rapid_sm_addin_msgs/include/abb_rapid_sm_addin_msgs/SetRAPIDRoutineRequest.h, /home/himaet23/EwasteNonDestructiveDisassembly/devel/include/abb_rapid_sm_addin_msgs/SetRAPIDRoutineRequest.h)
Linked: (/home/himaet23/EwasteNonDestructiveDisassembly/devel/.private/abb_rapid_sm_addin_msgs/include/abb_rapid_sm_addin_msgs/EGMActivateSettings.h, /home/himaet23/EwasteNonDestructiveDisassembly/devel/include/abb_rapid_sm_addin_msgs/EGMActivateSettings.h)
Linked: (/home/himaet23/EwasteNonDestructiveDisassembly/devel/.private/abb_rapid_sm_addin_msgs/include/abb_rapid_sm_addin_msgs/SetEGMSettings.h, /home/himaet23/EwasteNonDestructiveDisassembly/devel/include/abb_rapid_sm_addin_msgs/SetEGMSettings.h)
Linked: (/home/himaet23/EwasteNonDestructiveDisassembly/devel/.private/abb_rapid_sm_addin_msgs/include/abb_rapid_sm_addin_msgs/StateMachineState.h, /home/himaet23/EwasteNonDestructiveDisassembly/devel/include/abb_rapid_sm_addin_msgs/StateMachineState.h)
Linked: (/home/himaet23/EwasteNonDestructiveDisassembly/devel/.private/abb_rapid_sm_addin_msgs/share/abb_rapid_sm_addin_msgs/cmake/abb_rapid_sm_addin_msgsConfig.cmake, /home/himaet23/EwasteNonDestructiveDisassembly/devel/share/abb_rapid_sm_addin_msgs/cmake/abb_rapid_sm_addin_msgsConfig.cmake)
Linked: (/home/himaet23/EwasteNonDestructiveDisassembly/devel/.private/abb_rapid_sm_addin_msgs/share/abb_rapid_sm_addin_msgs/cmake/abb_rapid_sm_addin_msgs-msg-extras.cmake, /home/himaet23/EwasteNonDestructiveDisassembly/devel/share/abb_rapid_sm_addin_msgs/cmake/abb_rapid_sm_addin_msgs-msg-extras.cmake)
Linked: (/home/himaet23/EwasteNonDestructiveDisassembly/devel/.private/abb_rapid_sm_addin_msgs/share/abb_rapid_sm_addin_msgs/cmake/abb_rapid_sm_addin_msgs-msg-paths.cmake, /home/himaet23/EwasteNonDestructiveDisassembly/devel/share/abb_rapid_sm_addin_msgs/cmake/abb_rapid_sm_addin_msgs-msg-paths.cmake)
Linked: (/home/himaet23/EwasteNonDestructiveDisassembly/devel/.private/abb_rapid_sm_addin_msgs/share/abb_rapid_sm_addin_msgs/cmake/abb_rapid_sm_addin_msgsConfig-version.cmake, /home/himaet23/EwasteNonDestructiveDisassembly/devel/share/abb_rapid_sm_addin_msgs/cmake/abb_rapid_sm_addin_msgsConfig-version.cmake)
Linked: (/home/himaet23/EwasteNonDestructiveDisassembly/devel/.private/abb_rapid_sm_addin_msgs/share/roseus/ros/abb_rapid_sm_addin_msgs/manifest.l, /home/himaet23/EwasteNonDestructiveDisassembly/devel/share/roseus/ros/abb_rapid_sm_addin_msgs/manifest.l)
Linked: (/home/himaet23/EwasteNonDestructiveDisassembly/devel/.private/abb_rapid_sm_addin_msgs/share/roseus/ros/abb_rapid_sm_addin_msgs/msg/EGMStopSettings.l, /home/himaet23/EwasteNonDestructiveDisassembly/devel/share/roseus/ros/abb_rapid_sm_addin_msgs/msg/EGMStopSettings.l)
Linked: (/home/himaet23/EwasteNonDestructiveDisassembly/devel/.private/abb_rapid_sm_addin_msgs/share/roseus/ros/abb_rapid_sm_addin_msgs/msg/EGMActivateSettings.l, /home/himaet23/EwasteNonDestructiveDisassembly/devel/share/roseus/ros/abb_rapid_sm_addin_msgs/msg/EGMActivateSettings.l)
Linked: (/home/himaet23/EwasteNonDestructiveDisassembly/devel/.private/abb_rapid_sm_addin_msgs/share/roseus/ros/abb_rapid_sm_addin_msgs/msg/EGMSetupSettings.l, /home/himaet23/EwasteNonDestructiveDisassembly/devel/share/roseus/ros/abb_rapid_sm_addin_msgs/msg/EGMSetupSettings.l)
Linked: (/home/himaet23/EwasteNonDestructiveDisassembly/devel/.private/abb_rapid_sm_addin_msgs/share/roseus/ros/abb_rapid_sm_addin_msgs/msg/EGMRunSettings.l, /home/himaet23/EwasteNonDestructiveDisassembly/devel/share/roseus/ros/abb_rapid_sm_addin_msgs/msg/EGMRunSettings.l)
Linked: (/home/himaet23/EwasteNonDestructiveDisassembly/devel/.private/abb_rapid_sm_addin_msgs/share/roseus/ros/abb_rapid_sm_addin_msgs/msg/EGMSettings.l, /home/himaet23/EwasteNonDestructiveDisassembly/devel/share/roseus/ros/abb_rapid_sm_addin_msgs/msg/EGMSettings.l)
Linked: (/home/himaet23/EwasteNonDestructiveDisassembly/devel/.private/abb_rapid_sm_addin_msgs/share/roseus/ros/abb_rapid_sm_addin_msgs/msg/RuntimeState.l, /home/himaet23/EwasteNonDestructiveDisassembly/devel/share/roseus/ros/abb_rapid_sm_addin_msgs/msg/RuntimeState.l)
Linked: (/home/himaet23/EwasteNonDestructiveDisassembly/devel/.private/abb_rapid_sm_addin_msgs/share/roseus/ros/abb_rapid_sm_addin_msgs/msg/StateMachineState.l, /home/himaet23/EwasteNonDestructiveDisassembly/devel/share/roseus/ros/abb_rapid_sm_addin_msgs/msg/StateMachineState.l)
Linked: (/home/himaet23/EwasteNonDestructiveDisassembly/devel/.private/abb_rapid_sm_addin_msgs/share/roseus/ros/abb_rapid_sm_addin_msgs/srv/SetRAPIDRoutine.l, /home/himaet23/EwasteNonDestructiveDisassembly/devel/share/roseus/ros/abb_rapid_sm_addin_msgs/srv/SetRAPIDRoutine.l)
Linked: (/home/himaet23/EwasteNonDestructiveDisassembly/devel/.private/abb_rapid_sm_addin_msgs/share/roseus/ros/abb_rapid_sm_addin_msgs/srv/SetEGMSettings.l, /home/himaet23/EwasteNonDestructiveDisassembly/devel/share/roseus/ros/abb_rapid_sm_addin_msgs/srv/SetEGMSettings.l)
Linked: (/home/himaet23/EwasteNonDestructiveDisassembly/devel/.private/abb_rapid_sm_addin_msgs/share/roseus/ros/abb_rapid_sm_addin_msgs/srv/GetEGMSettings.l, /home/himaet23/EwasteNonDestructiveDisassembly/devel/share/roseus/ros/abb_rapid_sm_addin_msgs/srv/GetEGMSettings.l)
Linked: (/home/himaet23/EwasteNonDestructiveDisassembly/devel/.private/abb_rapid_sm_addin_msgs/share/roseus/ros/abb_rapid_sm_addin_msgs/srv/SetSGCommand.l, /home/himaet23/EwasteNonDestructiveDisassembly/devel/share/roseus/ros/abb_rapid_sm_addin_msgs/srv/SetSGCommand.l)
Linked: (/home/himaet23/EwasteNonDestructiveDisassembly/devel/.private/abb_rapid_sm_addin_msgs/share/common-lisp/ros/abb_rapid_sm_addin_msgs/msg/EGMStopSettings.lisp, /home/himaet23/EwasteNonDestructiveDisassembly/devel/share/common-lisp/ros/abb_rapid_sm_addin_msgs/msg/EGMStopSettings.lisp)
Linked: (/home/himaet23/EwasteNonDestructiveDisassembly/devel/.private/abb_rapid_sm_addin_msgs/share/common-lisp/ros/abb_rapid_sm_addin_msgs/msg/_package_EGMStopSettings.lisp, /home/himaet23/EwasteNonDestructiveDisassembly/devel/share/common-lisp/ros/abb_rapid_sm_addin_msgs/msg/_package_EGMStopSettings.lisp)
Linked: (/home/himaet23/EwasteNonDestructiveDisassembly/devel/.private/abb_rapid_sm_addin_msgs/share/common-lisp/ros/abb_rapid_sm_addin_msgs/msg/_package.lisp, /home/himaet23/EwasteNonDestructiveDisassembly/devel/share/common-lisp/ros/abb_rapid_sm_addin_msgs/msg/_package.lisp)
Linked: (/home/himaet23/EwasteNonDestructiveDisassembly/devel/.private/abb_rapid_sm_addin_msgs/share/common-lisp/ros/abb_rapid_sm_addin_msgs/msg/EGMRunSettings.lisp, /home/himaet23/EwasteNonDestructiveDisassembly/devel/share/common-lisp/ros/abb_rapid_sm_addin_msgs/msg/EGMRunSettings.lisp)
Linked: (/home/himaet23/EwasteNonDestructiveDisassembly/devel/.private/abb_rapid_sm_addin_msgs/share/common-lisp/ros/abb_rapid_sm_addin_msgs/msg/RuntimeState.lisp, /home/himaet23/EwasteNonDestructiveDisassembly/devel/share/common-lisp/ros/abb_rapid_sm_addin_msgs/msg/RuntimeState.lisp)
Linked: (/home/himaet23/EwasteNonDestructiveDisassembly/devel/.private/abb_rapid_sm_addin_msgs/share/common-lisp/ros/abb_rapid_sm_addin_msgs/msg/EGMSettings.lisp, /home/himaet23/EwasteNonDestructiveDisassembly/devel/share/common-lisp/ros/abb_rapid_sm_addin_msgs/msg/EGMSettings.lisp)
Linked: (/home/himaet23/EwasteNonDestructiveDisassembly/devel/.private/abb_rapid_sm_addin_msgs/share/common-lisp/ros/abb_rapid_sm_addin_msgs/msg/_package_EGMSetupSettings.lisp, /home/himaet23/EwasteNonDestructiveDisassembly/devel/share/common-lisp/ros/abb_rapid_sm_addin_msgs/msg/_package_EGMSetupSettings.lisp)
Linked: (/home/himaet23/EwasteNonDestructiveDisassembly/devel/.private/abb_rapid_sm_addin_msgs/share/common-lisp/ros/abb_rapid_sm_addin_msgs/msg/_package_EGMRunSettings.lisp, /home/himaet23/EwasteNonDestructiveDisassembly/devel/share/common-lisp/ros/abb_rapid_sm_addin_msgs/msg/_package_EGMRunSettings.lisp)
Linked: (/home/himaet23/EwasteNonDestructiveDisassembly/devel/.private/abb_rapid_sm_addin_msgs/share/common-lisp/ros/abb_rapid_sm_addin_msgs/msg/abb_rapid_sm_addin_msgs-msg.asd, /home/himaet23/EwasteNonDestructiveDisassembly/devel/share/common-lisp/ros/abb_rapid_sm_addin_msgs/msg/abb_rapid_sm_addin_msgs-msg.asd)
Linked: (/home/himaet23/EwasteNonDestructiveDisassembly/devel/.private/abb_rapid_sm_addin_msgs/share/common-lisp/ros/abb_rapid_sm_addin_msgs/msg/StateMachineState.lisp, /home/himaet23/EwasteNonDestructiveDisassembly/devel/share/common-lisp/ros/abb_rapid_sm_addin_msgs/msg/StateMachineState.lisp)
Linked: (/home/himaet23/EwasteNonDestructiveDisassembly/devel/.private/abb_rapid_sm_addin_msgs/share/common-lisp/ros/abb_rapid_sm_addin_msgs/msg/_package_EGMSettings.lisp, /home/himaet23/EwasteNonDestructiveDisassembly/devel/share/common-lisp/ros/abb_rapid_sm_addin_msgs/msg/_package_EGMSettings.lisp)
Linked: (/home/himaet23/EwasteNonDestructiveDisassembly/devel/.private/abb_rapid_sm_addin_msgs/share/common-lisp/ros/abb_rapid_sm_addin_msgs/msg/_package_StateMachineState.lisp, /home/himaet23/EwasteNonDestructiveDisassembly/devel/share/common-lisp/ros/abb_rapid_sm_addin_msgs/msg/_package_StateMachineState.lisp)
Linked: (/home/himaet23/EwasteNonDestructiveDisassembly/devel/.private/abb_rapid_sm_addin_msgs/share/common-lisp/ros/abb_rapid_sm_addin_msgs/msg/_package_EGMActivateSettings.lisp, /home/himaet23/EwasteNonDestructiveDisassembly/devel/share/common-lisp/ros/abb_rapid_sm_addin_msgs/msg/_package_EGMActivateSettings.lisp)
Linked: (/home/himaet23/EwasteNonDestructiveDisassembly/devel/.private/abb_rapid_sm_addin_msgs/share/common-lisp/ros/abb_rapid_sm_addin_msgs/msg/EGMActivateSettings.lisp, /home/himaet23/EwasteNonDestructiveDisassembly/devel/share/common-lisp/ros/abb_rapid_sm_addin_msgs/msg/EGMActivateSettings.lisp)
Linked: (/home/himaet23/EwasteNonDestructiveDisassembly/devel/.private/abb_rapid_sm_addin_msgs/share/common-lisp/ros/abb_rapid_sm_addin_msgs/msg/_package_RuntimeState.lisp, /home/himaet23/EwasteNonDestructiveDisassembly/devel/share/common-lisp/ros/abb_rapid_sm_addin_msgs/msg/_package_RuntimeState.lisp)
Linked: (/home/himaet23/EwasteNonDestructiveDisassembly/devel/.private/abb_rapid_sm_addin_msgs/share/common-lisp/ros/abb_rapid_sm_addin_msgs/msg/EGMSetupSettings.lisp, /home/himaet23/EwasteNonDestructiveDisassembly/devel/share/common-lisp/ros/abb_rapid_sm_addin_msgs/msg/EGMSetupSettings.lisp)
Linked: (/home/himaet23/EwasteNonDestructiveDisassembly/devel/.private/abb_rapid_sm_addin_msgs/share/common-lisp/ros/abb_rapid_sm_addin_msgs/srv/_package.lisp, /home/himaet23/EwasteNonDestructiveDisassembly/devel/share/common-lisp/ros/abb_rapid_sm_addin_msgs/srv/_package.lisp)
Linked: (/home/himaet23/EwasteNonDestructiveDisassembly/devel/.private/abb_rapid_sm_addin_msgs/share/common-lisp/ros/abb_rapid_sm_addin_msgs/srv/SetSGCommand.lisp, /home/himaet23/EwasteNonDestructiveDisassembly/devel/share/common-lisp/ros/abb_rapid_sm_addin_msgs/srv/SetSGCommand.lisp)
Linked: (/home/himaet23/EwasteNonDestructiveDisassembly/devel/.private/abb_rapid_sm_addin_msgs/share/common-lisp/ros/abb_rapid_sm_addin_msgs/srv/_package_SetEGMSettings.lisp, /home/himaet23/EwasteNonDestructiveDisassembly/devel/share/common-lisp/ros/abb_rapid_sm_addin_msgs/srv/_package_SetEGMSettings.lisp)
Linked: (/home/himaet23/EwasteNonDestructiveDisassembly/devel/.private/abb_rapid_sm_addin_msgs/share/common-lisp/ros/abb_rapid_sm_addin_msgs/srv/_package_SetSGCommand.lisp, /home/himaet23/EwasteNonDestructiveDisassembly/devel/share/common-lisp/ros/abb_rapid_sm_addin_msgs/srv/_package_SetSGCommand.lisp)
Linked: (/home/himaet23/EwasteNonDestructiveDisassembly/devel/.private/abb_rapid_sm_addin_msgs/share/common-lisp/ros/abb_rapid_sm_addin_msgs/srv/abb_rapid_sm_addin_msgs-srv.asd, /home/himaet23/EwasteNonDestructiveDisassembly/devel/share/common-lisp/ros/abb_rapid_sm_addin_msgs/srv/abb_rapid_sm_addin_msgs-srv.asd)
Linked: (/home/himaet23/EwasteNonDestructiveDisassembly/devel/.private/abb_rapid_sm_addin_msgs/share/common-lisp/ros/abb_rapid_sm_addin_msgs/srv/_package_SetRAPIDRoutine.lisp, /home/himaet23/EwasteNonDestructiveDisassembly/devel/share/common-lisp/ros/abb_rapid_sm_addin_msgs/srv/_package_SetRAPIDRoutine.lisp)
Linked: (/home/himaet23/EwasteNonDestructiveDisassembly/devel/.private/abb_rapid_sm_addin_msgs/share/common-lisp/ros/abb_rapid_sm_addin_msgs/srv/SetEGMSettings.lisp, /home/himaet23/EwasteNonDestructiveDisassembly/devel/share/common-lisp/ros/abb_rapid_sm_addin_msgs/srv/SetEGMSettings.lisp)
Linked: (/home/himaet23/EwasteNonDestructiveDisassembly/devel/.private/abb_rapid_sm_addin_msgs/share/common-lisp/ros/abb_rapid_sm_addin_msgs/srv/SetRAPIDRoutine.lisp, /home/himaet23/EwasteNonDestructiveDisassembly/devel/share/common-lisp/ros/abb_rapid_sm_addin_msgs/srv/SetRAPIDRoutine.lisp)
Linked: (/home/himaet23/EwasteNonDestructiveDisassembly/devel/.private/abb_rapid_sm_addin_msgs/share/common-lisp/ros/abb_rapid_sm_addin_msgs/srv/_package_GetEGMSettings.lisp, /home/himaet23/EwasteNonDestructiveDisassembly/devel/share/common-lisp/ros/abb_rapid_sm_addin_msgs/srv/_package_GetEGMSettings.lisp)
Linked: (/home/himaet23/EwasteNonDestructiveDisassembly/devel/.private/abb_rapid_sm_addin_msgs/share/common-lisp/ros/abb_rapid_sm_addin_msgs/srv/GetEGMSettings.lisp, /home/himaet23/EwasteNonDestructiveDisassembly/devel/share/common-lisp/ros/abb_rapid_sm_addin_msgs/srv/GetEGMSettings.lisp)
Linked: (/home/himaet23/EwasteNonDestructiveDisassembly/devel/.private/abb_rapid_sm_addin_msgs/share/gennodejs/ros/abb_rapid_sm_addin_msgs/_index.js, /home/himaet23/EwasteNonDestructiveDisassembly/devel/share/gennodejs/ros/abb_rapid_sm_addin_msgs/_index.js)
Linked: (/home/himaet23/EwasteNonDestructiveDisassembly/devel/.private/abb_rapid_sm_addin_msgs/share/gennodejs/ros/abb_rapid_sm_addin_msgs/msg/EGMRunSettings.js, /home/himaet23/EwasteNonDestructiveDisassembly/devel/share/gennodejs/ros/abb_rapid_sm_addin_msgs/msg/EGMRunSettings.js)
Linked: (/home/himaet23/EwasteNonDestructiveDisassembly/devel/.private/abb_rapid_sm_addin_msgs/share/gennodejs/ros/abb_rapid_sm_addin_msgs/msg/EGMSetupSettings.js, /home/himaet23/EwasteNonDestructiveDisassembly/devel/share/gennodejs/ros/abb_rapid_sm_addin_msgs/msg/EGMSetupSettings.js)
Linked: (/home/himaet23/EwasteNonDestructiveDisassembly/devel/.private/abb_rapid_sm_addin_msgs/share/gennodejs/ros/abb_rapid_sm_addin_msgs/msg/EGMActivateSettings.js, /home/himaet23/EwasteNonDestructiveDisassembly/devel/share/gennodejs/ros/abb_rapid_sm_addin_msgs/msg/EGMActivateSettings.js)
Linked: (/home/himaet23/EwasteNonDestructiveDisassembly/devel/.private/abb_rapid_sm_addin_msgs/share/gennodejs/ros/abb_rapid_sm_addin_msgs/msg/EGMStopSettings.js, /home/himaet23/EwasteNonDestructiveDisassembly/devel/share/gennodejs/ros/abb_rapid_sm_addin_msgs/msg/EGMStopSettings.js)
Linked: (/home/himaet23/EwasteNonDestructiveDisassembly/devel/.private/abb_rapid_sm_addin_msgs/share/gennodejs/ros/abb_rapid_sm_addin_msgs/msg/RuntimeState.js, /home/himaet23/EwasteNonDestructiveDisassembly/devel/share/gennodejs/ros/abb_rapid_sm_addin_msgs/msg/RuntimeState.js)
Linked: (/home/himaet23/EwasteNonDestructiveDisassembly/devel/.private/abb_rapid_sm_addin_msgs/share/gennodejs/ros/abb_rapid_sm_addin_msgs/msg/_index.js, /home/himaet23/EwasteNonDestructiveDisassembly/devel/share/gennodejs/ros/abb_rapid_sm_addin_msgs/msg/_index.js)
Linked: (/home/himaet23/EwasteNonDestructiveDisassembly/devel/.private/abb_rapid_sm_addin_msgs/share/gennodejs/ros/abb_rapid_sm_addin_msgs/msg/StateMachineState.js, /home/himaet23/EwasteNonDestructiveDisassembly/devel/share/gennodejs/ros/abb_rapid_sm_addin_msgs/msg/StateMachineState.js)
Linked: (/home/himaet23/EwasteNonDestructiveDisassembly/devel/.private/abb_rapid_sm_addin_msgs/share/gennodejs/ros/abb_rapid_sm_addin_msgs/msg/EGMSettings.js, /home/himaet23/EwasteNonDestructiveDisassembly/devel/share/gennodejs/ros/abb_rapid_sm_addin_msgs/msg/EGMSettings.js)
Linked: (/home/himaet23/EwasteNonDestructiveDisassembly/devel/.private/abb_rapid_sm_addin_msgs/share/gennodejs/ros/abb_rapid_sm_addin_msgs/srv/SetSGCommand.js, /home/himaet23/EwasteNonDestructiveDisassembly/devel/share/gennodejs/ros/abb_rapid_sm_addin_msgs/srv/SetSGCommand.js)
Linked: (/home/himaet23/EwasteNonDestructiveDisassembly/devel/.private/abb_rapid_sm_addin_msgs/share/gennodejs/ros/abb_rapid_sm_addin_msgs/srv/GetEGMSettings.js, /home/himaet23/EwasteNonDestructiveDisassembly/devel/share/gennodejs/ros/abb_rapid_sm_addin_msgs/srv/GetEGMSettings.js)
Linked: (/home/himaet23/EwasteNonDestructiveDisassembly/devel/.private/abb_rapid_sm_addin_msgs/share/gennodejs/ros/abb_rapid_sm_addin_msgs/srv/_index.js, /home/himaet23/EwasteNonDestructiveDisassembly/devel/share/gennodejs/ros/abb_rapid_sm_addin_msgs/srv/_index.js)
Linked: (/home/himaet23/EwasteNonDestructiveDisassembly/devel/.private/abb_rapid_sm_addin_msgs/share/gennodejs/ros/abb_rapid_sm_addin_msgs/srv/SetRAPIDRoutine.js, /home/himaet23/EwasteNonDestructiveDisassembly/devel/share/gennodejs/ros/abb_rapid_sm_addin_msgs/srv/SetRAPIDRoutine.js)
Linked: (/home/himaet23/EwasteNonDestructiveDisassembly/devel/.private/abb_rapid_sm_addin_msgs/share/gennodejs/ros/abb_rapid_sm_addin_msgs/srv/SetEGMSettings.js, /home/himaet23/EwasteNonDestructiveDisassembly/devel/share/gennodejs/ros/abb_rapid_sm_addin_msgs/srv/SetEGMSettings.js)
Linked: (/home/himaet23/EwasteNonDestructiveDisassembly/devel/.private/abb_rapid_sm_addin_msgs/lib/pkgconfig/abb_rapid_sm_addin_msgs.pc, /home/himaet23/EwasteNonDestructiveDisassembly/devel/lib/pkgconfig/abb_rapid_sm_addin_msgs.pc)
Linked: (/home/himaet23/EwasteNonDestructiveDisassembly/devel/.private/abb_rapid_sm_addin_msgs/lib/python3/dist-packages/abb_rapid_sm_addin_msgs/py.typed, /home/himaet23/EwasteNonDestructiveDisassembly/devel/lib/python3/dist-packages/abb_rapid_sm_addin_msgs/py.typed)
Linked: (/home/himaet23/EwasteNonDestructiveDisassembly/devel/.private/abb_rapid_sm_addin_msgs/lib/python3/dist-packages/abb_rapid_sm_addin_msgs/__init__.py, /home/himaet23/EwasteNonDestructiveDisassembly/devel/lib/python3/dist-packages/abb_rapid_sm_addin_msgs/__init__.py)
Linked: (/home/himaet23/EwasteNonDestructiveDisassembly/devel/.private/abb_rapid_sm_addin_msgs/lib/python3/dist-packages/abb_rapid_sm_addin_msgs/__init__.pyi, /home/himaet23/EwasteNonDestructiveDisassembly/devel/lib/python3/dist-packages/abb_rapid_sm_addin_msgs/__init__.pyi)
Linked: (/home/himaet23/EwasteNonDestructiveDisassembly/devel/.private/abb_rapid_sm_addin_msgs/lib/python3/dist-packages/abb_rapid_sm_addin_msgs/msg/_RuntimeState.py, /home/himaet23/EwasteNonDestructiveDisassembly/devel/lib/python3/dist-packages/abb_rapid_sm_addin_msgs/msg/_RuntimeState.py)
Linked: (/home/himaet23/EwasteNonDestructiveDisassembly/devel/.private/abb_rapid_sm_addin_msgs/lib/python3/dist-packages/abb_rapid_sm_addin_msgs/msg/_EGMStopSettings.pyi, /home/himaet23/EwasteNonDestructiveDisassembly/devel/lib/python3/dist-packages/abb_rapid_sm_addin_msgs/msg/_EGMStopSettings.pyi)
Linked: (/home/himaet23/EwasteNonDestructiveDisassembly/devel/.private/abb_rapid_sm_addin_msgs/lib/python3/dist-packages/abb_rapid_sm_addin_msgs/msg/_EGMStopSettings.py, /home/himaet23/EwasteNonDestructiveDisassembly/devel/lib/python3/dist-packages/abb_rapid_sm_addin_msgs/msg/_EGMStopSettings.py)
Linked: (/home/himaet23/EwasteNonDestructiveDisassembly/devel/.private/abb_rapid_sm_addin_msgs/lib/python3/dist-packages/abb_rapid_sm_addin_msgs/msg/_EGMActivateSettings.pyi, /home/himaet23/EwasteNonDestructiveDisassembly/devel/lib/python3/dist-packages/abb_rapid_sm_addin_msgs/msg/_EGMActivateSettings.pyi)
Linked: (/home/himaet23/EwasteNonDestructiveDisassembly/devel/.private/abb_rapid_sm_addin_msgs/lib/python3/dist-packages/abb_rapid_sm_addin_msgs/msg/_EGMSettings.py, /home/himaet23/EwasteNonDestructiveDisassembly/devel/lib/python3/dist-packages/abb_rapid_sm_addin_msgs/msg/_EGMSettings.py)
Linked: (/home/himaet23/EwasteNonDestructiveDisassembly/devel/.private/abb_rapid_sm_addin_msgs/lib/python3/dist-packages/abb_rapid_sm_addin_msgs/msg/_StateMachineState.pyi, /home/himaet23/EwasteNonDestructiveDisassembly/devel/lib/python3/dist-packages/abb_rapid_sm_addin_msgs/msg/_StateMachineState.pyi)
Linked: (/home/himaet23/EwasteNonDestructiveDisassembly/devel/.private/abb_rapid_sm_addin_msgs/lib/python3/dist-packages/abb_rapid_sm_addin_msgs/msg/_StateMachineState.py, /home/himaet23/EwasteNonDestructiveDisassembly/devel/lib/python3/dist-packages/abb_rapid_sm_addin_msgs/msg/_StateMachineState.py)
Linked: (/home/himaet23/EwasteNonDestructiveDisassembly/devel/.private/abb_rapid_sm_addin_msgs/lib/python3/dist-packages/abb_rapid_sm_addin_msgs/msg/__init__.py, /home/himaet23/EwasteNonDestructiveDisassembly/devel/lib/python3/dist-packages/abb_rapid_sm_addin_msgs/msg/__init__.py)
Linked: (/home/himaet23/EwasteNonDestructiveDisassembly/devel/.private/abb_rapid_sm_addin_msgs/lib/python3/dist-packages/abb_rapid_sm_addin_msgs/msg/_EGMSetupSettings.pyi, /home/himaet23/EwasteNonDestructiveDisassembly/devel/lib/python3/dist-packages/abb_rapid_sm_addin_msgs/msg/_EGMSetupSettings.pyi)
Linked: (/home/himaet23/EwasteNonDestructiveDisassembly/devel/.private/abb_rapid_sm_addin_msgs/lib/python3/dist-packages/abb_rapid_sm_addin_msgs/msg/_EGMSettings.pyi, /home/himaet23/EwasteNonDestructiveDisassembly/devel/lib/python3/dist-packages/abb_rapid_sm_addin_msgs/msg/_EGMSettings.pyi)
Linked: (/home/himaet23/EwasteNonDestructiveDisassembly/devel/.private/abb_rapid_sm_addin_msgs/lib/python3/dist-packages/abb_rapid_sm_addin_msgs/msg/_RuntimeState.pyi, /home/himaet23/EwasteNonDestructiveDisassembly/devel/lib/python3/dist-packages/abb_rapid_sm_addin_msgs/msg/_RuntimeState.pyi)
Linked: (/home/himaet23/EwasteNonDestructiveDisassembly/devel/.private/abb_rapid_sm_addin_msgs/lib/python3/dist-packages/abb_rapid_sm_addin_msgs/msg/_EGMRunSettings.pyi, /home/himaet23/EwasteNonDestructiveDisassembly/devel/lib/python3/dist-packages/abb_rapid_sm_addin_msgs/msg/_EGMRunSettings.pyi)
Linked: (/home/himaet23/EwasteNonDestructiveDisassembly/devel/.private/abb_rapid_sm_addin_msgs/lib/python3/dist-packages/abb_rapid_sm_addin_msgs/msg/__init__.pyi, /home/himaet23/EwasteNonDestructiveDisassembly/devel/lib/python3/dist-packages/abb_rapid_sm_addin_msgs/msg/__init__.pyi)
Linked: (/home/himaet23/EwasteNonDestructiveDisassembly/devel/.private/abb_rapid_sm_addin_msgs/lib/python3/dist-packages/abb_rapid_sm_addin_msgs/msg/_EGMActivateSettings.py, /home/himaet23/EwasteNonDestructiveDisassembly/devel/lib/python3/dist-packages/abb_rapid_sm_addin_msgs/msg/_EGMActivateSettings.py)
Linked: (/home/himaet23/EwasteNonDestructiveDisassembly/devel/.private/abb_rapid_sm_addin_msgs/lib/python3/dist-packages/abb_rapid_sm_addin_msgs/msg/_EGMRunSettings.py, /home/himaet23/EwasteNonDestructiveDisassembly/devel/lib/python3/dist-packages/abb_rapid_sm_addin_msgs/msg/_EGMRunSettings.py)
Linked: (/home/himaet23/EwasteNonDestructiveDisassembly/devel/.private/abb_rapid_sm_addin_msgs/lib/python3/dist-packages/abb_rapid_sm_addin_msgs/msg/_EGMSetupSettings.py, /home/himaet23/EwasteNonDestructiveDisassembly/devel/lib/python3/dist-packages/abb_rapid_sm_addin_msgs/msg/_EGMSetupSettings.py)
Linked: (/home/himaet23/EwasteNonDestructiveDisassembly/devel/.private/abb_rapid_sm_addin_msgs/lib/python3/dist-packages/abb_rapid_sm_addin_msgs/srv/_SetRAPIDRoutine.py, /home/himaet23/EwasteNonDestructiveDisassembly/devel/lib/python3/dist-packages/abb_rapid_sm_addin_msgs/srv/_SetRAPIDRoutine.py)
Linked: (/home/himaet23/EwasteNonDestructiveDisassembly/devel/.private/abb_rapid_sm_addin_msgs/lib/python3/dist-packages/abb_rapid_sm_addin_msgs/srv/_SetRAPIDRoutine.pyi, /home/himaet23/EwasteNonDestructiveDisassembly/devel/lib/python3/dist-packages/abb_rapid_sm_addin_msgs/srv/_SetRAPIDRoutine.pyi)
Linked: (/home/himaet23/EwasteNonDestructiveDisassembly/devel/.private/abb_rapid_sm_addin_msgs/lib/python3/dist-packages/abb_rapid_sm_addin_msgs/srv/_GetEGMSettings.py, /home/himaet23/EwasteNonDestructiveDisassembly/devel/lib/python3/dist-packages/abb_rapid_sm_addin_msgs/srv/_GetEGMSettings.py)
Linked: (/home/himaet23/EwasteNonDestructiveDisassembly/devel/.private/abb_rapid_sm_addin_msgs/lib/python3/dist-packages/abb_rapid_sm_addin_msgs/srv/_SetSGCommand.py, /home/himaet23/EwasteNonDestructiveDisassembly/devel/lib/python3/dist-packages/abb_rapid_sm_addin_msgs/srv/_SetSGCommand.py)
Linked: (/home/himaet23/EwasteNonDestructiveDisassembly/devel/.private/abb_rapid_sm_addin_msgs/lib/python3/dist-packages/abb_rapid_sm_addin_msgs/srv/__init__.py, /home/himaet23/EwasteNonDestructiveDisassembly/devel/lib/python3/dist-packages/abb_rapid_sm_addin_msgs/srv/__init__.py)
Linked: (/home/himaet23/EwasteNonDestructiveDisassembly/devel/.private/abb_rapid_sm_addin_msgs/lib/python3/dist-packages/abb_rapid_sm_addin_msgs/srv/_SetEGMSettings.pyi, /home/himaet23/EwasteNonDestructiveDisassembly/devel/lib/python3/dist-packages/abb_rapid_sm_addin_msgs/srv/_SetEGMSettings.pyi)
Linked: (/home/himaet23/EwasteNonDestructiveDisassembly/devel/.private/abb_rapid_sm_addin_msgs/lib/python3/dist-packages/abb_rapid_sm_addin_msgs/srv/__init__.pyi, /home/himaet23/EwasteNonDestructiveDisassembly/devel/lib/python3/dist-packages/abb_rapid_sm_addin_msgs/srv/__init__.pyi)
Linked: (/home/himaet23/EwasteNonDestructiveDisassembly/devel/.private/abb_rapid_sm_addin_msgs/lib/python3/dist-packages/abb_rapid_sm_addin_msgs/srv/_SetSGCommand.pyi, /home/himaet23/EwasteNonDestructiveDisassembly/devel/lib/python3/dist-packages/abb_rapid_sm_addin_msgs/srv/_SetSGCommand.pyi)
Linked: (/home/himaet23/EwasteNonDestructiveDisassembly/devel/.private/abb_rapid_sm_addin_msgs/lib/python3/dist-packages/abb_rapid_sm_addin_msgs/srv/_SetEGMSettings.py, /home/himaet23/EwasteNonDestructiveDisassembly/devel/lib/python3/dist-packages/abb_rapid_sm_addin_msgs/srv/_SetEGMSettings.py)
Linked: (/home/himaet23/EwasteNonDestructiveDisassembly/devel/.private/abb_rapid_sm_addin_msgs/lib/python3/dist-packages/abb_rapid_sm_addin_msgs/srv/_GetEGMSettings.pyi, /home/himaet23/EwasteNonDestructiveDisassembly/devel/lib/python3/dist-packages/abb_rapid_sm_addin_msgs/srv/_GetEGMSettings.pyi)
