In file included from [01m[K/home/himaet23/EwasteNonDestructiveDisassembly/src/ABB_Dependent/abb_robot_driver/abb_robot_cpp_utilities/include/abb_robot_cpp_utilities/mapping.h:40[m[K,
                 from [01m[K/home/himaet23/EwasteNonDestructiveDisassembly/src/ABB_Dependent/abb_robot_driver/abb_egm_state_controller/src/egm_state_controller.cpp:39[m[K:
[01m[K/home/himaet23/EwasteNonDestructiveDisassembly/devel/include/abb_librws/rws_rapid.h:[m[K In copy constructor ‘[01m[Kabb::rws::ToolData::ToolData(const abb::rws::ToolData&)[m[K’:
[01m[K/home/himaet23/EwasteNonDestructiveDisassembly/devel/include/abb_librws/rws_rapid.h:830:22:[m[K [01;35m[Kwarning: [m[Kimplicitly-declared ‘[01m[Kabb::rws::Pose& abb::rws::Pose::operator=(const abb::rws::Pose&)[m[K’ is deprecated [[01;35m[K-Wdeprecated-copy[m[K]
  830 |       tframe = other.[01;35m[Ktframe[m[K;
      |                      [01;35m[K^~~~~~[m[K
[01m[K/home/himaet23/EwasteNonDestructiveDisassembly/devel/include/abb_librws/rws_rapid.h:593:3:[m[K [01;36m[Knote: [m[Kbecause ‘[01m[Kabb::rws::Pose[m[K’ has user-provided ‘[01m[Kabb::rws::Pose::Pose(const abb::rws::Pose&)[m[K’
  593 |   [01;36m[KPose[m[K(const Pose& other)
      |   [01;36m[K^~~~[m[K
[01m[K/home/himaet23/EwasteNonDestructiveDisassembly/devel/include/abb_librws/rws_rapid.h:831:21:[m[K [01;35m[Kwarning: [m[Kimplicitly-declared ‘[01m[Kabb::rws::LoadData& abb::rws::LoadData::operator=(const abb::rws::LoadData&)[m[K’ is deprecated [[01;35m[K-Wdeprecated-copy[m[K]
  831 |       tload = other.[01;35m[Ktload[m[K;
      |                     [01;35m[K^~~~~[m[K
[01m[K/home/himaet23/EwasteNonDestructiveDisassembly/devel/include/abb_librws/rws_rapid.h:747:3:[m[K [01;36m[Knote: [m[Kbecause ‘[01m[Kabb::rws::LoadData[m[K’ has user-provided ‘[01m[Kabb::rws::LoadData::LoadData(const abb::rws::LoadData&)[m[K’
  747 |   [01;36m[KLoadData[m[K(const LoadData& other)
      |   [01;36m[K^~~~~~~~[m[K
[01m[K/home/himaet23/EwasteNonDestructiveDisassembly/devel/include/abb_librws/rws_rapid.h:[m[K In copy constructor ‘[01m[Kabb::rws::WObjData::WObjData(const abb::rws::WObjData&)[m[K’:
[01m[K/home/himaet23/EwasteNonDestructiveDisassembly/devel/include/abb_librws/rws_rapid.h:889:22:[m[K [01;35m[Kwarning: [m[Kimplicitly-declared ‘[01m[Kabb::rws::Pose& abb::rws::Pose::operator=(const abb::rws::Pose&)[m[K’ is deprecated [[01;35m[K-Wdeprecated-copy[m[K]
  889 |       uframe = other.[01;35m[Kuframe[m[K;
      |                      [01;35m[K^~~~~~[m[K
[01m[K/home/himaet23/EwasteNonDestructiveDisassembly/devel/include/abb_librws/rws_rapid.h:593:3:[m[K [01;36m[Knote: [m[Kbecause ‘[01m[Kabb::rws::Pose[m[K’ has user-provided ‘[01m[Kabb::rws::Pose::Pose(const abb::rws::Pose&)[m[K’
  593 |   [01;36m[KPose[m[K(const Pose& other)
      |   [01;36m[K^~~~[m[K
[01m[K/home/himaet23/EwasteNonDestructiveDisassembly/devel/include/abb_librws/rws_rapid.h:890:22:[m[K [01;35m[Kwarning: [m[Kimplicitly-declared ‘[01m[Kabb::rws::Pose& abb::rws::Pose::operator=(const abb::rws::Pose&)[m[K’ is deprecated [[01;35m[K-Wdeprecated-copy[m[K]
  890 |       oframe = other.[01;35m[Koframe[m[K;
      |                      [01;35m[K^~~~~~[m[K
[01m[K/home/himaet23/EwasteNonDestructiveDisassembly/devel/include/abb_librws/rws_rapid.h:593:3:[m[K [01;36m[Knote: [m[Kbecause ‘[01m[Kabb::rws::Pose[m[K’ has user-provided ‘[01m[Kabb::rws::Pose::Pose(const abb::rws::Pose&)[m[K’
  593 |   [01;36m[KPose[m[K(const Pose& other)
      |   [01;36m[K^~~~[m[K
In file included from [01m[K/home/himaet23/EwasteNonDestructiveDisassembly/devel/include/abb_egm_rws_managers/data_containers.h:45[m[K,
                 from [01m[K/home/himaet23/EwasteNonDestructiveDisassembly/devel/include/abb_egm_rws_managers/utilities.h:46[m[K,
                 from [01m[K/home/himaet23/EwasteNonDestructiveDisassembly/src/ABB_Dependent/abb_robot_driver/abb_robot_cpp_utilities/include/abb_robot_cpp_utilities/mapping.h:42[m[K,
                 from [01m[K/home/himaet23/EwasteNonDestructiveDisassembly/src/ABB_Dependent/abb_robot_driver/abb_egm_state_controller/src/egm_state_controller.cpp:39[m[K:
[01m[K/home/himaet23/EwasteNonDestructiveDisassembly/devel/include/abb_librws/rws_state_machine_interface.h:[m[K In copy constructor ‘[01m[Kabb::rws::RWSStateMachineInterface::EGMActivateSettings::EGMActivateSettings(const abb::rws::RWSStateMachineInterface::EGMActivateSettings&)[m[K’:
[01m[K/home/himaet23/EwasteNonDestructiveDisassembly/devel/include/abb_librws/rws_state_machine_interface.h:440:22:[m[K [01;35m[Kwarning: [m[Kimplicitly-declared ‘[01m[Kabb::rws::ToolData& abb::rws::ToolData::operator=(const abb::rws::ToolData&)[m[K’ is deprecated [[01;35m[K-Wdeprecated-copy[m[K]
  440 |         tool = other.[01;35m[Ktool[m[K;
      |                      [01;35m[K^~~~[m[K
In file included from [01m[K/home/himaet23/EwasteNonDestructiveDisassembly/src/ABB_Dependent/abb_robot_driver/abb_robot_cpp_utilities/include/abb_robot_cpp_utilities/mapping.h:40[m[K,
                 from [01m[K/home/himaet23/EwasteNonDestructiveDisassembly/src/ABB_Dependent/abb_robot_driver/abb_egm_state_controller/src/egm_state_controller.cpp:39[m[K:
[01m[K/home/himaet23/EwasteNonDestructiveDisassembly/devel/include/abb_librws/rws_rapid.h:823:3:[m[K [01;36m[Knote: [m[Kbecause ‘[01m[Kabb::rws::ToolData[m[K’ has user-provided ‘[01m[Kabb::rws::ToolData::ToolData(const abb::rws::ToolData&)[m[K’
  823 |   [01;36m[KToolData[m[K(const ToolData& other)
      |   [01;36m[K^~~~~~~~[m[K
[01m[K/home/himaet23/EwasteNonDestructiveDisassembly/devel/include/abb_librws/rws_rapid.h:[m[K In member function ‘[01m[Kabb::rws::ToolData& abb::rws::ToolData::operator=(const abb::rws::ToolData&)[m[K’:
[01m[K/home/himaet23/EwasteNonDestructiveDisassembly/devel/include/abb_librws/rws_rapid.h:803:8:[m[K [01;35m[Kwarning: [m[Kimplicitly-declared ‘[01m[Kabb::rws::Pose& abb::rws::Pose::operator=(const abb::rws::Pose&)[m[K’ is deprecated [[01;35m[K-Wdeprecated-copy[m[K]
  803 | struct [01;35m[KToolData[m[K : public RAPIDRecord
      |        [01;35m[K^~~~~~~~[m[K
[01m[K/home/himaet23/EwasteNonDestructiveDisassembly/devel/include/abb_librws/rws_rapid.h:593:3:[m[K [01;36m[Knote: [m[Kbecause ‘[01m[Kabb::rws::Pose[m[K’ has user-provided ‘[01m[Kabb::rws::Pose::Pose(const abb::rws::Pose&)[m[K’
  593 |   [01;36m[KPose[m[K(const Pose& other)
      |   [01;36m[K^~~~[m[K
[01m[K/home/himaet23/EwasteNonDestructiveDisassembly/devel/include/abb_librws/rws_rapid.h:803:8:[m[K [01;35m[Kwarning: [m[Kimplicitly-declared ‘[01m[Kabb::rws::LoadData& abb::rws::LoadData::operator=(const abb::rws::LoadData&)[m[K’ is deprecated [[01;35m[K-Wdeprecated-copy[m[K]
  803 | struct [01;35m[KToolData[m[K : public RAPIDRecord
      |        [01;35m[K^~~~~~~~[m[K
[01m[K/home/himaet23/EwasteNonDestructiveDisassembly/devel/include/abb_librws/rws_rapid.h:747:3:[m[K [01;36m[Knote: [m[Kbecause ‘[01m[Kabb::rws::LoadData[m[K’ has user-provided ‘[01m[Kabb::rws::LoadData::LoadData(const abb::rws::LoadData&)[m[K’
  747 |   [01;36m[KLoadData[m[K(const LoadData& other)
      |   [01;36m[K^~~~~~~~[m[K
In file included from [01m[K/home/himaet23/EwasteNonDestructiveDisassembly/devel/include/abb_egm_rws_managers/data_containers.h:45[m[K,
                 from [01m[K/home/himaet23/EwasteNonDestructiveDisassembly/devel/include/abb_egm_rws_managers/utilities.h:46[m[K,
                 from [01m[K/home/himaet23/EwasteNonDestructiveDisassembly/src/ABB_Dependent/abb_robot_driver/abb_robot_cpp_utilities/include/abb_robot_cpp_utilities/mapping.h:42[m[K,
                 from [01m[K/home/himaet23/EwasteNonDestructiveDisassembly/src/ABB_Dependent/abb_robot_driver/abb_egm_state_controller/src/egm_state_controller.cpp:39[m[K:
[01m[K/home/himaet23/EwasteNonDestructiveDisassembly/devel/include/abb_librws/rws_state_machine_interface.h:[m[K In copy constructor ‘[01m[Kabb::rws::RWSStateMachineInterface::EGMActivateSettings::EGMActivateSettings(const abb::rws::RWSStateMachineInterface::EGMActivateSettings&)[m[K’:
[01m[K/home/himaet23/EwasteNonDestructiveDisassembly/devel/include/abb_librws/rws_state_machine_interface.h:440:22:[m[K [01;36m[Knote: [m[Ksynthesized method ‘[01m[Kabb::rws::ToolData& abb::rws::ToolData::operator=(const abb::rws::ToolData&)[m[K’ first required here
  440 |         tool = other.[01;36m[Ktool[m[K;
      |                      [01;36m[K^~~~[m[K
[01m[K/home/himaet23/EwasteNonDestructiveDisassembly/devel/include/abb_librws/rws_state_machine_interface.h:441:22:[m[K [01;35m[Kwarning: [m[Kimplicitly-declared ‘[01m[Kabb::rws::WObjData& abb::rws::WObjData::operator=(const abb::rws::WObjData&)[m[K’ is deprecated [[01;35m[K-Wdeprecated-copy[m[K]
  441 |         wobj = other.[01;35m[Kwobj[m[K;
      |                      [01;35m[K^~~~[m[K
In file included from [01m[K/home/himaet23/EwasteNonDestructiveDisassembly/src/ABB_Dependent/abb_robot_driver/abb_robot_cpp_utilities/include/abb_robot_cpp_utilities/mapping.h:40[m[K,
                 from [01m[K/home/himaet23/EwasteNonDestructiveDisassembly/src/ABB_Dependent/abb_robot_driver/abb_egm_state_controller/src/egm_state_controller.cpp:39[m[K:
[01m[K/home/himaet23/EwasteNonDestructiveDisassembly/devel/include/abb_librws/rws_rapid.h:880:3:[m[K [01;36m[Knote: [m[Kbecause ‘[01m[Kabb::rws::WObjData[m[K’ has user-provided ‘[01m[Kabb::rws::WObjData::WObjData(const abb::rws::WObjData&)[m[K’
  880 |   [01;36m[KWObjData[m[K(const WObjData& other)
      |   [01;36m[K^~~~~~~~[m[K
[01m[K/home/himaet23/EwasteNonDestructiveDisassembly/devel/include/abb_librws/rws_rapid.h:[m[K In member function ‘[01m[Kabb::rws::WObjData& abb::rws::WObjData::operator=(const abb::rws::WObjData&)[m[K’:
[01m[K/home/himaet23/EwasteNonDestructiveDisassembly/devel/include/abb_librws/rws_rapid.h:858:8:[m[K [01;35m[Kwarning: [m[Kimplicitly-declared ‘[01m[Kabb::rws::Pose& abb::rws::Pose::operator=(const abb::rws::Pose&)[m[K’ is deprecated [[01;35m[K-Wdeprecated-copy[m[K]
  858 | struct [01;35m[KWObjData[m[K : public RAPIDRecord
      |        [01;35m[K^~~~~~~~[m[K
[01m[K/home/himaet23/EwasteNonDestructiveDisassembly/devel/include/abb_librws/rws_rapid.h:593:3:[m[K [01;36m[Knote: [m[Kbecause ‘[01m[Kabb::rws::Pose[m[K’ has user-provided ‘[01m[Kabb::rws::Pose::Pose(const abb::rws::Pose&)[m[K’
  593 |   [01;36m[KPose[m[K(const Pose& other)
      |   [01;36m[K^~~~[m[K
[01m[K/home/himaet23/EwasteNonDestructiveDisassembly/devel/include/abb_librws/rws_rapid.h:858:8:[m[K [01;35m[Kwarning: [m[Kimplicitly-declared ‘[01m[Kabb::rws::Pose& abb::rws::Pose::operator=(const abb::rws::Pose&)[m[K’ is deprecated [[01;35m[K-Wdeprecated-copy[m[K]
  858 | struct [01;35m[KWObjData[m[K : public RAPIDRecord
      |        [01;35m[K^~~~~~~~[m[K
[01m[K/home/himaet23/EwasteNonDestructiveDisassembly/devel/include/abb_librws/rws_rapid.h:593:3:[m[K [01;36m[Knote: [m[Kbecause ‘[01m[Kabb::rws::Pose[m[K’ has user-provided ‘[01m[Kabb::rws::Pose::Pose(const abb::rws::Pose&)[m[K’
  593 |   [01;36m[KPose[m[K(const Pose& other)
      |   [01;36m[K^~~~[m[K
In file included from [01m[K/home/himaet23/EwasteNonDestructiveDisassembly/devel/include/abb_egm_rws_managers/data_containers.h:45[m[K,
                 from [01m[K/home/himaet23/EwasteNonDestructiveDisassembly/devel/include/abb_egm_rws_managers/utilities.h:46[m[K,
                 from [01m[K/home/himaet23/EwasteNonDestructiveDisassembly/src/ABB_Dependent/abb_robot_driver/abb_robot_cpp_utilities/include/abb_robot_cpp_utilities/mapping.h:42[m[K,
                 from [01m[K/home/himaet23/EwasteNonDestructiveDisassembly/src/ABB_Dependent/abb_robot_driver/abb_egm_state_controller/src/egm_state_controller.cpp:39[m[K:
[01m[K/home/himaet23/EwasteNonDestructiveDisassembly/devel/include/abb_librws/rws_state_machine_interface.h:[m[K In copy constructor ‘[01m[Kabb::rws::RWSStateMachineInterface::EGMActivateSettings::EGMActivateSettings(const abb::rws::RWSStateMachineInterface::EGMActivateSettings&)[m[K’:
[01m[K/home/himaet23/EwasteNonDestructiveDisassembly/devel/include/abb_librws/rws_state_machine_interface.h:441:22:[m[K [01;36m[Knote: [m[Ksynthesized method ‘[01m[Kabb::rws::WObjData& abb::rws::WObjData::operator=(const abb::rws::WObjData&)[m[K’ first required here
  441 |         wobj = other.[01;36m[Kwobj[m[K;
      |                      [01;36m[K^~~~[m[K
[01m[K/home/himaet23/EwasteNonDestructiveDisassembly/devel/include/abb_librws/rws_state_machine_interface.h:442:34:[m[K [01;35m[Kwarning: [m[Kimplicitly-declared ‘[01m[Kabb::rws::Pose& abb::rws::Pose::operator=(const abb::rws::Pose&)[m[K’ is deprecated [[01;35m[K-Wdeprecated-copy[m[K]
  442 |         correction_frame = other.[01;35m[Kcorrection_frame[m[K;
      |                                  [01;35m[K^~~~~~~~~~~~~~~~[m[K
In file included from [01m[K/home/himaet23/EwasteNonDestructiveDisassembly/src/ABB_Dependent/abb_robot_driver/abb_robot_cpp_utilities/include/abb_robot_cpp_utilities/mapping.h:40[m[K,
                 from [01m[K/home/himaet23/EwasteNonDestructiveDisassembly/src/ABB_Dependent/abb_robot_driver/abb_egm_state_controller/src/egm_state_controller.cpp:39[m[K:
[01m[K/home/himaet23/EwasteNonDestructiveDisassembly/devel/include/abb_librws/rws_rapid.h:593:3:[m[K [01;36m[Knote: [m[Kbecause ‘[01m[Kabb::rws::Pose[m[K’ has user-provided ‘[01m[Kabb::rws::Pose::Pose(const abb::rws::Pose&)[m[K’
  593 |   [01;36m[KPose[m[K(const Pose& other)
      |   [01;36m[K^~~~[m[K
In file included from [01m[K/home/himaet23/EwasteNonDestructiveDisassembly/devel/include/abb_egm_rws_managers/data_containers.h:45[m[K,
                 from [01m[K/home/himaet23/EwasteNonDestructiveDisassembly/devel/include/abb_egm_rws_managers/utilities.h:46[m[K,
                 from [01m[K/home/himaet23/EwasteNonDestructiveDisassembly/src/ABB_Dependent/abb_robot_driver/abb_robot_cpp_utilities/include/abb_robot_cpp_utilities/mapping.h:42[m[K,
                 from [01m[K/home/himaet23/EwasteNonDestructiveDisassembly/src/ABB_Dependent/abb_robot_driver/abb_egm_state_controller/src/egm_state_controller.cpp:39[m[K:
[01m[K/home/himaet23/EwasteNonDestructiveDisassembly/devel/include/abb_librws/rws_state_machine_interface.h:443:30:[m[K [01;35m[Kwarning: [m[Kimplicitly-declared ‘[01m[Kabb::rws::Pose& abb::rws::Pose::operator=(const abb::rws::Pose&)[m[K’ is deprecated [[01;35m[K-Wdeprecated-copy[m[K]
  443 |         sensor_frame = other.[01;35m[Ksensor_frame[m[K;
      |                              [01;35m[K^~~~~~~~~~~~[m[K
In file included from [01m[K/home/himaet23/EwasteNonDestructiveDisassembly/src/ABB_Dependent/abb_robot_driver/abb_robot_cpp_utilities/include/abb_robot_cpp_utilities/mapping.h:40[m[K,
                 from [01m[K/home/himaet23/EwasteNonDestructiveDisassembly/src/ABB_Dependent/abb_robot_driver/abb_egm_state_controller/src/egm_state_controller.cpp:39[m[K:
[01m[K/home/himaet23/EwasteNonDestructiveDisassembly/devel/include/abb_librws/rws_rapid.h:593:3:[m[K [01;36m[Knote: [m[Kbecause ‘[01m[Kabb::rws::Pose[m[K’ has user-provided ‘[01m[Kabb::rws::Pose::Pose(const abb::rws::Pose&)[m[K’
  593 |   [01;36m[KPose[m[K(const Pose& other)
      |   [01;36m[K^~~~[m[K
In file included from [01m[K/home/himaet23/EwasteNonDestructiveDisassembly/devel/include/abb_egm_rws_managers/data_containers.h:45[m[K,
                 from [01m[K/home/himaet23/EwasteNonDestructiveDisassembly/devel/include/abb_egm_rws_managers/utilities.h:46[m[K,
                 from [01m[K/home/himaet23/EwasteNonDestructiveDisassembly/src/ABB_Dependent/abb_robot_driver/abb_robot_cpp_utilities/include/abb_robot_cpp_utilities/mapping.h:42[m[K,
                 from [01m[K/home/himaet23/EwasteNonDestructiveDisassembly/src/ABB_Dependent/abb_robot_driver/abb_egm_state_controller/src/egm_state_controller.cpp:39[m[K:
[01m[K/home/himaet23/EwasteNonDestructiveDisassembly/devel/include/abb_librws/rws_state_machine_interface.h:[m[K In copy constructor ‘[01m[Kabb::rws::RWSStateMachineInterface::EGMRunSettings::EGMRunSettings(const abb::rws::RWSStateMachineInterface::EGMRunSettings&)[m[K’:
[01m[K/home/himaet23/EwasteNonDestructiveDisassembly/devel/include/abb_librws/rws_state_machine_interface.h:543:24:[m[K [01;35m[Kwarning: [m[Kimplicitly-declared ‘[01m[Kabb::rws::Pose& abb::rws::Pose::operator=(const abb::rws::Pose&)[m[K’ is deprecated [[01;35m[K-Wdeprecated-copy[m[K]
  543 |         offset = other.[01;35m[Koffset[m[K;
      |                        [01;35m[K^~~~~~[m[K
In file included from [01m[K/home/himaet23/EwasteNonDestructiveDisassembly/src/ABB_Dependent/abb_robot_driver/abb_robot_cpp_utilities/include/abb_robot_cpp_utilities/mapping.h:40[m[K,
                 from [01m[K/home/himaet23/EwasteNonDestructiveDisassembly/src/ABB_Dependent/abb_robot_driver/abb_egm_state_controller/src/egm_state_controller.cpp:39[m[K:
[01m[K/home/himaet23/EwasteNonDestructiveDisassembly/devel/include/abb_librws/rws_rapid.h:593:3:[m[K [01;36m[Knote: [m[Kbecause ‘[01m[Kabb::rws::Pose[m[K’ has user-provided ‘[01m[Kabb::rws::Pose::Pose(const abb::rws::Pose&)[m[K’
  593 |   [01;36m[KPose[m[K(const Pose& other)
      |   [01;36m[K^~~~[m[K
In file included from [01m[K/home/himaet23/EwasteNonDestructiveDisassembly/devel/include/abb_egm_rws_managers/data_containers.h:45[m[K,
                 from [01m[K/home/himaet23/EwasteNonDestructiveDisassembly/devel/include/abb_egm_rws_managers/utilities.h:46[m[K,
                 from [01m[K/home/himaet23/EwasteNonDestructiveDisassembly/src/ABB_Dependent/abb_robot_driver/abb_robot_cpp_utilities/include/abb_robot_cpp_utilities/mapping.h:42[m[K,
                 from [01m[K/home/himaet23/EwasteNonDestructiveDisassembly/src/ABB_Dependent/abb_robot_driver/abb_egm_state_controller/src/egm_state_controller.cpp:39[m[K:
[01m[K/home/himaet23/EwasteNonDestructiveDisassembly/devel/include/abb_librws/rws_state_machine_interface.h:[m[K In copy constructor ‘[01m[Kabb::rws::RWSStateMachineInterface::EGMSettings::EGMSettings(const abb::rws::RWSStateMachineInterface::EGMSettings&)[m[K’:
[01m[K/home/himaet23/EwasteNonDestructiveDisassembly/devel/include/abb_librws/rws_state_machine_interface.h:631:26:[m[K [01;35m[Kwarning: [m[Kimplicitly-declared ‘[01m[Kabb::rws::RWSStateMachineInterface::EGMActivateSettings& abb::rws::RWSStateMachineInterface::EGMActivateSettings::operator=(const abb::rws::RWSStateMachineInterface::EGMActivateSettings&)[m[K’ is deprecated [[01;35m[K-Wdeprecated-copy[m[K]
  631 |         activate = other.[01;35m[Kactivate[m[K;
      |                          [01;35m[K^~~~~~~~[m[K
[01m[K/home/himaet23/EwasteNonDestructiveDisassembly/devel/include/abb_librws/rws_state_machine_interface.h:434:5:[m[K [01;36m[Knote: [m[Kbecause ‘[01m[Kabb::rws::RWSStateMachineInterface::EGMActivateSettings[m[K’ has user-provided ‘[01m[Kabb::rws::RWSStateMachineInterface::EGMActivateSettings::EGMActivateSettings(const abb::rws::RWSStateMachineInterface::EGMActivateSettings&)[m[K’
  434 |     [01;36m[KEGMActivateSettings[m[K(const EGMActivateSettings& other)
      |     [01;36m[K^~~~~~~~~~~~~~~~~~~[m[K
[01m[K/home/himaet23/EwasteNonDestructiveDisassembly/devel/include/abb_librws/rws_state_machine_interface.h:[m[K In member function ‘[01m[Kabb::rws::RWSStateMachineInterface::EGMActivateSettings& abb::rws::RWSStateMachineInterface::EGMActivateSettings::operator=(const abb::rws::RWSStateMachineInterface::EGMActivateSettings&)[m[K’:
[01m[K/home/himaet23/EwasteNonDestructiveDisassembly/devel/include/abb_librws/rws_state_machine_interface.h:409:10:[m[K [01;35m[Kwarning: [m[Kimplicitly-declared ‘[01m[Kabb::rws::ToolData& abb::rws::ToolData::operator=(const abb::rws::ToolData&)[m[K’ is deprecated [[01;35m[K-Wdeprecated-copy[m[K]
  409 |   struct [01;35m[KEGMActivateSettings[m[K : public RAPIDRecord
      |          [01;35m[K^~~~~~~~~~~~~~~~~~~[m[K
In file included from [01m[K/home/himaet23/EwasteNonDestructiveDisassembly/src/ABB_Dependent/abb_robot_driver/abb_robot_cpp_utilities/include/abb_robot_cpp_utilities/mapping.h:40[m[K,
                 from [01m[K/home/himaet23/EwasteNonDestructiveDisassembly/src/ABB_Dependent/abb_robot_driver/abb_egm_state_controller/src/egm_state_controller.cpp:39[m[K:
[01m[K/home/himaet23/EwasteNonDestructiveDisassembly/devel/include/abb_librws/rws_rapid.h:823:3:[m[K [01;36m[Knote: [m[Kbecause ‘[01m[Kabb::rws::ToolData[m[K’ has user-provided ‘[01m[Kabb::rws::ToolData::ToolData(const abb::rws::ToolData&)[m[K’
  823 |   [01;36m[KToolData[m[K(const ToolData& other)
      |   [01;36m[K^~~~~~~~[m[K
In file included from [01m[K/home/himaet23/EwasteNonDestructiveDisassembly/devel/include/abb_egm_rws_managers/data_containers.h:45[m[K,
                 from [01m[K/home/himaet23/EwasteNonDestructiveDisassembly/devel/include/abb_egm_rws_managers/utilities.h:46[m[K,
                 from [01m[K/home/himaet23/EwasteNonDestructiveDisassembly/src/ABB_Dependent/abb_robot_driver/abb_robot_cpp_utilities/include/abb_robot_cpp_utilities/mapping.h:42[m[K,
                 from [01m[K/home/himaet23/EwasteNonDestructiveDisassembly/src/ABB_Dependent/abb_robot_driver/abb_egm_state_controller/src/egm_state_controller.cpp:39[m[K:
[01m[K/home/himaet23/EwasteNonDestructiveDisassembly/devel/include/abb_librws/rws_state_machine_interface.h:409:10:[m[K [01;35m[Kwarning: [m[Kimplicitly-declared ‘[01m[Kabb::rws::WObjData& abb::rws::WObjData::operator=(const abb::rws::WObjData&)[m[K’ is deprecated [[01;35m[K-Wdeprecated-copy[m[K]
  409 |   struct [01;35m[KEGMActivateSettings[m[K : public RAPIDRecord
      |          [01;35m[K^~~~~~~~~~~~~~~~~~~[m[K
In file included from [01m[K/home/himaet23/EwasteNonDestructiveDisassembly/src/ABB_Dependent/abb_robot_driver/abb_robot_cpp_utilities/include/abb_robot_cpp_utilities/mapping.h:40[m[K,
                 from [01m[K/home/himaet23/EwasteNonDestructiveDisassembly/src/ABB_Dependent/abb_robot_driver/abb_egm_state_controller/src/egm_state_controller.cpp:39[m[K:
[01m[K/home/himaet23/EwasteNonDestructiveDisassembly/devel/include/abb_librws/rws_rapid.h:880:3:[m[K [01;36m[Knote: [m[Kbecause ‘[01m[Kabb::rws::WObjData[m[K’ has user-provided ‘[01m[Kabb::rws::WObjData::WObjData(const abb::rws::WObjData&)[m[K’
  880 |   [01;36m[KWObjData[m[K(const WObjData& other)
      |   [01;36m[K^~~~~~~~[m[K
In file included from [01m[K/home/himaet23/EwasteNonDestructiveDisassembly/devel/include/abb_egm_rws_managers/data_containers.h:45[m[K,
                 from [01m[K/home/himaet23/EwasteNonDestructiveDisassembly/devel/include/abb_egm_rws_managers/utilities.h:46[m[K,
                 from [01m[K/home/himaet23/EwasteNonDestructiveDisassembly/src/ABB_Dependent/abb_robot_driver/abb_robot_cpp_utilities/include/abb_robot_cpp_utilities/mapping.h:42[m[K,
                 from [01m[K/home/himaet23/EwasteNonDestructiveDisassembly/src/ABB_Dependent/abb_robot_driver/abb_egm_state_controller/src/egm_state_controller.cpp:39[m[K:
[01m[K/home/himaet23/EwasteNonDestructiveDisassembly/devel/include/abb_librws/rws_state_machine_interface.h:409:10:[m[K [01;35m[Kwarning: [m[Kimplicitly-declared ‘[01m[Kabb::rws::Pose& abb::rws::Pose::operator=(const abb::rws::Pose&)[m[K’ is deprecated [[01;35m[K-Wdeprecated-copy[m[K]
  409 |   struct [01;35m[KEGMActivateSettings[m[K : public RAPIDRecord
      |          [01;35m[K^~~~~~~~~~~~~~~~~~~[m[K
In file included from [01m[K/home/himaet23/EwasteNonDestructiveDisassembly/src/ABB_Dependent/abb_robot_driver/abb_robot_cpp_utilities/include/abb_robot_cpp_utilities/mapping.h:40[m[K,
                 from [01m[K/home/himaet23/EwasteNonDestructiveDisassembly/src/ABB_Dependent/abb_robot_driver/abb_egm_state_controller/src/egm_state_controller.cpp:39[m[K:
[01m[K/home/himaet23/EwasteNonDestructiveDisassembly/devel/include/abb_librws/rws_rapid.h:593:3:[m[K [01;36m[Knote: [m[Kbecause ‘[01m[Kabb::rws::Pose[m[K’ has user-provided ‘[01m[Kabb::rws::Pose::Pose(const abb::rws::Pose&)[m[K’
  593 |   [01;36m[KPose[m[K(const Pose& other)
      |   [01;36m[K^~~~[m[K
In file included from [01m[K/home/himaet23/EwasteNonDestructiveDisassembly/devel/include/abb_egm_rws_managers/data_containers.h:45[m[K,
                 from [01m[K/home/himaet23/EwasteNonDestructiveDisassembly/devel/include/abb_egm_rws_managers/utilities.h:46[m[K,
                 from [01m[K/home/himaet23/EwasteNonDestructiveDisassembly/src/ABB_Dependent/abb_robot_driver/abb_robot_cpp_utilities/include/abb_robot_cpp_utilities/mapping.h:42[m[K,
                 from [01m[K/home/himaet23/EwasteNonDestructiveDisassembly/src/ABB_Dependent/abb_robot_driver/abb_egm_state_controller/src/egm_state_controller.cpp:39[m[K:
[01m[K/home/himaet23/EwasteNonDestructiveDisassembly/devel/include/abb_librws/rws_state_machine_interface.h:409:10:[m[K [01;35m[Kwarning: [m[Kimplicitly-declared ‘[01m[Kabb::rws::Pose& abb::rws::Pose::operator=(const abb::rws::Pose&)[m[K’ is deprecated [[01;35m[K-Wdeprecated-copy[m[K]
  409 |   struct [01;35m[KEGMActivateSettings[m[K : public RAPIDRecord
      |          [01;35m[K^~~~~~~~~~~~~~~~~~~[m[K
In file included from [01m[K/home/himaet23/EwasteNonDestructiveDisassembly/src/ABB_Dependent/abb_robot_driver/abb_robot_cpp_utilities/include/abb_robot_cpp_utilities/mapping.h:40[m[K,
                 from [01m[K/home/himaet23/EwasteNonDestructiveDisassembly/src/ABB_Dependent/abb_robot_driver/abb_egm_state_controller/src/egm_state_controller.cpp:39[m[K:
[01m[K/home/himaet23/EwasteNonDestructiveDisassembly/devel/include/abb_librws/rws_rapid.h:593:3:[m[K [01;36m[Knote: [m[Kbecause ‘[01m[Kabb::rws::Pose[m[K’ has user-provided ‘[01m[Kabb::rws::Pose::Pose(const abb::rws::Pose&)[m[K’
  593 |   [01;36m[KPose[m[K(const Pose& other)
      |   [01;36m[K^~~~[m[K
In file included from [01m[K/home/himaet23/EwasteNonDestructiveDisassembly/devel/include/abb_egm_rws_managers/data_containers.h:45[m[K,
                 from [01m[K/home/himaet23/EwasteNonDestructiveDisassembly/devel/include/abb_egm_rws_managers/utilities.h:46[m[K,
                 from [01m[K/home/himaet23/EwasteNonDestructiveDisassembly/src/ABB_Dependent/abb_robot_driver/abb_robot_cpp_utilities/include/abb_robot_cpp_utilities/mapping.h:42[m[K,
                 from [01m[K/home/himaet23/EwasteNonDestructiveDisassembly/src/ABB_Dependent/abb_robot_driver/abb_egm_state_controller/src/egm_state_controller.cpp:39[m[K:
[01m[K/home/himaet23/EwasteNonDestructiveDisassembly/devel/include/abb_librws/rws_state_machine_interface.h:[m[K In copy constructor ‘[01m[Kabb::rws::RWSStateMachineInterface::EGMSettings::EGMSettings(const abb::rws::RWSStateMachineInterface::EGMSettings&)[m[K’:
[01m[K/home/himaet23/EwasteNonDestructiveDisassembly/devel/include/abb_librws/rws_state_machine_interface.h:631:26:[m[K [01;36m[Knote: [m[Ksynthesized method ‘[01m[Kabb::rws::RWSStateMachineInterface::EGMActivateSettings& abb::rws::RWSStateMachineInterface::EGMActivateSettings::operator=(const abb::rws::RWSStateMachineInterface::EGMActivateSettings&)[m[K’ first required here
  631 |         activate = other.[01;36m[Kactivate[m[K;
      |                          [01;36m[K^~~~~~~~[m[K
[01m[K/home/himaet23/EwasteNonDestructiveDisassembly/devel/include/abb_librws/rws_state_machine_interface.h:632:21:[m[K [01;35m[Kwarning: [m[Kimplicitly-declared ‘[01m[Kabb::rws::RWSStateMachineInterface::EGMRunSettings& abb::rws::RWSStateMachineInterface::EGMRunSettings::operator=(const abb::rws::RWSStateMachineInterface::EGMRunSettings&)[m[K’ is deprecated [[01;35m[K-Wdeprecated-copy[m[K]
  632 |         run = other.[01;35m[Krun[m[K;
      |                     [01;35m[K^~~[m[K
[01m[K/home/himaet23/EwasteNonDestructiveDisassembly/devel/include/abb_librws/rws_state_machine_interface.h:535:5:[m[K [01;36m[Knote: [m[Kbecause ‘[01m[Kabb::rws::RWSStateMachineInterface::EGMRunSettings[m[K’ has user-provided ‘[01m[Kabb::rws::RWSStateMachineInterface::EGMRunSettings::EGMRunSettings(const abb::rws::RWSStateMachineInterface::EGMRunSettings&)[m[K’
  535 |     [01;36m[KEGMRunSettings[m[K(const EGMRunSettings& other)
      |     [01;36m[K^~~~~~~~~~~~~~[m[K
[01m[K/home/himaet23/EwasteNonDestructiveDisassembly/devel/include/abb_librws/rws_state_machine_interface.h:[m[K In member function ‘[01m[Kabb::rws::RWSStateMachineInterface::EGMRunSettings& abb::rws::RWSStateMachineInterface::EGMRunSettings::operator=(const abb::rws::RWSStateMachineInterface::EGMRunSettings&)[m[K’:
[01m[K/home/himaet23/EwasteNonDestructiveDisassembly/devel/include/abb_librws/rws_state_machine_interface.h:515:10:[m[K [01;35m[Kwarning: [m[Kimplicitly-declared ‘[01m[Kabb::rws::Pose& abb::rws::Pose::operator=(const abb::rws::Pose&)[m[K’ is deprecated [[01;35m[K-Wdeprecated-copy[m[K]
  515 |   struct [01;35m[KEGMRunSettings[m[K : public RAPIDRecord
      |          [01;35m[K^~~~~~~~~~~~~~[m[K
In file included from [01m[K/home/himaet23/EwasteNonDestructiveDisassembly/src/ABB_Dependent/abb_robot_driver/abb_robot_cpp_utilities/include/abb_robot_cpp_utilities/mapping.h:40[m[K,
                 from [01m[K/home/himaet23/EwasteNonDestructiveDisassembly/src/ABB_Dependent/abb_robot_driver/abb_egm_state_controller/src/egm_state_controller.cpp:39[m[K:
[01m[K/home/himaet23/EwasteNonDestructiveDisassembly/devel/include/abb_librws/rws_rapid.h:593:3:[m[K [01;36m[Knote: [m[Kbecause ‘[01m[Kabb::rws::Pose[m[K’ has user-provided ‘[01m[Kabb::rws::Pose::Pose(const abb::rws::Pose&)[m[K’
  593 |   [01;36m[KPose[m[K(const Pose& other)
      |   [01;36m[K^~~~[m[K
In file included from [01m[K/home/himaet23/EwasteNonDestructiveDisassembly/devel/include/abb_egm_rws_managers/data_containers.h:45[m[K,
                 from [01m[K/home/himaet23/EwasteNonDestructiveDisassembly/devel/include/abb_egm_rws_managers/utilities.h:46[m[K,
                 from [01m[K/home/himaet23/EwasteNonDestructiveDisassembly/src/ABB_Dependent/abb_robot_driver/abb_robot_cpp_utilities/include/abb_robot_cpp_utilities/mapping.h:42[m[K,
                 from [01m[K/home/himaet23/EwasteNonDestructiveDisassembly/src/ABB_Dependent/abb_robot_driver/abb_egm_state_controller/src/egm_state_controller.cpp:39[m[K:
[01m[K/home/himaet23/EwasteNonDestructiveDisassembly/devel/include/abb_librws/rws_state_machine_interface.h:[m[K In copy constructor ‘[01m[Kabb::rws::RWSStateMachineInterface::EGMSettings::EGMSettings(const abb::rws::RWSStateMachineInterface::EGMSettings&)[m[K’:
[01m[K/home/himaet23/EwasteNonDestructiveDisassembly/devel/include/abb_librws/rws_state_machine_interface.h:632:21:[m[K [01;36m[Knote: [m[Ksynthesized method ‘[01m[Kabb::rws::RWSStateMachineInterface::EGMRunSettings& abb::rws::RWSStateMachineInterface::EGMRunSettings::operator=(const abb::rws::RWSStateMachineInterface::EGMRunSettings&)[m[K’ first required here
  632 |         run = other.[01;36m[Krun[m[K;
      |                     [01;36m[K^~~[m[K
