[  0%] Built target sensor_msgs_generate_messages_py
[  0%] Built target std_msgs_generate_messages_py
[  0%] Built target std_msgs_generate_messages_cpp
[  0%] Built target sensor_msgs_generate_messages_cpp
[  0%] Built target std_msgs_generate_messages_eus
[  0%] Built target sensor_msgs_generate_messages_eus
[  0%] Built target std_msgs_generate_messages_lisp
[  0%] Built target sensor_msgs_generate_messages_lisp
[  0%] Built target std_msgs_generate_messages_nodejs
[  0%] Built target sensor_msgs_generate_messages_nodejs
[  0%] Built target _catkin_empty_exported_target
[  0%] Built target nav_msgs_generate_messages_cpp
[  0%] Built target nav_msgs_generate_messages_eus
[  0%] Built target nav_msgs_generate_messages_lisp
[  0%] Built target nav_msgs_generate_messages_nodejs
[  0%] Built target nav_msgs_generate_messages_py
[  0%] Built target geometry_msgs_generate_messages_cpp
[  0%] Built target geometry_msgs_generate_messages_eus
[  0%] Built target geometry_msgs_generate_messages_lisp
[  0%] Built target geometry_msgs_generate_messages_nodejs
[  0%] Built target geometry_msgs_generate_messages_py
[  0%] Built target actionlib_msgs_generate_messages_cpp
[  0%] Built target actionlib_msgs_generate_messages_eus
[  0%] Built target actionlib_msgs_generate_messages_lisp
[  0%] Built target actionlib_msgs_generate_messages_nodejs
[  0%] Built target actionlib_msgs_generate_messages_py
[  0%] Built target roscpp_generate_messages_cpp
[  0%] Built target roscpp_generate_messages_eus
[  0%] Built target roscpp_generate_messages_lisp
[  0%] Built target roscpp_generate_messages_nodejs
[  0%] Built target roscpp_generate_messages_py
[  0%] Built target rosgraph_msgs_generate_messages_cpp
[  0%] Built target rosgraph_msgs_generate_messages_eus
[  0%] Built target rosgraph_msgs_generate_messages_lisp
[  0%] Built target rosgraph_msgs_generate_messages_nodejs
[  0%] Built target rosgraph_msgs_generate_messages_py
[  0%] Built target std_srvs_generate_messages_cpp
[  0%] Built target std_srvs_generate_messages_eus
[  0%] Built target std_srvs_generate_messages_lisp
[  0%] Built target std_srvs_generate_messages_nodejs
[  0%] Built target std_srvs_generate_messages_py
[  0%] Built target nodelet_generate_messages_cpp
[  0%] Built target nodelet_generate_messages_eus
[  0%] Built target nodelet_generate_messages_lisp
[  0%] Built target nodelet_generate_messages_nodejs
[  0%] Built target nodelet_generate_messages_py
[  0%] Built target bond_generate_messages_cpp
[  0%] Built target bond_generate_messages_eus
[  0%] Built target bond_generate_messages_lisp
[  0%] Built target bond_generate_messages_nodejs
[  0%] Built target bond_generate_messages_py
[  0%] Built target tf_generate_messages_cpp
[  0%] Built target tf_generate_messages_eus
[  0%] Built target tf_generate_messages_lisp
[  0%] Built target tf_generate_messages_nodejs
[  0%] Built target tf_generate_messages_py
[  0%] Built target actionlib_generate_messages_cpp
[  0%] Built target actionlib_generate_messages_eus
[  0%] Built target actionlib_generate_messages_lisp
[  0%] Built target actionlib_generate_messages_nodejs
[  0%] Built target actionlib_generate_messages_py
[  0%] Built target tf2_msgs_generate_messages_cpp
[  0%] Built target tf2_msgs_generate_messages_eus
[  0%] Built target tf2_msgs_generate_messages_lisp
[  0%] Built target tf2_msgs_generate_messages_nodejs
[  0%] Built target tf2_msgs_generate_messages_py
[  0%] Built target dynamic_reconfigure_generate_messages_cpp
[  0%] Built target dynamic_reconfigure_generate_messages_eus
[  0%] Built target dynamic_reconfigure_generate_messages_lisp
[  0%] Built target dynamic_reconfigure_generate_messages_nodejs
[  0%] Built target dynamic_reconfigure_generate_messages_py
[  0%] Built target dynamic_reconfigure_gencfg
[  0%] Built target diagnostic_msgs_generate_messages_cpp
[  0%] Built target diagnostic_msgs_generate_messages_eus
[  0%] Built target diagnostic_msgs_generate_messages_lisp
[  0%] Built target diagnostic_msgs_generate_messages_nodejs
[  0%] Built target diagnostic_msgs_generate_messages_py
[  0%] Built target _realsense2_camera_generate_messages_check_deps_Extrinsics
[  0%] Built target _realsense2_camera_generate_messages_check_deps_Metadata
[  0%] Built target _realsense2_camera_generate_messages_check_deps_IMUInfo
[  0%] Built target _realsense2_camera_generate_messages_check_deps_DeviceInfo
[  3%] [34m[1mGenerating EusLisp code from realsense2_camera/IMUInfo.msg[0m
[  7%] [34m[1mGenerating Javascript code from realsense2_camera/IMUInfo.msg[0m
[ 11%] [34m[1mGenerating Python from MSG realsense2_camera/IMUInfo[0m
[ 14%] [34m[1mGenerating C++ code from realsense2_camera/IMUInfo.msg[0m
[ 18%] [34m[1mGenerating Lisp code from realsense2_camera/IMUInfo.msg[0m
[ 22%] [34m[1mGenerating Lisp code from realsense2_camera/Extrinsics.msg[0m
[ 25%] [34m[1mGenerating Lisp code from realsense2_camera/Metadata.msg[0m
[ 29%] [34m[1mGenerating Javascript code from realsense2_camera/Extrinsics.msg[0m
[ 33%] [34m[1mGenerating Javascript code from realsense2_camera/Metadata.msg[0m
[ 37%] [34m[1mGenerating Javascript code from realsense2_camera/DeviceInfo.srv[0m
[ 40%] [34m[1mGenerating Lisp code from realsense2_camera/DeviceInfo.srv[0m
[ 40%] Built target realsense2_camera_generate_messages_lisp
[ 44%] [34m[1mGenerating EusLisp code from realsense2_camera/Extrinsics.msg[0m
[ 44%] Built target realsense2_camera_generate_messages_nodejs
[ 48%] [34m[1mGenerating Python from MSG realsense2_camera/Extrinsics[0m
[ 51%] [34m[1mGenerating C++ code from realsense2_camera/Extrinsics.msg[0m
[ 55%] [34m[1mGenerating C++ code from realsense2_camera/Metadata.msg[0m
[ 59%] [34m[1mGenerating C++ code from realsense2_camera/DeviceInfo.srv[0m
[ 59%] Built target realsense2_camera_generate_messages_cpp
[ 62%] [34m[1mGenerating EusLisp code from realsense2_camera/Metadata.msg[0m
[ 66%] [34m[1mGenerating Python from MSG realsense2_camera/Metadata[0m
[ 70%] [34m[1mGenerating EusLisp code from realsense2_camera/DeviceInfo.srv[0m
[ 74%] [34m[1mGenerating EusLisp manifest code for realsense2_camera[0m
[ 77%] [32mBuilding CXX object CMakeFiles/realsense2_camera.dir/src/realsense_node_factory.cpp.o[0m
[ 81%] [32mBuilding CXX object CMakeFiles/realsense2_camera.dir/src/base_realsense_node.cpp.o[0m
[ 88%] [32mBuilding CXX object CMakeFiles/realsense2_camera.dir/src/t265_realsense_node.cpp.o[0m
[ 88%] [34m[1mGenerating Python code from SRV realsense2_camera/DeviceInfo[0m
[ 96%] [34m[1mGenerating Python srv __init__.py for realsense2_camera[0m
[ 96%] [34m[1mGenerating Python msg __init__.py for realsense2_camera[0m
[ 96%] Built target realsense2_camera_generate_messages_py
WARNING: Package name "CentralNode" does not follow the naming conventions. It should start with a lower case letter and only contain lower case letters, digits, underscores, and dashes.
WARNING: Package name "checkMotors" does not follow the naming conventions. It should start with a lower case letter and only contain lower case letters, digits, underscores, and dashes.
[100%] [32m[1mLinking CXX shared library /home/omar/Desktop/GP/EwasteNonDestructiveDisassembly/devel/.private/realsense2_camera/lib/librealsense2_camera.so[0m
[100%] Built target realsense2_camera
WARNING: Package name "CentralNode" does not follow the naming conventions. It should start with a lower case letter and only contain lower case letters, digits, underscores, and dashes.
WARNING: Package name "checkMotors" does not follow the naming conventions. It should start with a lower case letter and only contain lower case letters, digits, underscores, and dashes.
[100%] Built target realsense2_camera_generate_messages_eus
[100%] Built target realsense2_camera_generate_messages
