[100%] Built target abb_librws
[36mInstall the project...[0m
-- Install configuration: ""
-- Up-to-date: /home/himaet23/EwasteNonDestructiveDisassembly/devel/include
-- Up-to-date: /home/himaet23/EwasteNonDestructiveDisassembly/devel/include/abb_librws
-- Up-to-date: /home/himaet23/EwasteNonDestructiveDisassembly/devel/include/abb_librws/rws_cfg.h
-- Up-to-date: /home/himaet23/EwasteNonDestructiveDisassembly/devel/include/abb_librws/rws_rapid.h
-- Up-to-date: /home/himaet23/EwasteNonDestructiveDisassembly/devel/include/abb_librws/rws_interface.h
-- Up-to-date: /home/himaet23/EwasteNonDestructiveDisassembly/devel/include/abb_librws/rws_client.h
-- Up-to-date: /home/himaet23/EwasteNonDestructiveDisassembly/devel/include/abb_librws/rws_common.h
-- Up-to-date: /home/himaet23/EwasteNonDestructiveDisassembly/devel/include/abb_librws/rws_state_machine_interface.h
-- Up-to-date: /home/himaet23/EwasteNonDestructiveDisassembly/devel/include/abb_librws/rws_poco_client.h
-- Up-to-date: /home/himaet23/EwasteNonDestructiveDisassembly/devel/include/abb_librws/abb_librws_export.h
-- Up-to-date: /home/himaet23/EwasteNonDestructiveDisassembly/devel/share/abb_librws/cmake
-- Up-to-date: /home/himaet23/EwasteNonDestructiveDisassembly/devel/share/abb_librws/cmake/README.md
-- Up-to-date: /home/himaet23/EwasteNonDestructiveDisassembly/devel/share/abb_librws/cmake/FindPoco.cmake
-- Installing: /home/himaet23/EwasteNonDestructiveDisassembly/devel/lib/libabb_librws.so
-- Up-to-date: /home/himaet23/EwasteNonDestructiveDisassembly/devel/share/abb_librws/abb_librwsConfig.cmake
-- Installing: /home/himaet23/EwasteNonDestructiveDisassembly/devel/share/abb_librws/abb_librwsConfigVersion.cmake
-- Up-to-date: /home/himaet23/EwasteNonDestructiveDisassembly/devel/share/abb_librws/package.xml
-- Old export file "/home/himaet23/EwasteNonDestructiveDisassembly/devel/share/abb_librws/abb_librwsTargets.cmake" will be replaced.  Removing files [/home/himaet23/EwasteNonDestructiveDisassembly/devel/share/abb_librws/abb_librwsTargets-noconfig.cmake].
-- Installing: /home/himaet23/EwasteNonDestructiveDisassembly/devel/share/abb_librws/abb_librwsTargets.cmake
-- Installing: /home/himaet23/EwasteNonDestructiveDisassembly/devel/share/abb_librws/abb_librwsTargets-noconfig.cmake
