[35m[1mScanning dependencies of target _abb_robot_msgs_generate_messages_check_deps_SetFileContents[0m
[  0%] Built target _abb_robot_msgs_generate_messages_check_deps_SetFileContents
[35m[1mScanning dependencies of target std_msgs_generate_messages_nodejs[0m
[  0%] Built target std_msgs_generate_messages_nodejs
[35m[1mScanning dependencies of target _abb_robot_msgs_generate_messages_check_deps_MechanicalUnitState[0m
[  0%] Built target _abb_robot_msgs_generate_messages_check_deps_MechanicalUnitState
[35m[1mScanning dependencies of target _abb_robot_msgs_generate_messages_check_deps_GetFileContents[0m
[  0%] Built target _abb_robot_msgs_generate_messages_check_deps_GetFileContents
[35m[1mScanning dependencies of target _abb_robot_msgs_generate_messages_check_deps_SetRAPIDBool[0m
[  0%] Built target _abb_robot_msgs_generate_messages_check_deps_SetRAPIDBool
[35m[1mScanning dependencies of target _abb_robot_msgs_generate_messages_check_deps_GetRAPIDNum[0m
[  0%] Built target _abb_robot_msgs_generate_messages_check_deps_GetRAPIDNum
[35m[1mScanning dependencies of target _abb_robot_msgs_generate_messages_check_deps_TriggerWithResultCode[0m
[  0%] Built target _abb_robot_msgs_generate_messages_check_deps_TriggerWithResultCode
[35m[1mScanning dependencies of target _abb_robot_msgs_generate_messages_check_deps_SetSpeedRatio[0m
[  0%] Built target _abb_robot_msgs_generate_messages_check_deps_SetSpeedRatio
[35m[1mScanning dependencies of target _abb_robot_msgs_generate_messages_check_deps_SetRAPIDNum[0m
[  0%] Built target _abb_robot_msgs_generate_messages_check_deps_SetRAPIDNum
[35m[1mScanning dependencies of target _abb_robot_msgs_generate_messages_check_deps_SetRAPIDDnum[0m
[  0%] Built target _abb_robot_msgs_generate_messages_check_deps_SetRAPIDDnum
[35m[1mScanning dependencies of target _abb_robot_msgs_generate_messages_check_deps_SetRAPIDSymbol[0m
[  0%] Built target _abb_robot_msgs_generate_messages_check_deps_SetRAPIDSymbol
[35m[1mScanning dependencies of target _abb_robot_msgs_generate_messages_check_deps_SetRAPIDString[0m
[  0%] Built target _abb_robot_msgs_generate_messages_check_deps_SetRAPIDString
[35m[1mScanning dependencies of target _abb_robot_msgs_generate_messages_check_deps_GetRAPIDDnum[0m
[  0%] Built target _abb_robot_msgs_generate_messages_check_deps_GetRAPIDDnum
[35m[1mScanning dependencies of target _abb_robot_msgs_generate_messages_check_deps_ServiceResponses[0m
[35m[1mScanning dependencies of target _abb_robot_msgs_generate_messages_check_deps_RAPIDSymbolPath[0m
[  0%] Built target _abb_robot_msgs_generate_messages_check_deps_ServiceResponses
[35m[1mScanning dependencies of target _abb_robot_msgs_generate_messages_check_deps_GetRAPIDBool[0m
[  0%] Built target _abb_robot_msgs_generate_messages_check_deps_RAPIDSymbolPath
[35m[1mScanning dependencies of target _abb_robot_msgs_generate_messages_check_deps_RAPIDTaskState[0m
[  0%] Built target _abb_robot_msgs_generate_messages_check_deps_GetRAPIDBool
[35m[1mScanning dependencies of target _abb_robot_msgs_generate_messages_check_deps_SystemState[0m
[  0%] Built target _abb_robot_msgs_generate_messages_check_deps_SystemState
[  0%] Built target _abb_robot_msgs_generate_messages_check_deps_RAPIDTaskState
[35m[1mScanning dependencies of target _abb_robot_msgs_generate_messages_check_deps_GetIOSignal[0m
[35m[1mScanning dependencies of target _abb_robot_msgs_generate_messages_check_deps_SetIOSignal[0m
[35m[1mScanning dependencies of target _abb_robot_msgs_generate_messages_check_deps_GetRAPIDString[0m
[35m[1mScanning dependencies of target _abb_robot_msgs_generate_messages_check_deps_GetRAPIDSymbol[0m
[  0%] Built target _abb_robot_msgs_generate_messages_check_deps_GetIOSignal
[  0%] Built target _abb_robot_msgs_generate_messages_check_deps_SetIOSignal
[35m[1mScanning dependencies of target _abb_robot_msgs_generate_messages_check_deps_GetRobotControllerDescription[0m
[35m[1mScanning dependencies of target _abb_robot_msgs_generate_messages_check_deps_GetSpeedRatio[0m
[  0%] Built target _abb_robot_msgs_generate_messages_check_deps_GetRAPIDString
[35m[1mScanning dependencies of target std_msgs_generate_messages_lisp[0m
[  0%] Built target std_msgs_generate_messages_lisp
[  0%] Built target _abb_robot_msgs_generate_messages_check_deps_GetRAPIDSymbol
[35m[1mScanning dependencies of target std_msgs_generate_messages_py[0m
[35m[1mScanning dependencies of target std_msgs_generate_messages_cpp[0m
[  0%] Built target _abb_robot_msgs_generate_messages_check_deps_GetSpeedRatio
[  0%] Built target _abb_robot_msgs_generate_messages_check_deps_GetRobotControllerDescription
[  0%] Built target std_msgs_generate_messages_py
[  0%] Built target std_msgs_generate_messages_cpp
[35m[1mScanning dependencies of target abb_robot_msgs_generate_messages_nodejs[0m
[35m[1mScanning dependencies of target abb_robot_msgs_generate_messages_lisp[0m
[35m[1mScanning dependencies of target std_msgs_generate_messages_eus[0m
[35m[1mScanning dependencies of target abb_robot_msgs_generate_messages_py[0m
[  1%] [34m[1mGenerating Javascript code from abb_robot_msgs/MechanicalUnitState.msg[0m
[  1%] [34m[1mGenerating Lisp code from abb_robot_msgs/MechanicalUnitState.msg[0m
[  1%] Built target std_msgs_generate_messages_eus
[  1%] [34m[1mGenerating Python from MSG abb_robot_msgs/MechanicalUnitState[0m
[  2%] [34m[1mGenerating Javascript code from abb_robot_msgs/RAPIDSymbolPath.msg[0m
[  3%] [34m[1mGenerating Python from MSG abb_robot_msgs/RAPIDSymbolPath[0m
[  4%] [34m[1mGenerating Lisp code from abb_robot_msgs/RAPIDSymbolPath.msg[0m
[  4%] [34m[1mGenerating Javascript code from abb_robot_msgs/RAPIDTaskState.msg[0m
[35m[1mScanning dependencies of target abb_robot_msgs_generate_messages_cpp[0m
[  4%] [34m[1mGenerating C++ code from abb_robot_msgs/MechanicalUnitState.msg[0m
[  5%] [34m[1mGenerating Lisp code from abb_robot_msgs/RAPIDTaskState.msg[0m
[  6%] [34m[1mGenerating Javascript code from abb_robot_msgs/ServiceResponses.msg[0m
[  6%] [34m[1mGenerating Lisp code from abb_robot_msgs/ServiceResponses.msg[0m
[  7%] [34m[1mGenerating Lisp code from abb_robot_msgs/SystemState.msg[0m
[  8%] [34m[1mGenerating Python from MSG abb_robot_msgs/RAPIDTaskState[0m
[  9%] [34m[1mGenerating Javascript code from abb_robot_msgs/SystemState.msg[0m
[ 10%] [34m[1mGenerating Lisp code from abb_robot_msgs/GetFileContents.srv[0m
[ 10%] [34m[1mGenerating Lisp code from abb_robot_msgs/GetIOSignal.srv[0m
[ 11%] [34m[1mGenerating C++ code from abb_robot_msgs/RAPIDSymbolPath.msg[0m
[ 11%] [34m[1mGenerating Javascript code from abb_robot_msgs/GetFileContents.srv[0m
[ 12%] [34m[1mGenerating Lisp code from abb_robot_msgs/GetRAPIDBool.srv[0m
[ 13%] [34m[1mGenerating Lisp code from abb_robot_msgs/GetRAPIDDnum.srv[0m
[ 14%] [34m[1mGenerating Javascript code from abb_robot_msgs/GetIOSignal.srv[0m
[ 14%] [34m[1mGenerating Lisp code from abb_robot_msgs/GetRAPIDNum.srv[0m
[ 15%] [34m[1mGenerating Lisp code from abb_robot_msgs/GetRAPIDString.srv[0m
[ 15%] [34m[1mGenerating Python from MSG abb_robot_msgs/ServiceResponses[0m
[ 17%] [34m[1mGenerating Lisp code from abb_robot_msgs/GetRAPIDSymbol.srv[0m
[ 17%] [34m[1mGenerating C++ code from abb_robot_msgs/RAPIDTaskState.msg[0m
[ 17%] [34m[1mGenerating Javascript code from abb_robot_msgs/GetRAPIDDnum.srv[0m
[ 17%] [34m[1mGenerating Lisp code from abb_robot_msgs/GetRobotControllerDescription.srv[0m
[ 18%] [34m[1mGenerating Javascript code from abb_robot_msgs/GetRAPIDBool.srv[0m
[ 19%] [34m[1mGenerating Lisp code from abb_robot_msgs/GetSpeedRatio.srv[0m
[ 20%] [34m[1mGenerating Javascript code from abb_robot_msgs/GetRAPIDNum.srv[0m
[ 21%] [34m[1mGenerating Lisp code from abb_robot_msgs/SetFileContents.srv[0m
[ 22%] [34m[1mGenerating Javascript code from abb_robot_msgs/GetRAPIDString.srv[0m
[ 22%] [34m[1mGenerating Lisp code from abb_robot_msgs/SetIOSignal.srv[0m
[ 23%] [34m[1mGenerating Python from MSG abb_robot_msgs/SystemState[0m
[ 23%] [34m[1mGenerating Javascript code from abb_robot_msgs/GetRAPIDSymbol.srv[0m
[ 24%] [34m[1mGenerating Lisp code from abb_robot_msgs/SetRAPIDBool.srv[0m
[ 25%] [34m[1mGenerating C++ code from abb_robot_msgs/ServiceResponses.msg[0m
[ 26%] [34m[1mGenerating Javascript code from abb_robot_msgs/GetRobotControllerDescription.srv[0m
[ 26%] [34m[1mGenerating Lisp code from abb_robot_msgs/SetRAPIDNum.srv[0m
[ 27%] [34m[1mGenerating Lisp code from abb_robot_msgs/SetRAPIDDnum.srv[0m
[ 28%] [34m[1mGenerating Javascript code from abb_robot_msgs/GetSpeedRatio.srv[0m
[ 28%] [34m[1mGenerating Javascript code from abb_robot_msgs/SetFileContents.srv[0m
[ 29%] [34m[1mGenerating Javascript code from abb_robot_msgs/SetIOSignal.srv[0m
[ 30%] [34m[1mGenerating Lisp code from abb_robot_msgs/SetRAPIDString.srv[0m
[ 31%] [34m[1mGenerating Javascript code from abb_robot_msgs/SetRAPIDBool.srv[0m
[ 32%] [34m[1mGenerating Lisp code from abb_robot_msgs/SetRAPIDSymbol.srv[0m
[ 34%] [34m[1mGenerating Python code from SRV abb_robot_msgs/GetFileContents[0m
[ 35%] [34m[1mGenerating C++ code from abb_robot_msgs/SystemState.msg[0m
[ 35%] [34m[1mGenerating Javascript code from abb_robot_msgs/SetRAPIDDnum.srv[0m
[ 35%] [34m[1mGenerating Lisp code from abb_robot_msgs/SetSpeedRatio.srv[0m
[ 36%] [34m[1mGenerating Lisp code from abb_robot_msgs/TriggerWithResultCode.srv[0m
[ 37%] [34m[1mGenerating Javascript code from abb_robot_msgs/SetRAPIDNum.srv[0m
[ 38%] [34m[1mGenerating Javascript code from abb_robot_msgs/SetRAPIDString.srv[0m
[ 38%] [34m[1mGenerating Javascript code from abb_robot_msgs/SetRAPIDSymbol.srv[0m
[ 38%] Built target abb_robot_msgs_generate_messages_lisp
[ 39%] [34m[1mGenerating Javascript code from abb_robot_msgs/SetSpeedRatio.srv[0m
[35m[1mScanning dependencies of target abb_robot_msgs_generate_messages_eus[0m
[ 39%] [34m[1mGenerating C++ code from abb_robot_msgs/GetFileContents.srv[0m
[ 39%] [34m[1mGenerating EusLisp code from abb_robot_msgs/MechanicalUnitState.msg[0m
[ 40%] [34m[1mGenerating Javascript code from abb_robot_msgs/TriggerWithResultCode.srv[0m
[ 41%] [34m[1mGenerating EusLisp code from abb_robot_msgs/RAPIDSymbolPath.msg[0m
[ 42%] [34m[1mGenerating EusLisp code from abb_robot_msgs/RAPIDTaskState.msg[0m
[ 42%] Built target abb_robot_msgs_generate_messages_nodejs
[ 42%] [34m[1mGenerating Python code from SRV abb_robot_msgs/GetIOSignal[0m
[ 43%] [34m[1mGenerating Python code from SRV abb_robot_msgs/GetRAPIDBool[0m
[ 43%] [34m[1mGenerating EusLisp code from abb_robot_msgs/ServiceResponses.msg[0m
[ 44%] [34m[1mGenerating EusLisp code from abb_robot_msgs/SystemState.msg[0m
[ 45%] [34m[1mGenerating EusLisp code from abb_robot_msgs/GetFileContents.srv[0m
[ 45%] [34m[1mGenerating EusLisp code from abb_robot_msgs/GetIOSignal.srv[0m
[ 46%] [34m[1mGenerating EusLisp code from abb_robot_msgs/GetRAPIDBool.srv[0m
[ 47%] [34m[1mGenerating C++ code from abb_robot_msgs/GetIOSignal.srv[0m
[ 48%] [34m[1mGenerating EusLisp code from abb_robot_msgs/GetRAPIDDnum.srv[0m
[ 48%] [34m[1mGenerating EusLisp code from abb_robot_msgs/GetRAPIDNum.srv[0m
[ 50%] [34m[1mGenerating Python code from SRV abb_robot_msgs/GetRAPIDDnum[0m
[ 51%] [34m[1mGenerating EusLisp code from abb_robot_msgs/GetRAPIDString.srv[0m
[ 52%] [34m[1mGenerating EusLisp code from abb_robot_msgs/GetRAPIDSymbol.srv[0m
[ 52%] [34m[1mGenerating EusLisp code from abb_robot_msgs/GetRobotControllerDescription.srv[0m
[ 53%] [34m[1mGenerating EusLisp code from abb_robot_msgs/GetSpeedRatio.srv[0m
[ 54%] [34m[1mGenerating EusLisp code from abb_robot_msgs/SetFileContents.srv[0m
[ 54%] [34m[1mGenerating Python code from SRV abb_robot_msgs/GetRAPIDNum[0m
[ 55%] [34m[1mGenerating C++ code from abb_robot_msgs/GetRAPIDBool.srv[0m
[ 55%] [34m[1mGenerating EusLisp code from abb_robot_msgs/SetIOSignal.srv[0m
[ 56%] [34m[1mGenerating EusLisp code from abb_robot_msgs/SetRAPIDBool.srv[0m
[ 57%] [34m[1mGenerating EusLisp code from abb_robot_msgs/SetRAPIDDnum.srv[0m
[ 57%] [34m[1mGenerating EusLisp code from abb_robot_msgs/SetRAPIDNum.srv[0m
[ 58%] [34m[1mGenerating Python code from SRV abb_robot_msgs/GetRAPIDString[0m
[ 59%] [34m[1mGenerating EusLisp code from abb_robot_msgs/SetRAPIDString.srv[0m
[ 60%] [34m[1mGenerating EusLisp code from abb_robot_msgs/SetRAPIDSymbol.srv[0m
[ 60%] [34m[1mGenerating EusLisp code from abb_robot_msgs/SetSpeedRatio.srv[0m
[ 60%] [34m[1mGenerating C++ code from abb_robot_msgs/GetRAPIDDnum.srv[0m
[ 61%] [34m[1mGenerating EusLisp manifest code for abb_robot_msgs[0m
[ 62%] [34m[1mGenerating EusLisp code from abb_robot_msgs/TriggerWithResultCode.srv[0m
[ 63%] [34m[1mGenerating C++ code from abb_robot_msgs/GetRAPIDNum.srv[0m
[ 64%] [34m[1mGenerating C++ code from abb_robot_msgs/GetRAPIDString.srv[0m
[ 65%] [34m[1mGenerating Python code from SRV abb_robot_msgs/GetRAPIDSymbol[0m
[ 65%] [34m[1mGenerating Python code from SRV abb_robot_msgs/GetRobotControllerDescription[0m
WARNING: Package name "CentralNode" does not follow the naming conventions. It should start with a lower case letter and only contain lower case letters, digits, underscores, and dashes.
WARNING: Package name "HardwareLevel" does not follow the naming conventions. It should start with a lower case letter and only contain lower case letters, digits, underscores, and dashes.
WARNING: Package name "checkMotors" does not follow the naming conventions. It should start with a lower case letter and only contain lower case letters, digits, underscores, and dashes.
[ 65%] [34m[1mGenerating C++ code from abb_robot_msgs/GetRAPIDSymbol.srv[0m
[ 67%] [34m[1mGenerating C++ code from abb_robot_msgs/GetRobotControllerDescription.srv[0m
[ 68%] [34m[1mGenerating C++ code from abb_robot_msgs/GetSpeedRatio.srv[0m
[ 69%] [34m[1mGenerating Python code from SRV abb_robot_msgs/GetSpeedRatio[0m
[ 70%] [34m[1mGenerating Python code from SRV abb_robot_msgs/SetFileContents[0m
[ 70%] [34m[1mGenerating Python code from SRV abb_robot_msgs/SetIOSignal[0m
[ 70%] [34m[1mGenerating C++ code from abb_robot_msgs/SetFileContents.srv[0m
WARNING: Package name "CentralNode" does not follow the naming conventions. It should start with a lower case letter and only contain lower case letters, digits, underscores, and dashes.
WARNING: Package name "HardwareLevel" does not follow the naming conventions. It should start with a lower case letter and only contain lower case letters, digits, underscores, and dashes.
[ 71%] [34m[1mGenerating C++ code from abb_robot_msgs/SetIOSignal.srv[0m
[ 72%] [34m[1mGenerating C++ code from abb_robot_msgs/SetRAPIDBool.srv[0m
WARNING: Package name "checkMotors" does not follow the naming conventions. It should start with a lower case letter and only contain lower case letters, digits, underscores, and dashes.
[ 73%] [34m[1mGenerating Python code from SRV abb_robot_msgs/SetRAPIDBool[0m
[ 74%] [34m[1mGenerating Python code from SRV abb_robot_msgs/SetRAPIDDnum[0m
[ 74%] [34m[1mGenerating C++ code from abb_robot_msgs/SetRAPIDDnum.srv[0m
[ 75%] [34m[1mGenerating C++ code from abb_robot_msgs/SetRAPIDNum.srv[0m
[ 76%] [34m[1mGenerating C++ code from abb_robot_msgs/SetRAPIDString.srv[0m
[ 76%] [34m[1mGenerating Python code from SRV abb_robot_msgs/SetRAPIDNum[0m
[ 77%] [34m[1mGenerating Python code from SRV abb_robot_msgs/SetRAPIDString[0m
[ 77%] Built target abb_robot_msgs_generate_messages_eus
[ 77%] [34m[1mGenerating C++ code from abb_robot_msgs/SetRAPIDSymbol.srv[0m
[ 78%] [34m[1mGenerating Python code from SRV abb_robot_msgs/SetRAPIDSymbol[0m
[ 79%] [34m[1mGenerating C++ code from abb_robot_msgs/SetSpeedRatio.srv[0m
[ 80%] [34m[1mGenerating C++ code from abb_robot_msgs/TriggerWithResultCode.srv[0m
[ 80%] [34m[1mGenerating Python code from SRV abb_robot_msgs/SetSpeedRatio[0m
[ 81%] [34m[1mGenerating Python code from SRV abb_robot_msgs/TriggerWithResultCode[0m
[ 81%] Built target abb_robot_msgs_generate_messages_cpp
[ 82%] [34m[1mGenerating Python msg __init__.py for abb_robot_msgs[0m
[ 82%] [34m[1mGenerating Python srv __init__.py for abb_robot_msgs[0m
[ 82%] Built target abb_robot_msgs_generate_messages_py
[35m[1mScanning dependencies of target abb_robot_msgs_generate_messages_mypy[0m
[ 84%] [34m[1mGenerating Python Stub from abb_robot_msgs/MechanicalUnitState[0m
[ 84%] [34m[1mGenerating Python Stub from abb_robot_msgs/RAPIDSymbolPath[0m
[ 85%] [34m[1mGenerating Python Stub from abb_robot_msgs/RAPIDTaskState[0m
[ 86%] [34m[1mGenerating Python Stub from abb_robot_msgs/ServiceResponses[0m
[ 86%] [34m[1mGenerating Python Stub from abb_robot_msgs/SystemState[0m
[ 87%] [34m[1mGenerating Python Stub from abb_robot_msgs/GetFileContents[0m
[ 87%] [34m[1mGenerating Python Stub from abb_robot_msgs/GetIOSignal[0m
[ 88%] [34m[1mGenerating Python Stub from abb_robot_msgs/GetRAPIDBool[0m
[ 89%] [34m[1mGenerating Python Stub from abb_robot_msgs/GetRAPIDDnum[0m
[ 89%] [34m[1mGenerating Python Stub from abb_robot_msgs/GetRAPIDNum[0m
[ 90%] [34m[1mGenerating Python Stub from abb_robot_msgs/GetRAPIDString[0m
[ 91%] [34m[1mGenerating Python Stub from abb_robot_msgs/GetRAPIDSymbol[0m
[ 91%] [34m[1mGenerating Python Stub from abb_robot_msgs/GetRobotControllerDescription[0m
[ 92%] [34m[1mGenerating Python Stub from abb_robot_msgs/GetSpeedRatio[0m
[ 93%] [34m[1mGenerating Python Stub from abb_robot_msgs/SetFileContents[0m
[ 93%] [34m[1mGenerating Python Stub from abb_robot_msgs/SetIOSignal[0m
[ 94%] [34m[1mGenerating Python Stub from abb_robot_msgs/SetRAPIDBool[0m
[ 95%] [34m[1mGenerating Python Stub from abb_robot_msgs/SetRAPIDDnum[0m
[ 95%] [34m[1mGenerating Python Stub from abb_robot_msgs/SetRAPIDNum[0m
[ 96%] [34m[1mGenerating Python Stub from abb_robot_msgs/SetRAPIDString[0m
[ 97%] [34m[1mGenerating Python Stub from abb_robot_msgs/SetRAPIDSymbol[0m
[ 97%] [34m[1mGenerating Python Stub from abb_robot_msgs/SetSpeedRatio[0m
[ 98%] [34m[1mGenerating Python Stub from abb_robot_msgs/TriggerWithResultCode[0m
[100%] [34m[1mGenerating Python Stub msg __init__.pyi for abb_robot_msgs[0m
[100%] [34m[1mGenerating Python Stub srv __init__.pyi for abb_robot_msgs[0m
[100%] Built target abb_robot_msgs_generate_messages_mypy
[35m[1mScanning dependencies of target abb_robot_msgs_generate_messages[0m
[100%] Built target abb_robot_msgs_generate_messages
