[  0%] Built target _abb_robot_msgs_generate_messages_check_deps_TriggerWithResultCode
[  0%] Built target std_msgs_generate_messages_py
[  0%] Built target _abb_robot_msgs_generate_messages_check_deps_MechanicalUnitState
[  0%] Built target _abb_robot_msgs_generate_messages_check_deps_RAPIDSymbolPath
[  0%] Built target _abb_robot_msgs_generate_messages_check_deps_RAPIDTaskState
[  0%] Built target _abb_robot_msgs_generate_messages_check_deps_ServiceResponses
[  0%] Built target _abb_robot_msgs_generate_messages_check_deps_SystemState
[  0%] Built target _abb_robot_msgs_generate_messages_check_deps_GetFileContents
[  0%] Built target _abb_robot_msgs_generate_messages_check_deps_GetIOSignal
[  0%] Built target _abb_robot_msgs_generate_messages_check_deps_GetRAPIDBool
[  0%] Built target _abb_robot_msgs_generate_messages_check_deps_GetRAPIDDnum
[  0%] Built target _abb_robot_msgs_generate_messages_check_deps_GetRAPIDNum
[  0%] Built target _abb_robot_msgs_generate_messages_check_deps_GetRAPIDString
[  0%] Built target _abb_robot_msgs_generate_messages_check_deps_GetRobotControllerDescription
[  0%] Built target _abb_robot_msgs_generate_messages_check_deps_GetRAPIDSymbol
[  0%] Built target _abb_robot_msgs_generate_messages_check_deps_GetSpeedRatio
[  0%] Built target _abb_robot_msgs_generate_messages_check_deps_SetFileContents
[  0%] Built target _abb_robot_msgs_generate_messages_check_deps_SetIOSignal
[  0%] Built target _abb_robot_msgs_generate_messages_check_deps_SetRAPIDBool
[  0%] Built target _abb_robot_msgs_generate_messages_check_deps_SetRAPIDDnum
[  0%] Built target _abb_robot_msgs_generate_messages_check_deps_SetRAPIDNum
[  0%] Built target _abb_robot_msgs_generate_messages_check_deps_SetRAPIDString
[  0%] Built target _abb_robot_msgs_generate_messages_check_deps_SetRAPIDSymbol
[  0%] Built target std_msgs_generate_messages_cpp
[  0%] Built target std_msgs_generate_messages_eus
[  0%] Built target std_msgs_generate_messages_lisp
[  0%] Built target _abb_robot_msgs_generate_messages_check_deps_SetSpeedRatio
[  0%] Built target std_msgs_generate_messages_nodejs
[ 17%] Built target abb_robot_msgs_generate_messages_py
[ 32%] Built target abb_robot_msgs_generate_messages_cpp
[ 50%] Built target abb_robot_msgs_generate_messages_eus
[ 65%] Built target abb_robot_msgs_generate_messages_lisp
[ 82%] Built target abb_robot_msgs_generate_messages_mypy
[100%] Built target abb_robot_msgs_generate_messages_nodejs
[100%] Built target abb_robot_msgs_generate_messages
