Symlinking /home/himaet23/EwasteNonDestructiveDisassembly/devel/include/abb_robot_msgs/GetRobotControllerDescriptionResponse.h
Symlinking /home/himaet23/EwasteNonDestructiveDisassembly/devel/include/abb_robot_msgs/SetSpeedRatioRequest.h
Symlinking /home/himaet23/EwasteNonDestructiveDisassembly/devel/include/abb_robot_msgs/GetRobotControllerDescriptionRequest.h
Symlinking /home/himaet23/EwasteNonDestructiveDisassembly/devel/include/abb_robot_msgs/GetSpeedRatioRequest.h
Symlinking /home/himaet23/EwasteNonDestructiveDisassembly/devel/include/abb_robot_msgs/GetRAPIDBool.h
Symlinking /home/himaet23/EwasteNonDestructiveDisassembly/devel/include/abb_robot_msgs/GetFileContentsResponse.h
Symlinking /home/himaet23/EwasteNonDestructiveDisassembly/devel/include/abb_robot_msgs/GetFileContentsRequest.h
Symlinking /home/himaet23/EwasteNonDestructiveDisassembly/devel/include/abb_robot_msgs/GetRAPIDNumResponse.h
Symlinking /home/himaet23/EwasteNonDestructiveDisassembly/devel/include/abb_robot_msgs/SetRAPIDBoolRequest.h
Symlinking /home/himaet23/EwasteNonDestructiveDisassembly/devel/include/abb_robot_msgs/GetRAPIDSymbolResponse.h
Symlinking /home/himaet23/EwasteNonDestructiveDisassembly/devel/include/abb_robot_msgs/GetRAPIDDnumResponse.h
Symlinking /home/himaet23/EwasteNonDestructiveDisassembly/devel/include/abb_robot_msgs/GetSpeedRatio.h
Symlinking /home/himaet23/EwasteNonDestructiveDisassembly/devel/include/abb_robot_msgs/ServiceResponses.h
Symlinking /home/himaet23/EwasteNonDestructiveDisassembly/devel/include/abb_robot_msgs/TriggerWithResultCode.h
Symlinking /home/himaet23/EwasteNonDestructiveDisassembly/devel/include/abb_robot_msgs/TriggerWithResultCodeRequest.h
Symlinking /home/himaet23/EwasteNonDestructiveDisassembly/devel/include/abb_robot_msgs/GetIOSignalResponse.h
Symlinking /home/himaet23/EwasteNonDestructiveDisassembly/devel/include/abb_robot_msgs/GetRAPIDBoolResponse.h
Symlinking /home/himaet23/EwasteNonDestructiveDisassembly/devel/include/abb_robot_msgs/GetIOSignalRequest.h
Symlinking /home/himaet23/EwasteNonDestructiveDisassembly/devel/include/abb_robot_msgs/GetFileContents.h
Symlinking /home/himaet23/EwasteNonDestructiveDisassembly/devel/include/abb_robot_msgs/SetRAPIDDnumResponse.h
Symlinking /home/himaet23/EwasteNonDestructiveDisassembly/devel/include/abb_robot_msgs/SetRAPIDString.h
Symlinking /home/himaet23/EwasteNonDestructiveDisassembly/devel/include/abb_robot_msgs/SetRAPIDStringResponse.h
Symlinking /home/himaet23/EwasteNonDestructiveDisassembly/devel/include/abb_robot_msgs/GetRAPIDDnum.h
Symlinking /home/himaet23/EwasteNonDestructiveDisassembly/devel/include/abb_robot_msgs/SetIOSignal.h
Symlinking /home/himaet23/EwasteNonDestructiveDisassembly/devel/include/abb_robot_msgs/SystemState.h
Symlinking /home/himaet23/EwasteNonDestructiveDisassembly/devel/include/abb_robot_msgs/SetFileContentsRequest.h
Symlinking /home/himaet23/EwasteNonDestructiveDisassembly/devel/include/abb_robot_msgs/SetRAPIDNum.h
Symlinking /home/himaet23/EwasteNonDestructiveDisassembly/devel/include/abb_robot_msgs/SetFileContents.h
Symlinking /home/himaet23/EwasteNonDestructiveDisassembly/devel/include/abb_robot_msgs/RAPIDSymbolPath.h
Symlinking /home/himaet23/EwasteNonDestructiveDisassembly/devel/include/abb_robot_msgs/SetRAPIDStringRequest.h
Symlinking /home/himaet23/EwasteNonDestructiveDisassembly/devel/include/abb_robot_msgs/MechanicalUnitState.h
Symlinking /home/himaet23/EwasteNonDestructiveDisassembly/devel/include/abb_robot_msgs/GetRAPIDStringRequest.h
Symlinking /home/himaet23/EwasteNonDestructiveDisassembly/devel/include/abb_robot_msgs/SetSpeedRatioResponse.h
Symlinking /home/himaet23/EwasteNonDestructiveDisassembly/devel/include/abb_robot_msgs/SetRAPIDBool.h
Symlinking /home/himaet23/EwasteNonDestructiveDisassembly/devel/include/abb_robot_msgs/SetRAPIDSymbolRequest.h
Symlinking /home/himaet23/EwasteNonDestructiveDisassembly/devel/include/abb_robot_msgs/SetRAPIDSymbolResponse.h
Symlinking /home/himaet23/EwasteNonDestructiveDisassembly/devel/include/abb_robot_msgs/TriggerWithResultCodeResponse.h
Symlinking /home/himaet23/EwasteNonDestructiveDisassembly/devel/include/abb_robot_msgs/RAPIDTaskState.h
Symlinking /home/himaet23/EwasteNonDestructiveDisassembly/devel/include/abb_robot_msgs/GetRAPIDDnumRequest.h
Symlinking /home/himaet23/EwasteNonDestructiveDisassembly/devel/include/abb_robot_msgs/GetRAPIDBoolRequest.h
Symlinking /home/himaet23/EwasteNonDestructiveDisassembly/devel/include/abb_robot_msgs/GetRAPIDSymbolRequest.h
Symlinking /home/himaet23/EwasteNonDestructiveDisassembly/devel/include/abb_robot_msgs/GetRAPIDNum.h
Symlinking /home/himaet23/EwasteNonDestructiveDisassembly/devel/include/abb_robot_msgs/SetIOSignalRequest.h
Symlinking /home/himaet23/EwasteNonDestructiveDisassembly/devel/include/abb_robot_msgs/GetRAPIDString.h
Symlinking /home/himaet23/EwasteNonDestructiveDisassembly/devel/include/abb_robot_msgs/SetRAPIDSymbol.h
Symlinking /home/himaet23/EwasteNonDestructiveDisassembly/devel/include/abb_robot_msgs/GetIOSignal.h
Symlinking /home/himaet23/EwasteNonDestructiveDisassembly/devel/include/abb_robot_msgs/GetRAPIDSymbol.h
Symlinking /home/himaet23/EwasteNonDestructiveDisassembly/devel/include/abb_robot_msgs/SetRAPIDNumResponse.h
Symlinking /home/himaet23/EwasteNonDestructiveDisassembly/devel/include/abb_robot_msgs/SetFileContentsResponse.h
Symlinking /home/himaet23/EwasteNonDestructiveDisassembly/devel/include/abb_robot_msgs/GetSpeedRatioResponse.h
Symlinking /home/himaet23/EwasteNonDestructiveDisassembly/devel/include/abb_robot_msgs/SetRAPIDDnumRequest.h
Symlinking /home/himaet23/EwasteNonDestructiveDisassembly/devel/include/abb_robot_msgs/GetRAPIDNumRequest.h
Symlinking /home/himaet23/EwasteNonDestructiveDisassembly/devel/include/abb_robot_msgs/SetRAPIDDnum.h
Symlinking /home/himaet23/EwasteNonDestructiveDisassembly/devel/include/abb_robot_msgs/SetRAPIDNumRequest.h
Symlinking /home/himaet23/EwasteNonDestructiveDisassembly/devel/include/abb_robot_msgs/GetRAPIDStringResponse.h
Symlinking /home/himaet23/EwasteNonDestructiveDisassembly/devel/include/abb_robot_msgs/SetSpeedRatio.h
Symlinking /home/himaet23/EwasteNonDestructiveDisassembly/devel/include/abb_robot_msgs/SetIOSignalResponse.h
Symlinking /home/himaet23/EwasteNonDestructiveDisassembly/devel/include/abb_robot_msgs/SetRAPIDBoolResponse.h
Symlinking /home/himaet23/EwasteNonDestructiveDisassembly/devel/include/abb_robot_msgs/GetRobotControllerDescription.h
Symlinking /home/himaet23/EwasteNonDestructiveDisassembly/devel/share/roseus/ros/abb_robot_msgs/manifest.l
Symlinking /home/himaet23/EwasteNonDestructiveDisassembly/devel/share/roseus/ros/abb_robot_msgs/msg/RAPIDSymbolPath.l
Symlinking /home/himaet23/EwasteNonDestructiveDisassembly/devel/share/roseus/ros/abb_robot_msgs/msg/MechanicalUnitState.l
Symlinking /home/himaet23/EwasteNonDestructiveDisassembly/devel/share/roseus/ros/abb_robot_msgs/msg/ServiceResponses.l
Symlinking /home/himaet23/EwasteNonDestructiveDisassembly/devel/share/roseus/ros/abb_robot_msgs/msg/SystemState.l
Symlinking /home/himaet23/EwasteNonDestructiveDisassembly/devel/share/roseus/ros/abb_robot_msgs/msg/RAPIDTaskState.l
Symlinking /home/himaet23/EwasteNonDestructiveDisassembly/devel/share/roseus/ros/abb_robot_msgs/srv/GetIOSignal.l
Symlinking /home/himaet23/EwasteNonDestructiveDisassembly/devel/share/roseus/ros/abb_robot_msgs/srv/SetFileContents.l
Symlinking /home/himaet23/EwasteNonDestructiveDisassembly/devel/share/roseus/ros/abb_robot_msgs/srv/SetSpeedRatio.l
Symlinking /home/himaet23/EwasteNonDestructiveDisassembly/devel/share/roseus/ros/abb_robot_msgs/srv/GetSpeedRatio.l
Symlinking /home/himaet23/EwasteNonDestructiveDisassembly/devel/share/roseus/ros/abb_robot_msgs/srv/GetRAPIDBool.l
Symlinking /home/himaet23/EwasteNonDestructiveDisassembly/devel/share/roseus/ros/abb_robot_msgs/srv/SetRAPIDString.l
Symlinking /home/himaet23/EwasteNonDestructiveDisassembly/devel/share/roseus/ros/abb_robot_msgs/srv/GetFileContents.l
Symlinking /home/himaet23/EwasteNonDestructiveDisassembly/devel/share/roseus/ros/abb_robot_msgs/srv/SetIOSignal.l
Symlinking /home/himaet23/EwasteNonDestructiveDisassembly/devel/share/roseus/ros/abb_robot_msgs/srv/TriggerWithResultCode.l
Symlinking /home/himaet23/EwasteNonDestructiveDisassembly/devel/share/roseus/ros/abb_robot_msgs/srv/SetRAPIDSymbol.l
Symlinking /home/himaet23/EwasteNonDestructiveDisassembly/devel/share/roseus/ros/abb_robot_msgs/srv/SetRAPIDNum.l
Symlinking /home/himaet23/EwasteNonDestructiveDisassembly/devel/share/roseus/ros/abb_robot_msgs/srv/GetRAPIDSymbol.l
Symlinking /home/himaet23/EwasteNonDestructiveDisassembly/devel/share/roseus/ros/abb_robot_msgs/srv/SetRAPIDBool.l
Symlinking /home/himaet23/EwasteNonDestructiveDisassembly/devel/share/roseus/ros/abb_robot_msgs/srv/GetRAPIDString.l
Symlinking /home/himaet23/EwasteNonDestructiveDisassembly/devel/share/roseus/ros/abb_robot_msgs/srv/SetRAPIDDnum.l
Symlinking /home/himaet23/EwasteNonDestructiveDisassembly/devel/share/roseus/ros/abb_robot_msgs/srv/GetRAPIDDnum.l
Symlinking /home/himaet23/EwasteNonDestructiveDisassembly/devel/share/roseus/ros/abb_robot_msgs/srv/GetRobotControllerDescription.l
Symlinking /home/himaet23/EwasteNonDestructiveDisassembly/devel/share/roseus/ros/abb_robot_msgs/srv/GetRAPIDNum.l
Symlinking /home/himaet23/EwasteNonDestructiveDisassembly/devel/share/common-lisp/ros/abb_robot_msgs/msg/_package_ServiceResponses.lisp
Symlinking /home/himaet23/EwasteNonDestructiveDisassembly/devel/share/common-lisp/ros/abb_robot_msgs/msg/_package.lisp
Symlinking /home/himaet23/EwasteNonDestructiveDisassembly/devel/share/common-lisp/ros/abb_robot_msgs/msg/_package_MechanicalUnitState.lisp
Symlinking /home/himaet23/EwasteNonDestructiveDisassembly/devel/share/common-lisp/ros/abb_robot_msgs/msg/ServiceResponses.lisp
Symlinking /home/himaet23/EwasteNonDestructiveDisassembly/devel/share/common-lisp/ros/abb_robot_msgs/msg/_package_RAPIDSymbolPath.lisp
Symlinking /home/himaet23/EwasteNonDestructiveDisassembly/devel/share/common-lisp/ros/abb_robot_msgs/msg/_package_RAPIDTaskState.lisp
Symlinking /home/himaet23/EwasteNonDestructiveDisassembly/devel/share/common-lisp/ros/abb_robot_msgs/msg/SystemState.lisp
Symlinking /home/himaet23/EwasteNonDestructiveDisassembly/devel/share/common-lisp/ros/abb_robot_msgs/msg/RAPIDTaskState.lisp
Symlinking /home/himaet23/EwasteNonDestructiveDisassembly/devel/share/common-lisp/ros/abb_robot_msgs/msg/abb_robot_msgs-msg.asd
Symlinking /home/himaet23/EwasteNonDestructiveDisassembly/devel/share/common-lisp/ros/abb_robot_msgs/msg/RAPIDSymbolPath.lisp
Symlinking /home/himaet23/EwasteNonDestructiveDisassembly/devel/share/common-lisp/ros/abb_robot_msgs/msg/MechanicalUnitState.lisp
Symlinking /home/himaet23/EwasteNonDestructiveDisassembly/devel/share/common-lisp/ros/abb_robot_msgs/msg/_package_SystemState.lisp
Symlinking /home/himaet23/EwasteNonDestructiveDisassembly/devel/share/common-lisp/ros/abb_robot_msgs/srv/GetRAPIDDnum.lisp
Symlinking /home/himaet23/EwasteNonDestructiveDisassembly/devel/share/common-lisp/ros/abb_robot_msgs/srv/_package_GetIOSignal.lisp
Symlinking /home/himaet23/EwasteNonDestructiveDisassembly/devel/share/common-lisp/ros/abb_robot_msgs/srv/_package.lisp
Symlinking /home/himaet23/EwasteNonDestructiveDisassembly/devel/share/common-lisp/ros/abb_robot_msgs/srv/SetSpeedRatio.lisp
Symlinking /home/himaet23/EwasteNonDestructiveDisassembly/devel/share/common-lisp/ros/abb_robot_msgs/srv/_package_GetSpeedRatio.lisp
Symlinking /home/himaet23/EwasteNonDestructiveDisassembly/devel/share/common-lisp/ros/abb_robot_msgs/srv/GetRAPIDNum.lisp
Symlinking /home/himaet23/EwasteNonDestructiveDisassembly/devel/share/common-lisp/ros/abb_robot_msgs/srv/SetIOSignal.lisp
Symlinking /home/himaet23/EwasteNonDestructiveDisassembly/devel/share/common-lisp/ros/abb_robot_msgs/srv/_package_SetRAPIDString.lisp
Symlinking /home/himaet23/EwasteNonDestructiveDisassembly/devel/share/common-lisp/ros/abb_robot_msgs/srv/GetIOSignal.lisp
Symlinking /home/himaet23/EwasteNonDestructiveDisassembly/devel/share/common-lisp/ros/abb_robot_msgs/srv/GetFileContents.lisp
Symlinking /home/himaet23/EwasteNonDestructiveDisassembly/devel/share/common-lisp/ros/abb_robot_msgs/srv/SetRAPIDDnum.lisp
Symlinking /home/himaet23/EwasteNonDestructiveDisassembly/devel/share/common-lisp/ros/abb_robot_msgs/srv/_package_SetRAPIDDnum.lisp
Symlinking /home/himaet23/EwasteNonDestructiveDisassembly/devel/share/common-lisp/ros/abb_robot_msgs/srv/_package_GetRAPIDNum.lisp
Symlinking /home/himaet23/EwasteNonDestructiveDisassembly/devel/share/common-lisp/ros/abb_robot_msgs/srv/_package_SetRAPIDNum.lisp
Symlinking /home/himaet23/EwasteNonDestructiveDisassembly/devel/share/common-lisp/ros/abb_robot_msgs/srv/_package_SetRAPIDSymbol.lisp
Symlinking /home/himaet23/EwasteNonDestructiveDisassembly/devel/share/common-lisp/ros/abb_robot_msgs/srv/SetFileContents.lisp
Symlinking /home/himaet23/EwasteNonDestructiveDisassembly/devel/share/common-lisp/ros/abb_robot_msgs/srv/_package_GetRAPIDDnum.lisp
Symlinking /home/himaet23/EwasteNonDestructiveDisassembly/devel/share/common-lisp/ros/abb_robot_msgs/srv/SetRAPIDString.lisp
Symlinking /home/himaet23/EwasteNonDestructiveDisassembly/devel/share/common-lisp/ros/abb_robot_msgs/srv/_package_GetFileContents.lisp
Symlinking /home/himaet23/EwasteNonDestructiveDisassembly/devel/share/common-lisp/ros/abb_robot_msgs/srv/TriggerWithResultCode.lisp
Symlinking /home/himaet23/EwasteNonDestructiveDisassembly/devel/share/common-lisp/ros/abb_robot_msgs/srv/_package_GetRAPIDSymbol.lisp
Symlinking /home/himaet23/EwasteNonDestructiveDisassembly/devel/share/common-lisp/ros/abb_robot_msgs/srv/_package_SetRAPIDBool.lisp
Symlinking /home/himaet23/EwasteNonDestructiveDisassembly/devel/share/common-lisp/ros/abb_robot_msgs/srv/_package_SetSpeedRatio.lisp
Symlinking /home/himaet23/EwasteNonDestructiveDisassembly/devel/share/common-lisp/ros/abb_robot_msgs/srv/_package_TriggerWithResultCode.lisp
Symlinking /home/himaet23/EwasteNonDestructiveDisassembly/devel/share/common-lisp/ros/abb_robot_msgs/srv/GetRobotControllerDescription.lisp
Symlinking /home/himaet23/EwasteNonDestructiveDisassembly/devel/share/common-lisp/ros/abb_robot_msgs/srv/SetRAPIDSymbol.lisp
Symlinking /home/himaet23/EwasteNonDestructiveDisassembly/devel/share/common-lisp/ros/abb_robot_msgs/srv/_package_GetRAPIDString.lisp
Symlinking /home/himaet23/EwasteNonDestructiveDisassembly/devel/share/common-lisp/ros/abb_robot_msgs/srv/GetRAPIDString.lisp
Symlinking /home/himaet23/EwasteNonDestructiveDisassembly/devel/share/common-lisp/ros/abb_robot_msgs/srv/_package_SetIOSignal.lisp
Symlinking /home/himaet23/EwasteNonDestructiveDisassembly/devel/share/common-lisp/ros/abb_robot_msgs/srv/GetRAPIDBool.lisp
Symlinking /home/himaet23/EwasteNonDestructiveDisassembly/devel/share/common-lisp/ros/abb_robot_msgs/srv/_package_GetRobotControllerDescription.lisp
Symlinking /home/himaet23/EwasteNonDestructiveDisassembly/devel/share/common-lisp/ros/abb_robot_msgs/srv/abb_robot_msgs-srv.asd
Symlinking /home/himaet23/EwasteNonDestructiveDisassembly/devel/share/common-lisp/ros/abb_robot_msgs/srv/SetRAPIDBool.lisp
Symlinking /home/himaet23/EwasteNonDestructiveDisassembly/devel/share/common-lisp/ros/abb_robot_msgs/srv/SetRAPIDNum.lisp
Symlinking /home/himaet23/EwasteNonDestructiveDisassembly/devel/share/common-lisp/ros/abb_robot_msgs/srv/GetSpeedRatio.lisp
Symlinking /home/himaet23/EwasteNonDestructiveDisassembly/devel/share/common-lisp/ros/abb_robot_msgs/srv/_package_SetFileContents.lisp
Symlinking /home/himaet23/EwasteNonDestructiveDisassembly/devel/share/common-lisp/ros/abb_robot_msgs/srv/GetRAPIDSymbol.lisp
Symlinking /home/himaet23/EwasteNonDestructiveDisassembly/devel/share/common-lisp/ros/abb_robot_msgs/srv/_package_GetRAPIDBool.lisp
Symlinking /home/himaet23/EwasteNonDestructiveDisassembly/devel/share/gennodejs/ros/abb_robot_msgs/_index.js
Symlinking /home/himaet23/EwasteNonDestructiveDisassembly/devel/share/gennodejs/ros/abb_robot_msgs/msg/ServiceResponses.js
Symlinking /home/himaet23/EwasteNonDestructiveDisassembly/devel/share/gennodejs/ros/abb_robot_msgs/msg/RAPIDSymbolPath.js
Symlinking /home/himaet23/EwasteNonDestructiveDisassembly/devel/share/gennodejs/ros/abb_robot_msgs/msg/MechanicalUnitState.js
Symlinking /home/himaet23/EwasteNonDestructiveDisassembly/devel/share/gennodejs/ros/abb_robot_msgs/msg/RAPIDTaskState.js
Symlinking /home/himaet23/EwasteNonDestructiveDisassembly/devel/share/gennodejs/ros/abb_robot_msgs/msg/_index.js
Symlinking /home/himaet23/EwasteNonDestructiveDisassembly/devel/share/gennodejs/ros/abb_robot_msgs/msg/SystemState.js
Symlinking /home/himaet23/EwasteNonDestructiveDisassembly/devel/share/gennodejs/ros/abb_robot_msgs/srv/TriggerWithResultCode.js
Symlinking /home/himaet23/EwasteNonDestructiveDisassembly/devel/share/gennodejs/ros/abb_robot_msgs/srv/SetSpeedRatio.js
Symlinking /home/himaet23/EwasteNonDestructiveDisassembly/devel/share/gennodejs/ros/abb_robot_msgs/srv/GetRAPIDString.js
Symlinking /home/himaet23/EwasteNonDestructiveDisassembly/devel/share/gennodejs/ros/abb_robot_msgs/srv/GetRAPIDSymbol.js
Symlinking /home/himaet23/EwasteNonDestructiveDisassembly/devel/share/gennodejs/ros/abb_robot_msgs/srv/SetIOSignal.js
Symlinking /home/himaet23/EwasteNonDestructiveDisassembly/devel/share/gennodejs/ros/abb_robot_msgs/srv/SetRAPIDSymbol.js
Symlinking /home/himaet23/EwasteNonDestructiveDisassembly/devel/share/gennodejs/ros/abb_robot_msgs/srv/SetRAPIDNum.js
Symlinking /home/himaet23/EwasteNonDestructiveDisassembly/devel/share/gennodejs/ros/abb_robot_msgs/srv/SetRAPIDString.js
Symlinking /home/himaet23/EwasteNonDestructiveDisassembly/devel/share/gennodejs/ros/abb_robot_msgs/srv/SetRAPIDBool.js
Symlinking /home/himaet23/EwasteNonDestructiveDisassembly/devel/share/gennodejs/ros/abb_robot_msgs/srv/GetRAPIDDnum.js
Symlinking /home/himaet23/EwasteNonDestructiveDisassembly/devel/share/gennodejs/ros/abb_robot_msgs/srv/GetFileContents.js
Symlinking /home/himaet23/EwasteNonDestructiveDisassembly/devel/share/gennodejs/ros/abb_robot_msgs/srv/GetSpeedRatio.js
Symlinking /home/himaet23/EwasteNonDestructiveDisassembly/devel/share/gennodejs/ros/abb_robot_msgs/srv/_index.js
Symlinking /home/himaet23/EwasteNonDestructiveDisassembly/devel/share/gennodejs/ros/abb_robot_msgs/srv/GetIOSignal.js
Symlinking /home/himaet23/EwasteNonDestructiveDisassembly/devel/share/gennodejs/ros/abb_robot_msgs/srv/GetRAPIDNum.js
Symlinking /home/himaet23/EwasteNonDestructiveDisassembly/devel/share/gennodejs/ros/abb_robot_msgs/srv/GetRAPIDBool.js
Symlinking /home/himaet23/EwasteNonDestructiveDisassembly/devel/share/gennodejs/ros/abb_robot_msgs/srv/GetRobotControllerDescription.js
Symlinking /home/himaet23/EwasteNonDestructiveDisassembly/devel/share/gennodejs/ros/abb_robot_msgs/srv/SetFileContents.js
Symlinking /home/himaet23/EwasteNonDestructiveDisassembly/devel/share/gennodejs/ros/abb_robot_msgs/srv/SetRAPIDDnum.js
Symlinking /home/himaet23/EwasteNonDestructiveDisassembly/devel/share/abb_robot_msgs/cmake/abb_robot_msgs-msg-paths.cmake
Symlinking /home/himaet23/EwasteNonDestructiveDisassembly/devel/share/abb_robot_msgs/cmake/abb_robot_msgs-msg-extras.cmake
Symlinking /home/himaet23/EwasteNonDestructiveDisassembly/devel/share/abb_robot_msgs/cmake/abb_robot_msgsConfig.cmake
Symlinking /home/himaet23/EwasteNonDestructiveDisassembly/devel/share/abb_robot_msgs/cmake/abb_robot_msgsConfig-version.cmake
Symlinking /home/himaet23/EwasteNonDestructiveDisassembly/devel/lib/pkgconfig/abb_robot_msgs.pc
Symlinking /home/himaet23/EwasteNonDestructiveDisassembly/devel/lib/python3/dist-packages/abb_robot_msgs/py.typed
Symlinking /home/himaet23/EwasteNonDestructiveDisassembly/devel/lib/python3/dist-packages/abb_robot_msgs/__init__.py
Symlinking /home/himaet23/EwasteNonDestructiveDisassembly/devel/lib/python3/dist-packages/abb_robot_msgs/__init__.pyi
Symlinking /home/himaet23/EwasteNonDestructiveDisassembly/devel/lib/python3/dist-packages/abb_robot_msgs/msg/_RAPIDSymbolPath.pyi
Symlinking /home/himaet23/EwasteNonDestructiveDisassembly/devel/lib/python3/dist-packages/abb_robot_msgs/msg/_RAPIDTaskState.py
Symlinking /home/himaet23/EwasteNonDestructiveDisassembly/devel/lib/python3/dist-packages/abb_robot_msgs/msg/_MechanicalUnitState.pyi
Symlinking /home/himaet23/EwasteNonDestructiveDisassembly/devel/lib/python3/dist-packages/abb_robot_msgs/msg/_RAPIDSymbolPath.py
Symlinking /home/himaet23/EwasteNonDestructiveDisassembly/devel/lib/python3/dist-packages/abb_robot_msgs/msg/_SystemState.py
Symlinking /home/himaet23/EwasteNonDestructiveDisassembly/devel/lib/python3/dist-packages/abb_robot_msgs/msg/_MechanicalUnitState.py
Symlinking /home/himaet23/EwasteNonDestructiveDisassembly/devel/lib/python3/dist-packages/abb_robot_msgs/msg/_ServiceResponses.pyi
Symlinking /home/himaet23/EwasteNonDestructiveDisassembly/devel/lib/python3/dist-packages/abb_robot_msgs/msg/_RAPIDTaskState.pyi
Symlinking /home/himaet23/EwasteNonDestructiveDisassembly/devel/lib/python3/dist-packages/abb_robot_msgs/msg/__init__.py
Symlinking /home/himaet23/EwasteNonDestructiveDisassembly/devel/lib/python3/dist-packages/abb_robot_msgs/msg/_SystemState.pyi
Symlinking /home/himaet23/EwasteNonDestructiveDisassembly/devel/lib/python3/dist-packages/abb_robot_msgs/msg/__init__.pyi
Symlinking /home/himaet23/EwasteNonDestructiveDisassembly/devel/lib/python3/dist-packages/abb_robot_msgs/msg/_ServiceResponses.py
Symlinking /home/himaet23/EwasteNonDestructiveDisassembly/devel/lib/python3/dist-packages/abb_robot_msgs/srv/_GetFileContents.pyi
Symlinking /home/himaet23/EwasteNonDestructiveDisassembly/devel/lib/python3/dist-packages/abb_robot_msgs/srv/_GetRAPIDSymbol.pyi
Symlinking /home/himaet23/EwasteNonDestructiveDisassembly/devel/lib/python3/dist-packages/abb_robot_msgs/srv/_GetSpeedRatio.pyi
Symlinking /home/himaet23/EwasteNonDestructiveDisassembly/devel/lib/python3/dist-packages/abb_robot_msgs/srv/_SetIOSignal.py
Symlinking /home/himaet23/EwasteNonDestructiveDisassembly/devel/lib/python3/dist-packages/abb_robot_msgs/srv/_GetRAPIDString.py
Symlinking /home/himaet23/EwasteNonDestructiveDisassembly/devel/lib/python3/dist-packages/abb_robot_msgs/srv/_SetRAPIDBool.py
Symlinking /home/himaet23/EwasteNonDestructiveDisassembly/devel/lib/python3/dist-packages/abb_robot_msgs/srv/_GetSpeedRatio.py
Symlinking /home/himaet23/EwasteNonDestructiveDisassembly/devel/lib/python3/dist-packages/abb_robot_msgs/srv/_GetRAPIDSymbol.py
Symlinking /home/himaet23/EwasteNonDestructiveDisassembly/devel/lib/python3/dist-packages/abb_robot_msgs/srv/_SetRAPIDBool.pyi
Symlinking /home/himaet23/EwasteNonDestructiveDisassembly/devel/lib/python3/dist-packages/abb_robot_msgs/srv/_SetRAPIDDnum.py
Symlinking /home/himaet23/EwasteNonDestructiveDisassembly/devel/lib/python3/dist-packages/abb_robot_msgs/srv/_SetRAPIDSymbol.pyi
Symlinking /home/himaet23/EwasteNonDestructiveDisassembly/devel/lib/python3/dist-packages/abb_robot_msgs/srv/_SetRAPIDSymbol.py
Symlinking /home/himaet23/EwasteNonDestructiveDisassembly/devel/lib/python3/dist-packages/abb_robot_msgs/srv/_SetFileContents.py
Symlinking /home/himaet23/EwasteNonDestructiveDisassembly/devel/lib/python3/dist-packages/abb_robot_msgs/srv/_SetRAPIDNum.pyi
Symlinking /home/himaet23/EwasteNonDestructiveDisassembly/devel/lib/python3/dist-packages/abb_robot_msgs/srv/_SetIOSignal.pyi
Symlinking /home/himaet23/EwasteNonDestructiveDisassembly/devel/lib/python3/dist-packages/abb_robot_msgs/srv/_SetRAPIDDnum.pyi
Symlinking /home/himaet23/EwasteNonDestructiveDisassembly/devel/lib/python3/dist-packages/abb_robot_msgs/srv/_GetRobotControllerDescription.pyi
Symlinking /home/himaet23/EwasteNonDestructiveDisassembly/devel/lib/python3/dist-packages/abb_robot_msgs/srv/_GetRAPIDDnum.py
Symlinking /home/himaet23/EwasteNonDestructiveDisassembly/devel/lib/python3/dist-packages/abb_robot_msgs/srv/_TriggerWithResultCode.pyi
Symlinking /home/himaet23/EwasteNonDestructiveDisassembly/devel/lib/python3/dist-packages/abb_robot_msgs/srv/_GetFileContents.py
Symlinking /home/himaet23/EwasteNonDestructiveDisassembly/devel/lib/python3/dist-packages/abb_robot_msgs/srv/_GetIOSignal.pyi
Symlinking /home/himaet23/EwasteNonDestructiveDisassembly/devel/lib/python3/dist-packages/abb_robot_msgs/srv/_SetRAPIDString.pyi
Symlinking /home/himaet23/EwasteNonDestructiveDisassembly/devel/lib/python3/dist-packages/abb_robot_msgs/srv/__init__.py
Symlinking /home/himaet23/EwasteNonDestructiveDisassembly/devel/lib/python3/dist-packages/abb_robot_msgs/srv/_GetRAPIDString.pyi
Symlinking /home/himaet23/EwasteNonDestructiveDisassembly/devel/lib/python3/dist-packages/abb_robot_msgs/srv/_GetRAPIDNum.pyi
Symlinking /home/himaet23/EwasteNonDestructiveDisassembly/devel/lib/python3/dist-packages/abb_robot_msgs/srv/_GetRobotControllerDescription.py
Symlinking /home/himaet23/EwasteNonDestructiveDisassembly/devel/lib/python3/dist-packages/abb_robot_msgs/srv/_SetRAPIDString.py
Symlinking /home/himaet23/EwasteNonDestructiveDisassembly/devel/lib/python3/dist-packages/abb_robot_msgs/srv/_GetRAPIDBool.py
Symlinking /home/himaet23/EwasteNonDestructiveDisassembly/devel/lib/python3/dist-packages/abb_robot_msgs/srv/_GetIOSignal.py
Symlinking /home/himaet23/EwasteNonDestructiveDisassembly/devel/lib/python3/dist-packages/abb_robot_msgs/srv/__init__.pyi
Symlinking /home/himaet23/EwasteNonDestructiveDisassembly/devel/lib/python3/dist-packages/abb_robot_msgs/srv/_SetSpeedRatio.pyi
Symlinking /home/himaet23/EwasteNonDestructiveDisassembly/devel/lib/python3/dist-packages/abb_robot_msgs/srv/_SetFileContents.pyi
Symlinking /home/himaet23/EwasteNonDestructiveDisassembly/devel/lib/python3/dist-packages/abb_robot_msgs/srv/_GetRAPIDNum.py
Symlinking /home/himaet23/EwasteNonDestructiveDisassembly/devel/lib/python3/dist-packages/abb_robot_msgs/srv/_SetSpeedRatio.py
Symlinking /home/himaet23/EwasteNonDestructiveDisassembly/devel/lib/python3/dist-packages/abb_robot_msgs/srv/_GetRAPIDBool.pyi
Symlinking /home/himaet23/EwasteNonDestructiveDisassembly/devel/lib/python3/dist-packages/abb_robot_msgs/srv/_SetRAPIDNum.py
Symlinking /home/himaet23/EwasteNonDestructiveDisassembly/devel/lib/python3/dist-packages/abb_robot_msgs/srv/_GetRAPIDDnum.pyi
Symlinking /home/himaet23/EwasteNonDestructiveDisassembly/devel/lib/python3/dist-packages/abb_robot_msgs/srv/_TriggerWithResultCode.py
