Symlinking /home/himaet23/EwasteNonDestructiveDisassembly/devel/include/abb_egm_msgs/EGMChannelState.h
Symlinking /home/himaet23/EwasteNonDestructiveDisassembly/devel/include/abb_egm_msgs/EGMState.h
Symlinking /home/himaet23/EwasteNonDestructiveDisassembly/devel/share/abb_egm_msgs/cmake/abb_egm_msgs-msg-extras.cmake
Symlinking /home/himaet23/EwasteNonDestructiveDisassembly/devel/share/abb_egm_msgs/cmake/abb_egm_msgsConfig.cmake
Symlinking /home/himaet23/EwasteNonDestructiveDisassembly/devel/share/abb_egm_msgs/cmake/abb_egm_msgs-msg-paths.cmake
Symlinking /home/himaet23/EwasteNonDestructiveDisassembly/devel/share/abb_egm_msgs/cmake/abb_egm_msgsConfig-version.cmake
Symlinking /home/himaet23/EwasteNonDestructiveDisassembly/devel/share/roseus/ros/abb_egm_msgs/manifest.l
Symlinking /home/himaet23/EwasteNonDestructiveDisassembly/devel/share/roseus/ros/abb_egm_msgs/msg/EGMChannelState.l
Symlinking /home/himaet23/EwasteNonDestructiveDisassembly/devel/share/roseus/ros/abb_egm_msgs/msg/EGMState.l
Symlinking /home/himaet23/EwasteNonDestructiveDisassembly/devel/share/common-lisp/ros/abb_egm_msgs/msg/_package.lisp
Symlinking /home/himaet23/EwasteNonDestructiveDisassembly/devel/share/common-lisp/ros/abb_egm_msgs/msg/abb_egm_msgs-msg.asd
Symlinking /home/himaet23/EwasteNonDestructiveDisassembly/devel/share/common-lisp/ros/abb_egm_msgs/msg/EGMState.lisp
Symlinking /home/himaet23/EwasteNonDestructiveDisassembly/devel/share/common-lisp/ros/abb_egm_msgs/msg/_package_EGMChannelState.lisp
Symlinking /home/himaet23/EwasteNonDestructiveDisassembly/devel/share/common-lisp/ros/abb_egm_msgs/msg/_package_EGMState.lisp
Symlinking /home/himaet23/EwasteNonDestructiveDisassembly/devel/share/common-lisp/ros/abb_egm_msgs/msg/EGMChannelState.lisp
Symlinking /home/himaet23/EwasteNonDestructiveDisassembly/devel/share/gennodejs/ros/abb_egm_msgs/_index.js
Symlinking /home/himaet23/EwasteNonDestructiveDisassembly/devel/share/gennodejs/ros/abb_egm_msgs/msg/EGMState.js
Symlinking /home/himaet23/EwasteNonDestructiveDisassembly/devel/share/gennodejs/ros/abb_egm_msgs/msg/EGMChannelState.js
Symlinking /home/himaet23/EwasteNonDestructiveDisassembly/devel/share/gennodejs/ros/abb_egm_msgs/msg/_index.js
Symlinking /home/himaet23/EwasteNonDestructiveDisassembly/devel/lib/pkgconfig/abb_egm_msgs.pc
Symlinking /home/himaet23/EwasteNonDestructiveDisassembly/devel/lib/python3/dist-packages/abb_egm_msgs/py.typed
Symlinking /home/himaet23/EwasteNonDestructiveDisassembly/devel/lib/python3/dist-packages/abb_egm_msgs/__init__.py
Symlinking /home/himaet23/EwasteNonDestructiveDisassembly/devel/lib/python3/dist-packages/abb_egm_msgs/__init__.pyi
Symlinking /home/himaet23/EwasteNonDestructiveDisassembly/devel/lib/python3/dist-packages/abb_egm_msgs/msg/_EGMChannelState.py
Symlinking /home/himaet23/EwasteNonDestructiveDisassembly/devel/lib/python3/dist-packages/abb_egm_msgs/msg/_EGMState.pyi
Symlinking /home/himaet23/EwasteNonDestructiveDisassembly/devel/lib/python3/dist-packages/abb_egm_msgs/msg/_EGMChannelState.pyi
Symlinking /home/himaet23/EwasteNonDestructiveDisassembly/devel/lib/python3/dist-packages/abb_egm_msgs/msg/__init__.py
Symlinking /home/himaet23/EwasteNonDestructiveDisassembly/devel/lib/python3/dist-packages/abb_egm_msgs/msg/__init__.pyi
Symlinking /home/himaet23/EwasteNonDestructiveDisassembly/devel/lib/python3/dist-packages/abb_egm_msgs/msg/_EGMState.py
