[  0%] Built target _abb_egm_msgs_generate_messages_check_deps_EGMState
[  0%] Built target std_msgs_generate_messages_py
[  0%] Built target _abb_egm_msgs_generate_messages_check_deps_EGMChannelState
[  0%] Built target std_msgs_generate_messages_cpp
[  0%] Built target std_msgs_generate_messages_eus
[  0%] Built target std_msgs_generate_messages_lisp
[  0%] Built target std_msgs_generate_messages_nodejs
[  8%] [34m[1mGenerating Python from MSG abb_egm_msgs/EGMChannelState[0m
[ 16%] [34m[1mGenerating C++ code from abb_egm_msgs/EGMChannelState.msg[0m
[ 25%] [34m[1mGenerating Python from MSG abb_egm_msgs/EGMState[0m
[ 33%] [34m[1mGenerating C++ code from abb_egm_msgs/EGMState.msg[0m
[ 41%] [34m[1mGenerating Python msg __init__.py for abb_egm_msgs[0m
[ 41%] Built target abb_egm_msgs_generate_messages_cpp
[ 50%] [34m[1mGenerating EusLisp code from abb_egm_msgs/EGMChannelState.msg[0m
[ 50%] Built target abb_egm_msgs_generate_messages_py
[ 58%] [34m[1mGenerating Lisp code from abb_egm_msgs/EGMChannelState.msg[0m
[ 66%] [34m[1mGenerating EusLisp code from abb_egm_msgs/EGMState.msg[0m
[ 75%] [34m[1mGenerating EusLisp manifest code for abb_egm_msgs[0m
WARNING: Package name "CentralNode" does not follow the naming conventions. It should start with a lower case letter and only contain lower case letters, digits, underscores, and dashes.
WARNING: Package name "checkMotors" does not follow the naming conventions. It should start with a lower case letter and only contain lower case letters, digits, underscores, and dashes.
[ 83%] [34m[1mGenerating Lisp code from abb_egm_msgs/EGMState.msg[0m
[ 83%] Built target abb_egm_msgs_generate_messages_lisp
[ 91%] [34m[1mGenerating Javascript code from abb_egm_msgs/EGMChannelState.msg[0m
[100%] [34m[1mGenerating Javascript code from abb_egm_msgs/EGMState.msg[0m
[100%] Built target abb_egm_msgs_generate_messages_nodejs
WARNING: Package name "CentralNode" does not follow the naming conventions. It should start with a lower case letter and only contain lower case letters, digits, underscores, and dashes.
WARNING: Package name "checkMotors" does not follow the naming conventions. It should start with a lower case letter and only contain lower case letters, digits, underscores, and dashes.
[100%] Built target abb_egm_msgs_generate_messages_eus
[100%] Built target abb_egm_msgs_generate_messages
