Symlinking /home/himaet23/EwasteNonDestructiveDisassembly/devel/include/abb_rapid_msgs/ExtJoint.h
Symlinking /home/himaet23/EwasteNonDestructiveDisassembly/devel/include/abb_rapid_msgs/Pose.h
Symlinking /home/himaet23/EwasteNonDestructiveDisassembly/devel/include/abb_rapid_msgs/RobJoint.h
Symlinking /home/himaet23/EwasteNonDestructiveDisassembly/devel/include/abb_rapid_msgs/WObjData.h
Symlinking /home/himaet23/EwasteNonDestructiveDisassembly/devel/include/abb_rapid_msgs/ToolData.h
Symlinking /home/himaet23/EwasteNonDestructiveDisassembly/devel/include/abb_rapid_msgs/Orient.h
Symlinking /home/himaet23/EwasteNonDestructiveDisassembly/devel/include/abb_rapid_msgs/RobTarget.h
Symlinking /home/himaet23/EwasteNonDestructiveDisassembly/devel/include/abb_rapid_msgs/Pos.h
Symlinking /home/himaet23/EwasteNonDestructiveDisassembly/devel/include/abb_rapid_msgs/JointTarget.h
Symlinking /home/himaet23/EwasteNonDestructiveDisassembly/devel/include/abb_rapid_msgs/LoadData.h
Symlinking /home/himaet23/EwasteNonDestructiveDisassembly/devel/include/abb_rapid_msgs/ConfData.h
Symlinking /home/himaet23/EwasteNonDestructiveDisassembly/devel/share/roseus/ros/abb_rapid_msgs/manifest.l
Symlinking /home/himaet23/EwasteNonDestructiveDisassembly/devel/share/roseus/ros/abb_rapid_msgs/msg/RobTarget.l
Symlinking /home/himaet23/EwasteNonDestructiveDisassembly/devel/share/roseus/ros/abb_rapid_msgs/msg/RobJoint.l
Symlinking /home/himaet23/EwasteNonDestructiveDisassembly/devel/share/roseus/ros/abb_rapid_msgs/msg/WObjData.l
Symlinking /home/himaet23/EwasteNonDestructiveDisassembly/devel/share/roseus/ros/abb_rapid_msgs/msg/Pos.l
Symlinking /home/himaet23/EwasteNonDestructiveDisassembly/devel/share/roseus/ros/abb_rapid_msgs/msg/Orient.l
Symlinking /home/himaet23/EwasteNonDestructiveDisassembly/devel/share/roseus/ros/abb_rapid_msgs/msg/JointTarget.l
Symlinking /home/himaet23/EwasteNonDestructiveDisassembly/devel/share/roseus/ros/abb_rapid_msgs/msg/ExtJoint.l
Symlinking /home/himaet23/EwasteNonDestructiveDisassembly/devel/share/roseus/ros/abb_rapid_msgs/msg/ConfData.l
Symlinking /home/himaet23/EwasteNonDestructiveDisassembly/devel/share/roseus/ros/abb_rapid_msgs/msg/LoadData.l
Symlinking /home/himaet23/EwasteNonDestructiveDisassembly/devel/share/roseus/ros/abb_rapid_msgs/msg/ToolData.l
Symlinking /home/himaet23/EwasteNonDestructiveDisassembly/devel/share/roseus/ros/abb_rapid_msgs/msg/Pose.l
Symlinking /home/himaet23/EwasteNonDestructiveDisassembly/devel/share/common-lisp/ros/abb_rapid_msgs/msg/_package.lisp
Symlinking /home/himaet23/EwasteNonDestructiveDisassembly/devel/share/common-lisp/ros/abb_rapid_msgs/msg/JointTarget.lisp
Symlinking /home/himaet23/EwasteNonDestructiveDisassembly/devel/share/common-lisp/ros/abb_rapid_msgs/msg/_package_WObjData.lisp
Symlinking /home/himaet23/EwasteNonDestructiveDisassembly/devel/share/common-lisp/ros/abb_rapid_msgs/msg/_package_ExtJoint.lisp
Symlinking /home/himaet23/EwasteNonDestructiveDisassembly/devel/share/common-lisp/ros/abb_rapid_msgs/msg/_package_JointTarget.lisp
Symlinking /home/himaet23/EwasteNonDestructiveDisassembly/devel/share/common-lisp/ros/abb_rapid_msgs/msg/_package_RobJoint.lisp
Symlinking /home/himaet23/EwasteNonDestructiveDisassembly/devel/share/common-lisp/ros/abb_rapid_msgs/msg/WObjData.lisp
Symlinking /home/himaet23/EwasteNonDestructiveDisassembly/devel/share/common-lisp/ros/abb_rapid_msgs/msg/abb_rapid_msgs-msg.asd
Symlinking /home/himaet23/EwasteNonDestructiveDisassembly/devel/share/common-lisp/ros/abb_rapid_msgs/msg/_package_LoadData.lisp
Symlinking /home/himaet23/EwasteNonDestructiveDisassembly/devel/share/common-lisp/ros/abb_rapid_msgs/msg/_package_Orient.lisp
Symlinking /home/himaet23/EwasteNonDestructiveDisassembly/devel/share/common-lisp/ros/abb_rapid_msgs/msg/ToolData.lisp
Symlinking /home/himaet23/EwasteNonDestructiveDisassembly/devel/share/common-lisp/ros/abb_rapid_msgs/msg/Pose.lisp
Symlinking /home/himaet23/EwasteNonDestructiveDisassembly/devel/share/common-lisp/ros/abb_rapid_msgs/msg/ExtJoint.lisp
Symlinking /home/himaet23/EwasteNonDestructiveDisassembly/devel/share/common-lisp/ros/abb_rapid_msgs/msg/RobJoint.lisp
Symlinking /home/himaet23/EwasteNonDestructiveDisassembly/devel/share/common-lisp/ros/abb_rapid_msgs/msg/_package_ToolData.lisp
Symlinking /home/himaet23/EwasteNonDestructiveDisassembly/devel/share/common-lisp/ros/abb_rapid_msgs/msg/RobTarget.lisp
Symlinking /home/himaet23/EwasteNonDestructiveDisassembly/devel/share/common-lisp/ros/abb_rapid_msgs/msg/_package_RobTarget.lisp
Symlinking /home/himaet23/EwasteNonDestructiveDisassembly/devel/share/common-lisp/ros/abb_rapid_msgs/msg/_package_Pose.lisp
Symlinking /home/himaet23/EwasteNonDestructiveDisassembly/devel/share/common-lisp/ros/abb_rapid_msgs/msg/ConfData.lisp
Symlinking /home/himaet23/EwasteNonDestructiveDisassembly/devel/share/common-lisp/ros/abb_rapid_msgs/msg/LoadData.lisp
Symlinking /home/himaet23/EwasteNonDestructiveDisassembly/devel/share/common-lisp/ros/abb_rapid_msgs/msg/Orient.lisp
Symlinking /home/himaet23/EwasteNonDestructiveDisassembly/devel/share/common-lisp/ros/abb_rapid_msgs/msg/_package_Pos.lisp
Symlinking /home/himaet23/EwasteNonDestructiveDisassembly/devel/share/common-lisp/ros/abb_rapid_msgs/msg/_package_ConfData.lisp
Symlinking /home/himaet23/EwasteNonDestructiveDisassembly/devel/share/common-lisp/ros/abb_rapid_msgs/msg/Pos.lisp
Symlinking /home/himaet23/EwasteNonDestructiveDisassembly/devel/share/gennodejs/ros/abb_rapid_msgs/_index.js
Symlinking /home/himaet23/EwasteNonDestructiveDisassembly/devel/share/gennodejs/ros/abb_rapid_msgs/msg/Pos.js
Symlinking /home/himaet23/EwasteNonDestructiveDisassembly/devel/share/gennodejs/ros/abb_rapid_msgs/msg/Orient.js
Symlinking /home/himaet23/EwasteNonDestructiveDisassembly/devel/share/gennodejs/ros/abb_rapid_msgs/msg/RobTarget.js
Symlinking /home/himaet23/EwasteNonDestructiveDisassembly/devel/share/gennodejs/ros/abb_rapid_msgs/msg/RobJoint.js
Symlinking /home/himaet23/EwasteNonDestructiveDisassembly/devel/share/gennodejs/ros/abb_rapid_msgs/msg/WObjData.js
Symlinking /home/himaet23/EwasteNonDestructiveDisassembly/devel/share/gennodejs/ros/abb_rapid_msgs/msg/LoadData.js
Symlinking /home/himaet23/EwasteNonDestructiveDisassembly/devel/share/gennodejs/ros/abb_rapid_msgs/msg/Pose.js
Symlinking /home/himaet23/EwasteNonDestructiveDisassembly/devel/share/gennodejs/ros/abb_rapid_msgs/msg/_index.js
Symlinking /home/himaet23/EwasteNonDestructiveDisassembly/devel/share/gennodejs/ros/abb_rapid_msgs/msg/ExtJoint.js
Symlinking /home/himaet23/EwasteNonDestructiveDisassembly/devel/share/gennodejs/ros/abb_rapid_msgs/msg/ToolData.js
Symlinking /home/himaet23/EwasteNonDestructiveDisassembly/devel/share/gennodejs/ros/abb_rapid_msgs/msg/JointTarget.js
Symlinking /home/himaet23/EwasteNonDestructiveDisassembly/devel/share/gennodejs/ros/abb_rapid_msgs/msg/ConfData.js
Symlinking /home/himaet23/EwasteNonDestructiveDisassembly/devel/share/abb_rapid_msgs/cmake/abb_rapid_msgsConfig-version.cmake
Symlinking /home/himaet23/EwasteNonDestructiveDisassembly/devel/share/abb_rapid_msgs/cmake/abb_rapid_msgs-msg-extras.cmake
Symlinking /home/himaet23/EwasteNonDestructiveDisassembly/devel/share/abb_rapid_msgs/cmake/abb_rapid_msgsConfig.cmake
Symlinking /home/himaet23/EwasteNonDestructiveDisassembly/devel/share/abb_rapid_msgs/cmake/abb_rapid_msgs-msg-paths.cmake
Symlinking /home/himaet23/EwasteNonDestructiveDisassembly/devel/lib/pkgconfig/abb_rapid_msgs.pc
Symlinking /home/himaet23/EwasteNonDestructiveDisassembly/devel/lib/python3/dist-packages/abb_rapid_msgs/py.typed
Symlinking /home/himaet23/EwasteNonDestructiveDisassembly/devel/lib/python3/dist-packages/abb_rapid_msgs/__init__.py
Symlinking /home/himaet23/EwasteNonDestructiveDisassembly/devel/lib/python3/dist-packages/abb_rapid_msgs/__init__.pyi
Symlinking /home/himaet23/EwasteNonDestructiveDisassembly/devel/lib/python3/dist-packages/abb_rapid_msgs/msg/_Pose.py
Symlinking /home/himaet23/EwasteNonDestructiveDisassembly/devel/lib/python3/dist-packages/abb_rapid_msgs/msg/_ExtJoint.pyi
Symlinking /home/himaet23/EwasteNonDestructiveDisassembly/devel/lib/python3/dist-packages/abb_rapid_msgs/msg/_LoadData.py
Symlinking /home/himaet23/EwasteNonDestructiveDisassembly/devel/lib/python3/dist-packages/abb_rapid_msgs/msg/_JointTarget.py
Symlinking /home/himaet23/EwasteNonDestructiveDisassembly/devel/lib/python3/dist-packages/abb_rapid_msgs/msg/_ExtJoint.py
Symlinking /home/himaet23/EwasteNonDestructiveDisassembly/devel/lib/python3/dist-packages/abb_rapid_msgs/msg/_Pos.py
Symlinking /home/himaet23/EwasteNonDestructiveDisassembly/devel/lib/python3/dist-packages/abb_rapid_msgs/msg/_RobJoint.pyi
Symlinking /home/himaet23/EwasteNonDestructiveDisassembly/devel/lib/python3/dist-packages/abb_rapid_msgs/msg/_ToolData.pyi
Symlinking /home/himaet23/EwasteNonDestructiveDisassembly/devel/lib/python3/dist-packages/abb_rapid_msgs/msg/_RobTarget.pyi
Symlinking /home/himaet23/EwasteNonDestructiveDisassembly/devel/lib/python3/dist-packages/abb_rapid_msgs/msg/_LoadData.pyi
Symlinking /home/himaet23/EwasteNonDestructiveDisassembly/devel/lib/python3/dist-packages/abb_rapid_msgs/msg/_JointTarget.pyi
Symlinking /home/himaet23/EwasteNonDestructiveDisassembly/devel/lib/python3/dist-packages/abb_rapid_msgs/msg/_ConfData.pyi
Symlinking /home/himaet23/EwasteNonDestructiveDisassembly/devel/lib/python3/dist-packages/abb_rapid_msgs/msg/__init__.py
Symlinking /home/himaet23/EwasteNonDestructiveDisassembly/devel/lib/python3/dist-packages/abb_rapid_msgs/msg/_Orient.pyi
Symlinking /home/himaet23/EwasteNonDestructiveDisassembly/devel/lib/python3/dist-packages/abb_rapid_msgs/msg/_WObjData.py
Symlinking /home/himaet23/EwasteNonDestructiveDisassembly/devel/lib/python3/dist-packages/abb_rapid_msgs/msg/_WObjData.pyi
Symlinking /home/himaet23/EwasteNonDestructiveDisassembly/devel/lib/python3/dist-packages/abb_rapid_msgs/msg/_Pos.pyi
Symlinking /home/himaet23/EwasteNonDestructiveDisassembly/devel/lib/python3/dist-packages/abb_rapid_msgs/msg/__init__.pyi
Symlinking /home/himaet23/EwasteNonDestructiveDisassembly/devel/lib/python3/dist-packages/abb_rapid_msgs/msg/_ConfData.py
Symlinking /home/himaet23/EwasteNonDestructiveDisassembly/devel/lib/python3/dist-packages/abb_rapid_msgs/msg/_RobJoint.py
Symlinking /home/himaet23/EwasteNonDestructiveDisassembly/devel/lib/python3/dist-packages/abb_rapid_msgs/msg/_Pose.pyi
Symlinking /home/himaet23/EwasteNonDestructiveDisassembly/devel/lib/python3/dist-packages/abb_rapid_msgs/msg/_Orient.py
Symlinking /home/himaet23/EwasteNonDestructiveDisassembly/devel/lib/python3/dist-packages/abb_rapid_msgs/msg/_ToolData.py
Symlinking /home/himaet23/EwasteNonDestructiveDisassembly/devel/lib/python3/dist-packages/abb_rapid_msgs/msg/_RobTarget.py
