[  0%] Built target _abb_rapid_msgs_generate_messages_check_deps_WObjData
[  0%] Built target _abb_rapid_msgs_generate_messages_check_deps_ConfData
[  0%] Built target _abb_rapid_msgs_generate_messages_check_deps_ExtJoint
[  0%] Built target _abb_rapid_msgs_generate_messages_check_deps_JointTarget
[  0%] Built target _abb_rapid_msgs_generate_messages_check_deps_LoadData
[  0%] Built target _abb_rapid_msgs_generate_messages_check_deps_Orient
[  0%] Built target _abb_rapid_msgs_generate_messages_check_deps_Pos
[  0%] Built target _abb_rapid_msgs_generate_messages_check_deps_RobJoint
[  0%] Built target _abb_rapid_msgs_generate_messages_check_deps_Pose
[  0%] Built target _abb_rapid_msgs_generate_messages_check_deps_ToolData
[  0%] Built target _abb_rapid_msgs_generate_messages_check_deps_RobTarget
[  1%] [34m[1mGenerating Python from MSG abb_rapid_msgs/ConfData[0m
[  3%] [34m[1mGenerating Python from MSG abb_rapid_msgs/ExtJoint[0m
[  5%] [34m[1mGenerating Python from MSG abb_rapid_msgs/JointTarget[0m
[  7%] [34m[1mGenerating Python from MSG abb_rapid_msgs/LoadData[0m
[  8%] [34m[1mGenerating Python from MSG abb_rapid_msgs/Orient[0m
[ 10%] [34m[1mGenerating Python from MSG abb_rapid_msgs/Pos[0m
[ 12%] [34m[1mGenerating Python from MSG abb_rapid_msgs/Pose[0m
[ 14%] [34m[1mGenerating Python from MSG abb_rapid_msgs/RobJoint[0m
[ 15%] [34m[1mGenerating Python from MSG abb_rapid_msgs/RobTarget[0m
[ 17%] [34m[1mGenerating Python from MSG abb_rapid_msgs/ToolData[0m
[ 19%] [34m[1mGenerating Python from MSG abb_rapid_msgs/WObjData[0m
[ 21%] [34m[1mGenerating Python msg __init__.py for abb_rapid_msgs[0m
[ 21%] Built target abb_rapid_msgs_generate_messages_py
[ 22%] [34m[1mGenerating C++ code from abb_rapid_msgs/ConfData.msg[0m
[ 24%] [34m[1mGenerating C++ code from abb_rapid_msgs/ExtJoint.msg[0m
[ 26%] [34m[1mGenerating C++ code from abb_rapid_msgs/JointTarget.msg[0m
[ 28%] [34m[1mGenerating C++ code from abb_rapid_msgs/LoadData.msg[0m
[ 29%] [34m[1mGenerating C++ code from abb_rapid_msgs/Orient.msg[0m
[ 31%] [34m[1mGenerating C++ code from abb_rapid_msgs/Pos.msg[0m
[ 33%] [34m[1mGenerating C++ code from abb_rapid_msgs/Pose.msg[0m
[ 35%] [34m[1mGenerating C++ code from abb_rapid_msgs/RobJoint.msg[0m
[ 36%] [34m[1mGenerating EusLisp code from abb_rapid_msgs/ConfData.msg[0m
[ 38%] [34m[1mGenerating EusLisp code from abb_rapid_msgs/ExtJoint.msg[0m
[ 40%] [34m[1mGenerating C++ code from abb_rapid_msgs/RobTarget.msg[0m
[ 42%] [34m[1mGenerating EusLisp code from abb_rapid_msgs/JointTarget.msg[0m
[ 43%] [34m[1mGenerating C++ code from abb_rapid_msgs/ToolData.msg[0m
[ 45%] [34m[1mGenerating EusLisp code from abb_rapid_msgs/LoadData.msg[0m
[ 47%] [34m[1mGenerating EusLisp code from abb_rapid_msgs/Orient.msg[0m
[ 49%] [34m[1mGenerating EusLisp code from abb_rapid_msgs/Pos.msg[0m
[ 50%] [34m[1mGenerating EusLisp code from abb_rapid_msgs/Pose.msg[0m
[ 52%] [34m[1mGenerating C++ code from abb_rapid_msgs/WObjData.msg[0m
[ 54%] [34m[1mGenerating EusLisp code from abb_rapid_msgs/RobJoint.msg[0m
[ 56%] [34m[1mGenerating EusLisp code from abb_rapid_msgs/RobTarget.msg[0m
[ 56%] Built target abb_rapid_msgs_generate_messages_cpp
[ 57%] [34m[1mGenerating Lisp code from abb_rapid_msgs/ConfData.msg[0m
[ 59%] [34m[1mGenerating Lisp code from abb_rapid_msgs/ExtJoint.msg[0m
[ 61%] [34m[1mGenerating EusLisp code from abb_rapid_msgs/ToolData.msg[0m
[ 63%] [34m[1mGenerating Lisp code from abb_rapid_msgs/JointTarget.msg[0m
[ 64%] [34m[1mGenerating Lisp code from abb_rapid_msgs/LoadData.msg[0m
[ 66%] [34m[1mGenerating EusLisp code from abb_rapid_msgs/WObjData.msg[0m
[ 68%] [34m[1mGenerating Lisp code from abb_rapid_msgs/Orient.msg[0m
[ 70%] [34m[1mGenerating Lisp code from abb_rapid_msgs/Pos.msg[0m
[ 71%] [34m[1mGenerating Lisp code from abb_rapid_msgs/Pose.msg[0m
[ 73%] [34m[1mGenerating EusLisp manifest code for abb_rapid_msgs[0m
[ 75%] [34m[1mGenerating Lisp code from abb_rapid_msgs/RobJoint.msg[0m
[ 77%] [34m[1mGenerating Javascript code from abb_rapid_msgs/ConfData.msg[0m
WARNING: Package name "CentralNode" does not follow the naming conventions. It should start with a lower case letter and only contain lower case letters, digits, underscores, and dashes.
WARNING: Package name "HardwareLevel" does not follow the naming conventions. It should start with a lower case letter and only contain lower case letters, digits, underscores, and dashes.
WARNING: Package name "checkMotors" does not follow the naming conventions. It should start with a lower case letter and only contain lower case letters, digits, underscores, and dashes.
[ 78%] [34m[1mGenerating Lisp code from abb_rapid_msgs/RobTarget.msg[0m
[ 80%] [34m[1mGenerating Javascript code from abb_rapid_msgs/ExtJoint.msg[0m
[ 82%] [34m[1mGenerating Lisp code from abb_rapid_msgs/ToolData.msg[0m
[ 84%] [34m[1mGenerating Javascript code from abb_rapid_msgs/JointTarget.msg[0m
[ 85%] [34m[1mGenerating Lisp code from abb_rapid_msgs/WObjData.msg[0m
[ 87%] [34m[1mGenerating Javascript code from abb_rapid_msgs/LoadData.msg[0m
[ 87%] Built target abb_rapid_msgs_generate_messages_lisp
[ 89%] [34m[1mGenerating Javascript code from abb_rapid_msgs/Orient.msg[0m
WARNING: Package name "CentralNode" does not follow the naming conventions. It should start with a lower case letter and only contain lower case letters, digits, underscores, and dashes.
WARNING: Package name "HardwareLevel" does not follow the naming conventions. It should start with a lower case letter and only contain lower case letters, digits, underscores, and dashes.
WARNING: Package name "checkMotors" does not follow the naming conventions. It should start with a lower case letter and only contain lower case letters, digits, underscores, and dashes.
[ 91%] [34m[1mGenerating Javascript code from abb_rapid_msgs/Pos.msg[0m
[ 92%] [34m[1mGenerating Javascript code from abb_rapid_msgs/Pose.msg[0m
[ 94%] [34m[1mGenerating Javascript code from abb_rapid_msgs/RobJoint.msg[0m
[ 94%] Built target abb_rapid_msgs_generate_messages_eus
[ 96%] [34m[1mGenerating Javascript code from abb_rapid_msgs/RobTarget.msg[0m
[ 98%] [34m[1mGenerating Javascript code from abb_rapid_msgs/ToolData.msg[0m
[100%] [34m[1mGenerating Javascript code from abb_rapid_msgs/WObjData.msg[0m
[100%] Built target abb_rapid_msgs_generate_messages_nodejs
[100%] Built target abb_rapid_msgs_generate_messages
